1746124484.972	action	1345	0	0	0	0	0	0	0	0	200
1746124484.982	action	761	0	0	0	0	0	0	0	0	200
1746124484.993	action	949	0	0	0	0	0	0	0	0	200
1746124485.003	action	568	0	0	0	0	0	0	0	0	200
1746124485.013	action	643	0	0	0	0	0	0	0	0	200
1746124485.023	action	509	0	0	0	0	0	0	0	0	200
1746124485.033	action	586	0	0	0	0	0	0	0	0	200
1746124485.043	action	564	0	0	0	0	0	0	0	0	200
1746124485.053	action	553	0	0	0	0	0	0	0	0	200
1746124485.063	action	695	0	0	0	0	0	0	0	0	200
1746124485.073	action	605	0	0	0	0	0	0	0	0	200
1746124485.083	action	425	0	0	0	0	0	0	0	0	200
1746124485.093	action	560	0	0	0	0	0	0	0	0	200
1746124485.103	action	1038	0	0	0	0	0	0	0	0	200
1746124485.113	action	807	0	0	0	0	0	0	0	0	200
1746124485.123	action	518	0	0	0	0	0	0	0	0	200
1746124485.133	action	770	0	0	0	0	0	0	0	0	200
1746124485.143	action	1240	0	0	0	0	0	0	0	0	200
1746124485.153	action	659	0	0	0	0	0	0	0	0	200
1746124485.163	action	786	0	0	0	0	0	0	0	0	200
1746124485.173	action	677	0	0	0	0	0	0	0	0	200
1746124485.183	action	620	0	0	0	0	0	0	0	0	200
1746124485.193	action	909	0	0	0	0	0	0	0	0	200
1746124485.203	action	535	0	0	0	0	0	0	0	0	200
1746124485.213	action	586	0	0	0	0	0	0	0	0	200
1746124485.223	action	902	0	0	0	0	0	0	0	0	200
1746124485.233	action	765	0	0	0	0	0	0	0	0	200
1746124485.243	action	764	0	0	0	0	0	0	0	0	200
1746124485.253	action	378	0	0	0	0	0	0	0	0	200
1746124485.263	action	713	0	0	0	0	0	0	0	0	200
1746124485.273	action	432	0	0	0	0	0	0	0	0	200
1746124485.283	action	815	0	0	0	0	0	0	0	0	200
1746124485.293	action	933	0	0	0	0	0	0	0	0	200
1746124485.303	action	672	0	0	0	0	0	0	0	0	200
1746124485.313	action	671	0	0	0	0	0	0	0	0	200
1746124485.323	action	521	0	0	0	0	0	0	0	0	200
1746124485.333	action	605	0	0	0	0	0	0	0	0	200
1746124485.343	action	903	0	0	0	0	0	0	0	0	200
1746124485.353	action	458	0	0	0	0	0	0	0	0	200
1746124485.363	action	616	0	0	0	0	0	0	0	0	200
1746124485.373	action	459	0	0	0	0	0	0	0	0	200
1746124485.383	action	634	0	0	0	0	0	0	0	0	200
1746124485.393	action	907	0	0	0	0	0	0	0	0	200
1746124485.403	action	535	0	0	0	0	0	0	0	0	200
1746124485.413	action	654	0	0	0	0	0	0	0	0	200
1746124485.423	action	800	0	0	0	0	0	0	0	0	200
1746124485.433	action	771	0	0	0	0	0	0	0	0	200
1746124485.443	action	798	0	0	0	0	0	0	0	0	200
1746124485.453	action	544	0	0	0	0	0	0	0	0	200
1746124485.463	action	582	0	0	0	0	0	0	0	0	200
1746124485.473	action	560	0	0	0	0	0	0	0	0	200
1746124485.483	action	987	0	0	0	0	0	0	0	0	200
1746124485.493	action	1077	0	0	0	0	0	0	0	0	200
1746124485.503	action	1257	0	0	0	0	0	0	0	0	200
1746124485.513	action	803	0	0	0	0	0	0	0	0	200
1746124485.523	action	395	0	0	0	0	0	0	0	0	200
1746124485.533	action	907	0	0	0	0	0	0	0	0	200
1746124485.543	action	706	0	0	0	0	0	0	0	0	200
1746124485.553	action	521	0	0	0	0	0	0	0	0	200
1746124485.563	action	717	0	0	0	0	0	0	0	0	200
1746124485.573	action	680	0	0	0	0	0	0	0	0	200
1746124485.583	action	599	0	0	0	0	0	0	0	0	200
1746124485.593	action	823	0	0	0	0	0	0	0	0	200
1746124485.603	action	779	0	0	0	0	0	0	0	0	200
1746124485.613	action	723	0	0	0	0	0	0	0	0	200
1746124485.623	action	507	0	0	0	0	0	0	0	0	200
1746124485.633	action	1033	0	0	0	0	0	0	0	0	200
1746124485.643	action	869	0	0	0	0	0	0	0	0	200
1746124485.653	action	921	0	0	0	0	0	0	0	0	200
1746124485.663	action	1002	0	0	0	0	0	0	0	0	200
1746124485.673	action	471	0	0	0	0	0	0	0	0	200
1746124485.683	action	887	0	0	0	0	0	0	0	0	200
1746124485.693	action	1345	0	0	0	0	0	0	0	0	200
1746124485.704	action	1789	0	0	0	0	0	0	0	0	200
1746124485.713	action	1396	0	0	0	0	0	0	0	0	200
1746124485.723	action	821	0	0	0	0	0	0	0	0	200
1746124485.733	action	1415	0	0	0	0	0	0	0	0	200
1746124485.743	action	784	0	0	0	0	0	0	0	0	200
1746124485.753	action	545	0	0	0	0	0	0	0	0	200
1746124485.763	action	568	0	0	0	0	0	0	0	0	200
1746124485.773	action	669	0	0	0	0	0	0	0	0	200
1746124485.782	action	787	0	0	0	0	0	0	0	0	200
1746124485.793	action	906	0	0	0	0	0	0	0	0	200
1746124485.803	action	578	0	0	0	0	0	0	0	0	200
1746124485.813	action	932	0	0	0	0	0	0	0	0	200
1746124485.823	action	501	0	0	0	0	0	0	0	0	200
1746124485.833	action	817	0	0	0	0	0	0	0	0	200
1746124485.843	action	677	0	0	0	0	0	0	0	0	200
1746124485.853	action	698	0	0	0	0	0	0	0	0	200
1746124485.863	action	797	0	0	0	0	0	0	0	0	200
1746124485.872	action	503	0	0	0	0	0	0	0	0	200
1746124485.883	action	559	0	0	0	0	0	0	0	0	200
1746124485.893	action	894	0	0	0	0	0	0	0	0	200
1746124485.903	action	518	0	0	0	0	0	0	0	0	200
1746124485.913	action	557	0	0	0	0	0	0	0	0	200
1746124485.923	action	527	0	0	0	0	0	0	0	0	200
1746124485.933	action	556	0	0	0	0	0	0	0	0	200
1746124485.943	action	711	0	0	0	0	0	0	0	0	200
1746124485.953	action	553	0	0	0	0	0	0	0	0	200
1746124485.963	action	512	0	0	0	0	0	0	0	0	200
1746124485.972	action	672	0	0	0	0	0	0	0	0	200
1746124485.983	action	547	0	0	0	0	0	0	0	0	200
1746124485.993	action	776	0	0	0	0	0	0	0	0	200
1746124486.003	action	566	0	0	0	0	0	0	0	0	200
1746124486.013	action	935	0	0	0	0	0	0	0	0	200
1746124486.023	action	545	0	0	0	0	0	0	0	0	200
1746124486.033	action	537	0	0	0	0	0	0	0	0	200
1746124486.043	action	965	0	0	0	0	0	0	0	0	200
1746124486.053	action	896	0	0	0	0	0	0	0	0	200
1746124486.063	action	629	0	0	0	0	0	0	0	0	200
1746124486.073	action	983	0	0	0	0	0	0	0	0	200
1746124486.083	action	600	0	0	0	0	0	0	0	0	200
1746124486.093	action	1399	0	0	0	0	0	0	0	0	200
1746124486.103	action	859	0	0	0	0	0	0	0	0	200
1746124486.113	action	670	0	0	0	0	0	0	0	0	200
1746124486.123	action	594	0	0	0	0	0	0	0	0	200
1746124486.133	action	1165	0	0	0	0	0	0	0	0	200
1746124486.143	action	812	0	0	0	0	0	0	0	0	200
1746124486.153	action	565	0	0	0	0	0	0	0	0	200
1746124486.163	action	603	0	0	0	0	0	0	0	0	200
1746124486.173	action	840	0	0	0	0	0	0	0	0	200
1746124486.183	action	647	0	0	0	0	0	0	0	0	200
1746124486.193	action	936	0	0	0	0	0	0	0	0	200
1746124486.203	action	560	0	0	0	0	0	0	0	0	200
1746124486.213	action	606	0	0	0	0	0	0	0	0	200
1746124486.223	action	579	0	0	0	0	0	0	0	0	200
1746124486.233	action	678	0	0	0	0	0	0	0	0	200
1746124486.243	action	976	0	0	0	0	0	0	0	0	200
1746124486.252	action	916	0	0	0	0	0	0	0	0	200
1746124486.263	action	730	0	0	0	0	0	0	0	0	200
1746124486.273	action	774	0	0	0	0	0	0	0	0	200
1746124486.283	action	841	0	0	0	0	0	0	0	0	200
1746124486.293	action	2054	0	0	0	0	0	0	0	0	200
1746124486.303	action	984	0	0	0	0	0	0	0	0	200
1746124486.312	action	795	0	0	0	0	0	0	0	0	200
1746124486.323	action	1336	0	0	0	0	0	0	0	0	200
1746124486.333	action	1383	0	0	0	0	0	0	0	0	200
1746124486.343	action	1435	0	0	0	0	0	0	0	0	200
1746124486.353	action	1107	0	0	0	0	0	0	0	0	200
1746124486.362	action	1062	0	0	0	0	0	0	0	0	200
1746124486.373	action	1541	0	0	0	0	0	0	0	0	200
1746124486.383	action	471	0	0	0	0	0	0	0	0	200
1746124486.393	action	725	0	0	0	0	0	0	0	0	200
1746124486.403	action	1016	0	0	0	0	0	0	0	0	200
1746124486.413	action	578	0	0	0	0	0	0	0	0	200
1746124486.423	action	553	0	0	0	0	0	0	0	0	200
1746124486.433	action	734	0	0	0	0	0	0	0	0	200
1746124486.443	action	983	0	0	0	0	0	0	0	0	200
1746124486.453	action	524	0	0	0	0	0	0	0	0	200
1746124486.463	action	746	0	0	0	0	0	0	0	0	200
1746124486.473	action	582	0	0	0	0	0	0	0	0	200
1746124486.482	action	1389	0	0	0	0	0	0	0	0	200
1746124486.493	action	796	0	0	0	0	0	0	0	0	200
1746124486.503	action	554	0	0	0	0	0	0	0	0	200
1746124486.513	action	534	0	0	0	0	0	0	0	0	200
1746124486.523	action	679	0	0	0	0	0	0	0	0	200
1746124486.533	action	876	0	0	0	0	0	0	0	0	200
1746124486.543	action	752	0	0	0	0	0	0	0	0	200
1746124486.553	action	549	0	0	0	0	0	0	0	0	200
1746124486.563	action	572	0	0	0	0	0	0	0	0	200
1746124486.573	action	533	0	0	0	0	0	0	0	0	200
1746124486.582	action	615	0	0	0	0	0	0	0	0	200
1746124486.593	action	831	0	0	0	0	0	0	0	0	200
1746124486.602	action	1023	0	0	0	0	0	0	0	0	200
1746124486.613	action	647	0	0	0	0	0	0	0	0	200
1746124486.623	action	552	0	0	0	0	0	0	0	0	200
1746124486.633	action	568	0	0	0	0	0	0	0	0	200
1746124486.643	action	1157	0	0	0	0	0	0	0	0	200
1746124486.653	action	513	0	0	0	0	0	0	0	0	200
1746124486.663	action	679	0	0	0	0	0	0	0	0	200
1746124486.673	action	634	0	0	0	0	0	0	0	0	200
1746124486.683	action	1180	0	0	0	0	0	0	0	0	200
1746124486.693	action	767	0	0	0	0	0	0	0	0	200
1746124486.703	action	456	0	0	0	0	0	0	0	0	200
1746124486.713	action	609	0	0	0	0	0	0	0	0	200
1746124486.723	action	616	0	0	0	0	0	0	0	0	200
1746124486.733	action	812	0	0	0	0	0	0	0	0	200
1746124486.743	action	727	0	0	0	0	0	0	0	0	200
1746124486.753	action	551	0	0	0	0	0	0	0	0	200
1746124486.763	action	672	0	0	0	0	0	0	0	0	200
1746124486.773	action	511	0	0	0	0	0	0	0	0	200
1746124486.783	action	392	0	0	0	0	0	0	0	0	200
1746124486.793	action	808	0	0	0	0	0	0	0	0	200
1746124486.803	action	827	0	0	0	0	0	0	0	0	200
1746124486.813	action	570	0	0	0	0	0	0	0	0	200
1746124486.823	action	560	0	0	0	0	0	0	0	0	200
1746124486.833	action	625	0	0	0	0	0	0	0	0	200
1746124486.843	action	1199	0	0	0	0	0	0	0	0	200
1746124486.853	action	412	0	0	0	0	0	0	0	0	200
1746124486.863	action	666	0	0	0	0	0	0	0	0	200
1746124486.873	action	612	0	0	0	0	0	0	0	0	200
1746124486.883	action	1128	0	0	0	0	0	0	0	0	200
1746124486.893	action	836	0	0	0	0	0	0	0	0	200
1746124486.903	action	1161	0	0	0	0	0	0	0	0	200
1746124486.913	action	664	0	0	0	0	0	0	0	0	200
1746124486.923	action	660	0	0	0	0	0	0	0	0	200
1746124486.933	action	965	0	0	0	0	0	0	0	0	200
1746124486.943	action	916	0	0	0	0	0	0	0	0	200
1746124486.953	action	388	0	0	0	0	0	0	0	0	200
1746124486.963	action	1101	0	0	0	0	0	0	0	0	200
1746124486.972	action	583	0	0	0	0	0	0	0	0	200
1746124486.983	action	883	0	0	0	0	0	0	0	0	200
1746124486.993	action	667	0	0	0	0	0	0	0	0	200
1746124487.002	action	963	0	0	0	0	0	0	0	0	200
1746124487.013	action	719	0	0	0	0	0	0	0	0	200
1746124487.023	action	449	0	0	0	0	0	0	0	0	200
1746124487.033	action	592	0	0	0	0	0	0	0	0	200
1746124487.043	action	1050	0	0	0	0	0	0	0	0	200
1746124487.053	action	481	0	0	0	0	0	0	0	0	200
1746124487.063	action	560	0	0	0	0	0	0	0	0	200
1746124487.073	action	584	0	0	0	0	0	0	0	0	200
1746124487.083	action	1055	0	0	0	0	0	0	0	0	200
1746124487.093	action	758	0	0	0	0	0	0	0	0	200
1746124487.103	action	538	0	0	0	0	0	0	0	0	200
1746124487.113	action	553	0	0	0	0	0	0	0	0	200
1746124487.123	action	608	0	0	0	0	0	0	0	0	200
1746124487.133	action	1073	0	0	0	0	0	0	0	0	200
1746124487.143	action	836	0	0	0	0	0	0	0	0	200
1746124487.153	action	836	0	0	0	0	0	0	0	0	200
1746124487.163	action	571	0	0	0	0	0	0	0	0	200
1746124487.172	action	817	0	0	0	0	0	0	0	0	200
1746124487.183	action	425	0	0	0	0	0	0	0	0	200
1746124487.193	action	849	0	0	0	0	0	0	0	0	200
1746124487.203	action	859	0	0	0	0	0	0	0	0	200
1746124487.213	action	610	0	0	0	0	0	0	0	0	200
1746124487.223	action	527	0	0	0	0	0	0	0	0	200
1746124487.233	action	636	0	0	0	0	0	0	0	0	200
1746124487.243	action	1346	0	0	0	0	0	0	0	0	200
1746124487.253	action	1352	0	0	0	0	0	0	0	0	200
1746124487.263	action	1006	0	0	0	0	0	0	0	0	200
1746124487.273	action	555	0	0	0	0	0	0	0	0	200
1746124487.283	action	986	0	0	0	0	0	0	0	0	200
1746124487.293	action	664	0	0	0	0	0	0	0	0	200
1746124487.303	action	677	0	0	0	0	0	0	0	0	200
1746124487.313	action	903	0	0	0	0	0	0	0	0	200
1746124487.323	action	1502	0	0	0	0	0	0	0	0	200
1746124487.333	action	926	0	0	0	0	0	0	0	0	200
1746124487.343	action	1183	0	0	0	0	0	0	0	0	200
1746124487.353	action	802	0	0	0	0	0	0	0	0	200
1746124487.363	action	1522	0	0	0	0	0	0	0	0	200
1746124487.373	action	1125	0	0	0	0	0	0	0	0	200
1746124487.383	action	1073	0	0	0	0	0	0	0	0	200
1746124487.393	action	774	0	0	0	0	0	0	0	0	200
1746124487.403	action	1003	0	0	0	0	0	0	0	0	200
1746124487.413	action	1192	0	0	0	0	0	0	0	0	200
1746124487.423	action	707	0	0	0	0	0	0	0	0	200
1746124487.433	action	886	0	0	0	0	0	0	0	0	200
1746124487.443	action	2474	0	0	0	0	0	0	0	0	200
1746124487.453	action	436	0	0	0	0	0	0	0	0	200
1746124487.463	action	1107	0	0	0	0	0	0	0	0	200
1746124487.473	action	701	0	0	0	0	0	0	0	0	200
1746124487.483	action	1310	0	0	0	0	0	0	0	0	200
1746124487.493	action	702	0	0	0	0	0	0	0	0	200
1746124487.503	action	421	0	0	0	0	0	0	0	0	200
1746124487.513	action	705	0	0	0	0	0	0	0	0	200
1746124487.523	action	1171	0	0	0	0	0	0	0	0	200
1746124487.533	action	1206	0	0	0	0	0	0	0	0	200
1746124487.543	action	817	0	0	0	0	0	0	0	0	200
1746124487.553	action	920	0	0	0	0	0	0	0	0	200
1746124487.563	action	1312	0	0	0	0	0	0	0	0	200
1746124487.573	action	516	0	0	0	0	0	0	0	0	200
1746124487.583	action	715	0	0	0	0	0	0	0	0	200
1746124487.593	action	780	0	0	0	0	0	0	0	0	200
1746124487.603	action	1122	0	0	0	0	0	0	0	0	200
1746124487.613	action	569	0	0	0	0	0	0	0	0	200
1746124487.623	action	480	0	0	0	0	0	0	0	0	200
1746124487.633	action	614	0	0	0	0	0	0	0	0	200
1746124487.643	action	886	0	0	0	0	0	0	0	0	200
1746124487.653	action	519	0	0	0	0	0	0	0	0	200
1746124487.663	action	696	0	0	0	0	0	0	0	0	200
1746124487.673	action	470	0	0	0	0	0	0	0	0	200
1746124487.683	action	1299	0	0	0	0	0	0	0	0	200
1746124487.693	action	631	0	0	0	0	0	0	0	0	200
1746124487.703	action	953	0	0	0	0	0	0	0	0	200
1746124487.713	action	841	0	0	0	0	0	0	0	0	200
1746124487.723	action	615	0	0	0	0	0	0	0	0	200
1746124487.733	action	907	0	0	0	0	0	0	0	0	200
1746124487.743	action	762	0	0	0	0	0	0	0	0	200
1746124487.753	action	559	0	0	0	0	0	0	0	0	200
1746124487.763	action	2220	0	0	0	0	0	0	0	0	200
1746124487.773	action	486	0	0	0	0	0	0	0	0	200
1746124487.782	action	420	0	0	0	0	0	0	0	0	200
1746124487.793	action	1089	0	0	0	0	0	0	0	0	200
1746124487.803	action	1039	0	0	0	0	0	0	0	0	200
1746124487.813	action	840	0	0	0	0	0	0	0	0	200
1746124487.823	action	589	0	0	0	0	0	0	0	0	200
1746124487.833	action	552	0	0	0	0	0	0	0	0	200
1746124487.843	action	856	0	0	0	0	0	0	0	0	200
1746124487.853	action	517	0	0	0	0	0	0	0	0	200
1746124487.863	action	547	0	0	0	0	0	0	0	0	200
1746124487.873	action	589	0	0	0	0	0	0	0	0	200
1746124487.883	action	1159	0	0	0	0	0	0	0	0	200
1746124487.893	action	1008	0	0	0	0	0	0	0	0	200
1746124487.903	action	617	0	0	0	0	0	0	0	0	200
1746124487.913	action	567	0	0	0	0	0	0	0	0	200
1746124487.923	action	762	0	0	0	0	0	0	0	0	200
1746124487.933	action	834	0	0	0	0	0	0	0	0	200
1746124487.943	action	797	0	0	0	0	0	0	0	0	200
1746124487.953	action	570	0	0	0	0	0	0	0	0	200
1746124487.963	action	811	0	0	0	0	0	0	0	0	200
1746124487.972	action	518	0	0	0	0	0	0	0	0	200
1746124487.983	action	547	0	0	0	0	0	0	0	0	200
1746124487.993	action	879	0	0	0	0	0	0	0	0	200
1746124488.003	action	769	0	0	0	0	0	0	0	0	200
1746124488.013	action	731	0	0	0	0	0	0	0	0	200
1746124488.023	action	475	0	0	0	0	0	0	0	0	200
1746124488.033	action	1015	0	0	0	0	0	0	0	0	200
1746124488.043	action	2353	0	0	0	0	0	0	0	0	200
1746124488.053	action	601	0	0	0	0	0	0	0	0	200
1746124488.063	action	1344	0	0	0	0	0	0	0	0	200
1746124488.077	action	4830	0	0	0	0	0	0	0	0	200
1746124488.083	action	1356	0	0	0	0	0	0	0	0	200
1746124488.093	action	817	0	0	0	0	0	0	0	0	200
1746124488.103	action	976	0	0	0	0	0	0	0	0	200
1746124488.113	action	633	0	0	0	0	0	0	0	0	200
1746124488.123	action	1120	0	0	0	0	0	0	0	0	200
1746124488.133	action	796	0	0	0	0	0	0	0	0	200
1746124488.143	action	1125	0	0	0	0	0	0	0	0	200
1746124488.153	action	978	0	0	0	0	0	0	0	0	200
1746124488.163	action	1289	0	0	0	0	0	0	0	0	200
1746124488.173	action	780	0	0	0	0	0	0	0	0	200
1746124488.183	action	967	0	0	0	0	0	0	0	0	200
1746124488.192	action	942	0	0	0	0	0	0	0	0	200
1746124488.203	action	1568	0	0	0	0	0	0	0	0	200
1746124488.213	action	1001	0	0	0	0	0	0	0	0	200
1746124488.223	action	554	0	0	0	0	0	0	0	0	200
1746124488.233	action	618	0	0	0	0	0	0	0	0	200
1746124488.243	action	986	0	0	0	0	0	0	0	0	200
1746124488.253	action	543	0	0	0	0	0	0	0	0	200
1746124488.262	action	805	0	0	0	0	0	0	0	0	200
1746124488.273	action	759	0	0	0	0	0	0	0	0	200
1746124488.283	action	1349	0	0	0	0	0	0	0	0	200
1746124488.293	action	966	0	0	0	0	0	0	0	0	200
1746124488.303	action	724	0	0	0	0	0	0	0	0	200
1746124488.313	action	707	0	0	0	0	0	0	0	0	200
1746124488.323	action	1819	0	0	0	0	0	0	0	0	200
1746124488.333	action	531	0	0	0	0	0	0	0	0	200
1746124488.343	action	1411	0	0	0	0	0	0	0	0	200
1746124488.353	action	1083	0	0	0	0	0	0	0	0	200
1746124488.363	action	1186	0	0	0	0	0	0	0	0	200
1746124488.373	action	488	0	0	0	0	0	0	0	0	200
1746124488.383	action	558	0	0	0	0	0	0	0	0	200
1746124488.393	action	849	0	0	0	0	0	0	0	0	200
1746124488.403	action	1262	0	0	0	0	0	0	0	0	200
1746124488.413	action	825	0	0	0	0	0	0	0	0	200
1746124488.423	action	579	0	0	0	0	0	0	0	0	200
1746124488.433	action	460	0	0	0	0	0	0	0	0	200
1746124488.443	action	975	0	0	0	0	0	0	0	0	200
1746124488.453	action	574	0	0	0	0	0	0	0	0	200
1746124488.462	action	958	0	0	0	0	0	0	0	0	200
1746124488.473	action	806	0	0	0	0	0	0	0	0	200
1746124488.483	action	853	0	0	0	0	0	0	0	0	200
1746124488.493	action	982	0	0	0	0	0	0	0	0	200
1746124488.503	action	556	0	0	0	0	0	0	0	0	200
1746124488.513	action	573	0	0	0	0	0	0	0	0	200
1746124488.523	action	1173	0	0	0	0	0	0	0	0	200
1746124488.533	action	611	0	0	0	0	0	0	0	0	200
1746124488.543	action	836	0	0	0	0	0	0	0	0	200
1746124488.553	action	597	0	0	0	0	0	0	0	0	200
1746124488.563	action	1052	0	0	0	0	0	0	0	0	200
1746124488.573	action	573	0	0	0	0	0	0	0	0	200
1746124488.583	action	1262	0	0	0	0	0	0	0	0	200
1746124488.593	action	1659	0	0	0	0	0	0	0	0	200
1746124488.602	action	764	0	0	0	0	0	0	0	0	200
1746124488.612	action	763	0	0	0	0	0	0	0	0	200
1746124488.623	action	578	0	0	0	0	0	0	0	0	200
1746124488.633	action	674	0	0	0	0	0	0	0	0	200
1746124488.643	action	1309	0	0	0	0	0	0	0	0	200
1746124488.653	action	557	0	0	0	0	0	0	0	0	200
1746124488.663	action	428	0	0	0	0	0	0	0	0	200
1746124488.673	action	470	0	0	0	0	0	0	0	0	200
1746124488.683	action	1086	0	0	0	0	0	0	0	0	200
1746124488.693	action	741	0	0	0	0	0	0	0	0	200
1746124488.703	action	452	0	0	0	0	0	0	0	0	200
1746124488.712	action	737	0	0	0	0	0	0	0	0	200
1746124488.723	action	1034	0	0	0	0	0	0	0	0	200
1746124488.733	action	778	0	0	0	0	0	0	0	0	200
1746124488.743	action	683	0	0	0	0	0	0	0	0	200
1746124488.753	action	598	0	0	0	0	0	0	0	0	200
1746124488.763	action	874	0	0	0	0	0	0	0	0	200
1746124488.773	action	519	0	0	0	0	0	0	0	0	200
1746124488.783	action	637	0	0	0	0	0	0	0	0	200
1746124488.793	action	915	0	0	0	0	0	0	0	0	200
1746124488.803	action	691	0	0	0	0	0	0	0	0	200
1746124488.813	action	436	0	0	0	0	0	0	0	0	200
1746124488.823	action	537	0	0	0	0	0	0	0	0	200
1746124488.833	action	503	0	0	0	0	0	0	0	0	200
1746124488.843	action	1062	0	0	0	0	0	0	0	0	200
1746124488.853	action	589	0	0	0	0	0	0	0	0	200
1746124488.863	action	535	0	0	0	0	0	0	0	0	200
1746124488.873	action	536	0	0	0	0	0	0	0	0	200
1746124488.883	action	688	0	0	0	0	0	0	0	0	200
1746124488.893	action	790	0	0	0	0	0	0	0	0	200
1746124488.903	action	415	0	0	0	0	0	0	0	0	200
1746124488.913	action	1211	0	0	0	0	0	0	0	0	200
1746124488.923	action	939	0	0	0	0	0	0	0	0	200
1746124488.933	action	945	0	0	0	0	0	0	0	0	200
1746124488.943	action	753	0	0	0	0	0	0	0	0	200
1746124488.953	action	431	0	0	0	0	0	0	0	0	200
1746124488.963	action	632	0	0	0	0	0	0	0	0	200
1746124488.972	action	527	0	0	0	0	0	0	0	0	200
1746124488.983	action	1171	0	0	0	0	0	0	0	0	200
1746124488.993	action	872	0	0	0	0	0	0	0	0	200
1746124489.003	action	730	0	0	0	0	0	0	0	0	200
1746124489.013	action	687	0	0	0	0	0	0	0	0	200
1746124489.023	action	595	0	0	0	0	0	0	0	0	200
1746124489.033	action	622	0	0	0	0	0	0	0	0	200
1746124489.043	action	971	0	0	0	0	0	0	0	0	200
1746124489.052	action	933	0	0	0	0	0	0	0	0	200
1746124489.063	action	756	0	0	0	0	0	0	0	0	200
1746124489.073	action	510	0	0	0	0	0	0	0	0	200
1746124489.082	action	757	0	0	0	0	0	0	0	0	200
1746124489.093	action	858	0	0	0	0	0	0	0	0	200
1746124489.103	action	536	0	0	0	0	0	0	0	0	200
1746124489.113	action	721	0	0	0	0	0	0	0	0	200
1746124489.123	action	967	0	0	0	0	0	0	0	0	200
1746124489.133	action	759	0	0	0	0	0	0	0	0	200
1746124489.143	action	843	0	0	0	0	0	0	0	0	200
1746124489.153	action	741	0	0	0	0	0	0	0	0	200
1746124489.163	action	800	0	0	0	0	0	0	0	0	200
1746124489.173	action	508	0	0	0	0	0	0	0	0	200
1746124489.182	action	609	0	0	0	0	0	0	0	0	200
1746124489.193	action	671	0	0	0	0	0	0	0	0	200
1746124489.203	action	981	0	0	0	0	0	0	0	0	200
1746124489.213	action	1173	0	0	0	0	0	0	0	0	200
1746124489.223	action	427	0	0	0	0	0	0	0	0	200
1746124489.233	action	759	0	0	0	0	0	0	0	0	200
1746124489.243	action	1119	0	0	0	0	0	0	0	0	200
1746124489.253	action	808	0	0	0	0	0	0	0	0	200
1746124489.263	action	801	0	0	0	0	0	0	0	0	200
1746124489.273	action	564	0	0	0	0	0	0	0	0	200
1746124489.283	action	955	0	0	0	0	0	0	0	0	200
1746124489.293	action	1078	0	0	0	0	0	0	0	0	200
1746124489.303	action	737	0	0	0	0	0	0	0	0	200
1746124489.313	action	750	0	0	0	0	0	0	0	0	200
1746124489.323	action	846	0	0	0	0	0	0	0	0	200
1746124489.333	action	737	0	0	0	0	0	0	0	0	200
1746124489.343	action	780	0	0	0	0	0	0	0	0	200
1746124489.353	action	758	0	0	0	0	0	0	0	0	200
1746124489.362	action	1210	0	0	0	0	0	0	0	0	200
1746124489.373	action	520	0	0	0	0	0	0	0	0	200
1746124489.383	action	1222	0	0	0	0	0	0	0	0	200
1746124489.393	action	849	0	0	0	0	0	0	0	0	200
1746124489.403	action	851	0	0	0	0	0	0	0	0	200
1746124489.413	action	793	0	0	0	0	0	0	0	0	200
1746124489.423	action	585	0	0	0	0	0	0	0	0	200
1746124489.433	action	629	0	0	0	0	0	0	0	0	200
1746124489.443	action	994	0	0	0	0	0	0	0	0	200
1746124489.453	action	862	0	0	0	0	0	0	0	0	200
1746124489.463	action	760	0	0	0	0	0	0	0	0	200
1746124489.473	action	587	0	0	0	0	0	0	0	0	200
1746124489.483	action	1374	0	0	0	0	0	0	0	0	200
1746124489.493	action	947	0	0	0	0	0	0	0	0	200
1746124489.503	action	473	0	0	0	0	0	0	0	0	200
1746124489.513	action	573	0	0	0	0	0	0	0	0	200
1746124489.523	action	669	0	0	0	0	0	0	0	0	200
1746124489.533	action	646	0	0	0	0	0	0	0	0	200
1746124489.543	action	920	0	0	0	0	0	0	0	0	200
1746124489.553	action	438	0	0	0	0	0	0	0	0	200
1746124489.563	action	644	0	0	0	0	0	0	0	0	200
1746124489.573	action	409	0	0	0	0	0	0	0	0	200
1746124489.583	action	666	0	0	0	0	0	0	0	0	200
1746124489.593	action	941	0	0	0	0	0	0	0	0	200
1746124489.603	action	572	0	0	0	0	0	0	0	0	200
1746124489.613	action	460	0	0	0	0	0	0	0	0	200
1746124489.623	action	415	0	0	0	0	0	0	0	0	200
1746124489.633	action	528	0	0	0	0	0	0	0	0	200
1746124489.643	action	750	0	0	0	0	0	0	0	0	200
1746124489.653	action	754	0	0	0	0	0	0	0	0	200
1746124489.662	action	1571	0	0	0	0	0	0	0	0	200
1746124489.673	action	1117	0	0	0	0	0	0	0	0	200
1746124489.683	action	1405	0	0	0	0	0	0	0	0	200
1746124489.693	action	1441	0	0	0	0	0	0	0	0	200
1746124489.703	action	1112	0	0	0	0	0	0	0	0	200
1746124489.713	action	900	0	0	0	0	0	0	0	0	200
1746124489.723	action	681	0	0	0	0	0	0	0	0	200
1746124489.733	action	802	0	0	0	0	0	0	0	0	200
1746124489.743	action	790	0	0	0	0	0	0	0	0	200
1746124489.753	action	755	0	0	0	0	0	0	0	0	200
1746124489.763	action	1050	0	0	0	0	0	0	0	0	200
1746124489.773	action	594	0	0	0	0	0	0	0	0	200
1746124489.783	action	985	0	0	0	0	0	0	0	0	200
1746124489.793	action	868	0	0	0	0	0	0	0	0	200
1746124489.803	action	1148	0	0	0	0	0	0	0	0	200
1746124489.813	action	612	0	0	0	0	0	0	0	0	200
1746124489.823	action	627	0	0	0	0	0	0	0	0	200
1746124489.833	action	790	0	0	0	0	0	0	0	0	200
1746124489.843	action	906	0	0	0	0	0	0	0	0	200
1746124489.853	action	536	0	0	0	0	0	0	0	0	200
1746124489.863	action	489	0	0	0	0	0	0	0	0	200
1746124489.873	action	573	0	0	0	0	0	0	0	0	200
1746124489.883	action	903	0	0	0	0	0	0	0	0	200
1746124489.893	action	668	0	0	0	0	0	0	0	0	200
1746124489.903	action	427	0	0	0	0	0	0	0	0	200
1746124489.913	action	422	0	0	0	0	0	0	0	0	200
1746124489.923	action	578	0	0	0	0	0	0	0	0	200
1746124489.933	action	635	0	0	0	0	0	0	0	0	200
1746124489.943	action	833	0	0	0	0	0	0	0	0	200
1746124489.953	action	423	0	0	0	0	0	0	0	0	200
1746124489.963	action	954	0	0	0	0	0	0	0	0	200
1746124489.972	action	547	0	0	0	0	0	0	0	0	200
1746124489.983	action	753	0	0	0	0	0	0	0	0	200
1746124489.993	action	892	0	0	0	0	0	0	0	0	200
1746124490.003	action	664	0	0	0	0	0	0	0	0	200
1746124490.013	action	566	0	0	0	0	0	0	0	0	200
1746124490.023	action	586	0	0	0	0	0	0	0	0	200
1746124490.033	action	718	0	0	0	0	0	0	0	0	200
1746124490.043	action	868	0	0	0	0	0	0	0	0	200
1746124490.053	action	814	0	0	0	0	0	0	0	0	200
1746124490.063	action	771	0	0	0	0	0	0	0	0	200
1746124490.073	action	619	0	0	0	0	0	0	0	0	200
1746124490.083	action	888	0	0	0	0	0	0	0	0	200
1746124490.093	action	634	0	0	0	0	0	0	0	0	200
1746124490.103	action	578	0	0	0	0	0	0	0	0	200
1746124490.113	action	600	0	0	0	0	0	0	0	0	200
1746124490.123	action	808	0	0	0	0	0	0	0	0	200
1746124490.133	action	766	0	0	0	0	0	0	0	0	200
1746124490.143	action	783	0	0	0	0	0	0	0	0	200
1746124490.153	action	871	0	0	0	0	0	0	0	0	200
1746124490.163	action	1146	0	0	0	0	0	0	0	0	200
1746124490.173	action	672	0	0	0	0	0	0	0	0	200
1746124490.183	action	1237	0	0	0	0	0	0	0	0	200
1746124490.193	action	929	0	0	0	0	0	0	0	0	200
1746124490.203	action	1261	0	0	0	0	0	0	0	0	200
1746124490.213	action	698	0	0	0	0	0	0	0	0	200
1746124490.223	action	650	0	0	0	0	0	0	0	0	200
1746124490.233	action	813	0	0	0	0	0	0	0	0	200
1746124490.243	action	1030	0	0	0	0	0	0	0	0	200
1746124490.253	action	775	0	0	0	0	0	0	0	0	200
1746124490.262	action	905	0	0	0	0	0	0	0	0	200
1746124490.273	action	519	0	0	0	0	0	0	0	0	200
1746124490.283	action	1325	0	0	0	0	0	0	0	0	200
1746124490.293	action	834	0	0	0	0	0	0	0	0	200
1746124490.303	action	610	0	0	0	0	0	0	0	0	200
1746124490.313	action	648	0	0	0	0	0	0	0	0	200
1746124490.323	action	1077	0	0	0	0	0	0	0	0	200
1746124490.333	action	997	0	0	0	0	0	0	0	0	200
1746124490.343	action	1010	0	0	0	0	0	0	0	0	200
1746124490.353	action	1127	0	0	0	0	0	0	0	0	200
1746124490.363	action	644	0	0	0	0	0	0	0	0	200
1746124490.372	action	494	0	0	0	0	0	0	0	0	200
1746124490.383	action	599	0	0	0	0	0	0	0	0	200
1746124490.393	action	546	0	0	0	0	0	0	0	0	200
1746124490.403	action	725	0	0	0	0	0	0	0	0	200
1746124490.413	action	649	0	0	0	0	0	0	0	0	200
1746124490.423	action	541	0	0	0	0	0	0	0	0	200
1746124490.433	action	880	0	0	0	0	0	0	0	0	200
1746124490.443	action	902	0	0	0	0	0	0	0	0	200
1746124490.453	action	550	0	0	0	0	0	0	0	0	200
1746124490.463	action	715	0	0	0	0	0	0	0	0	200
1746124490.473	action	529	0	0	0	0	0	0	0	0	200
1746124490.483	action	931	0	0	0	0	0	0	0	0	200
1746124490.493	action	808	0	0	0	0	0	0	0	0	200
1746124490.503	action	543	0	0	0	0	0	0	0	0	200
1746124490.513	action	544	0	0	0	0	0	0	0	0	200
1746124490.523	action	756	0	0	0	0	0	0	0	0	200
1746124490.533	action	788	0	0	0	0	0	0	0	0	200
1746124490.543	action	811	0	0	0	0	0	0	0	0	200
1746124490.553	action	579	0	0	0	0	0	0	0	0	200
1746124490.563	action	837	0	0	0	0	0	0	0	0	200
1746124490.573	action	1800	0	0	0	0	0	0	0	0	200
1746124490.583	action	1424	0	0	0	0	0	0	0	0	200
1746124490.593	action	955	0	0	0	0	0	0	0	0	200
1746124490.603	action	687	0	0	0	0	0	0	0	0	200
1746124490.613	action	741	0	0	0	0	0	0	0	0	200
1746124490.623	action	440	0	0	0	0	0	0	0	0	200
1746124490.633	action	595	0	0	0	0	0	0	0	0	200
1746124490.643	action	1009	0	0	0	0	0	0	0	0	200
1746124490.653	action	508	0	0	0	0	0	0	0	0	200
1746124490.663	action	475	0	0	0	0	0	0	0	0	200
1746124490.673	action	924	0	0	0	0	0	0	0	0	200
1746124490.683	action	958	0	0	0	0	0	0	0	0	200
1746124490.693	action	807	0	0	0	0	0	0	0	0	200
1746124490.703	action	518	0	0	0	0	0	0	0	0	200
1746124490.713	action	1066	0	0	0	0	0	0	0	0	200
1746124490.723	action	583	0	0	0	0	0	0	0	0	200
1746124490.733	action	786	0	0	0	0	0	0	0	0	200
1746124490.743	action	1394	0	0	0	0	0	0	0	0	200
1746124490.753	action	1068	0	0	0	0	0	0	0	0	200
1746124490.763	action	654	0	0	0	0	0	0	0	0	200
1746124490.773	action	726	0	0	0	0	0	0	0	0	200
1746124490.783	action	1270	0	0	0	0	0	0	0	0	200
1746124490.793	action	974	0	0	0	0	0	0	0	0	200
1746124490.803	action	483	0	0	0	0	0	0	0	0	200
1746124490.813	action	1005	0	0	0	0	0	0	0	0	200
1746124490.823	action	1158	0	0	0	0	0	0	0	0	200
1746124490.833	action	806	0	0	0	0	0	0	0	0	200
1746124490.843	action	1816	0	0	0	0	0	0	0	0	200
1746124490.853	action	432	0	0	0	0	0	0	0	0	200
1746124490.863	action	841	0	0	0	0	0	0	0	0	200
1746124490.873	action	1352	0	0	0	0	0	0	0	0	200
1746124490.883	action	1132	0	0	0	0	0	0	0	0	200
1746124490.893	action	1102	0	0	0	0	0	0	0	0	200
1746124490.903	action	542	0	0	0	0	0	0	0	0	200
1746124490.913	action	724	0	0	0	0	0	0	0	0	200
1746124490.923	action	755	0	0	0	0	0	0	0	0	200
1746124490.933	action	860	0	0	0	0	0	0	0	0	200
1746124490.943	action	1470	0	0	0	0	0	0	0	0	200
1746124490.953	action	905	0	0	0	0	0	0	0	0	200
1746124490.963	action	872	0	0	0	0	0	0	0	0	200
1746124490.973	action	1105	0	0	0	0	0	0	0	0	200
1746124490.983	action	712	0	0	0	0	0	0	0	0	200
1746124490.993	action	1846	0	0	0	0	0	0	0	0	200
1746124491.003	action	1227	0	0	0	0	0	0	0	0	200
1746124491.013	action	1224	0	0	0	0	0	0	0	0	200
1746124491.023	action	574	0	0	0	0	0	0	0	0	200
1746124491.033	action	1262	0	0	0	0	0	0	0	0	200
1746124491.043	action	1525	0	0	0	0	0	0	0	0	200
1746124491.053	action	1176	0	0	0	0	0	0	0	0	200
1746124491.063	action	1336	0	0	0	0	0	0	0	0	200
1746124491.072	action	1214	0	0	0	0	0	0	0	0	200
1746124491.083	action	1909	0	0	0	0	0	0	0	0	200
1746124491.093	action	1554	0	0	0	0	0	0	0	0	200
1746124491.102	action	574	0	0	0	0	0	0	0	0	200
1746124491.113	action	610	0	0	0	0	0	0	0	0	200
1746124491.123	action	675	0	0	0	0	0	0	0	0	200
1746124491.133	action	604	0	0	0	0	0	0	0	0	200
1746124491.142	action	802	0	0	0	0	0	0	0	0	200
1746124491.153	action	563	0	0	0	0	0	0	0	0	200
1746124491.163	action	872	0	0	0	0	0	0	0	0	200
1746124491.173	action	470	0	0	0	0	0	0	0	0	200
1746124491.183	action	599	0	0	0	0	0	0	0	0	200
1746124491.193	action	912	0	0	0	0	0	0	0	0	200
1746124491.203	action	467	0	0	0	0	0	0	0	0	200
1746124491.213	action	517	0	0	0	0	0	0	0	0	200
1746124491.223	action	466	0	0	0	0	0	0	0	0	200
1746124491.233	action	1276	0	0	0	0	0	0	0	0	200
1746124491.243	action	1061	0	0	0	0	0	0	0	0	200
1746124491.253	action	550	0	0	0	0	0	0	0	0	200
1746124491.263	action	704	0	0	0	0	0	0	0	0	200
1746124491.273	action	648	0	0	0	0	0	0	0	0	200
1746124491.283	action	816	0	0	0	0	0	0	0	0	200
1746124491.293	action	908	0	0	0	0	0	0	0	0	200
1746124491.303	action	569	0	0	0	0	0	0	0	0	200
1746124491.313	action	634	0	0	0	0	0	0	0	0	200
1746124491.323	action	1284	0	0	0	0	0	0	0	0	200
1746124491.333	action	755	0	0	0	0	0	0	0	0	200
1746124491.343	action	1130	0	0	0	0	0	0	0	0	200
1746124491.353	action	1247	0	0	0	0	0	0	0	0	200
1746124491.363	action	1728	0	0	0	0	0	0	0	0	200
1746124491.373	action	1653	0	0	0	0	0	0	0	0	200
1746124491.383	action	997	0	0	0	0	0	0	0	0	200
1746124491.393	action	1592	0	0	0	0	0	0	0	0	200
1746124491.403	action	677	0	0	0	0	0	0	0	0	200
1746124491.413	action	552	0	0	0	0	0	0	0	0	200
1746124491.423	action	580	0	0	0	0	0	0	0	0	200
1746124491.433	action	616	0	0	0	0	0	0	0	0	200
1746124491.443	action	1310	0	0	0	0	0	0	0	0	200
1746124491.453	action	563	0	0	0	0	0	0	0	0	200
1746124491.463	action	603	0	0	0	0	0	0	0	0	200
1746124491.473	action	583	0	0	0	0	0	0	0	0	200
1746124491.483	action	1021	0	0	0	0	0	0	0	0	200
1746124491.493	action	742	0	0	0	0	0	0	0	0	200
1746124491.503	action	670	0	0	0	0	0	0	0	0	200
1746124491.513	action	773	0	0	0	0	0	0	0	0	200
1746124491.523	action	780	0	0	0	0	0	0	0	0	200
1746124491.533	action	646	0	0	0	0	0	0	0	0	200
1746124491.543	action	783	0	0	0	0	0	0	0	0	200
1746124491.553	action	569	0	0	0	0	0	0	0	0	200
1746124491.563	action	525	0	0	0	0	0	0	0	0	200
1746124491.573	action	549	0	0	0	0	0	0	0	0	200
1746124491.583	action	568	0	0	0	0	0	0	0	0	200
1746124491.593	action	906	0	0	0	0	0	0	0	0	200
1746124491.602	action	1075	0	0	0	0	0	0	0	0	200
1746124491.613	action	868	0	0	0	0	0	0	0	0	200
1746124491.623	action	715	0	0	0	0	0	0	0	0	200
1746124491.633	action	616	0	0	0	0	0	0	0	0	200
1746124491.643	action	1823	0	0	0	0	0	0	0	0	200
1746124491.653	action	1170	0	0	0	0	0	0	0	0	200
1746124491.663	action	729	0	0	0	0	0	0	0	0	200
1746124491.673	action	1292	0	0	0	0	0	0	0	0	200
1746124491.683	action	1773	0	0	0	0	0	0	0	0	200
1746124491.693	action	1494	0	0	0	0	0	0	0	0	200
1746124491.703	action	538	0	0	0	0	0	0	0	0	200
1746124491.713	action	1533	0	0	0	0	0	0	0	0	200
1746124491.723	action	1243	0	0	0	0	0	0	0	0	200
1746124491.733	action	691	0	0	0	0	0	0	0	0	200
1746124491.743	action	1497	0	0	0	0	0	0	0	0	200
1746124491.753	action	944	0	0	0	0	0	0	0	0	200
1746124491.763	action	842	0	0	0	0	0	0	0	0	200
1746124491.773	action	612	0	0	0	0	0	0	0	0	200
1746124491.783	action	683	0	0	0	0	0	0	0	0	200
1746124491.793	action	1215	0	0	0	0	0	0	0	0	200
1746124491.803	action	394	0	0	0	0	0	0	0	0	200
1746124491.813	action	395	0	0	0	0	0	0	0	0	200
1746124491.823	action	412	0	0	0	0	0	0	0	0	200
1746124491.833	action	741	0	0	0	0	0	0	0	0	200
1746124491.842	action	843	0	0	0	0	0	0	0	0	200
1746124491.853	action	457	0	0	0	0	0	0	0	0	200
1746124491.863	action	1014	0	0	0	0	0	0	0	0	200
1746124491.873	action	1034	0	0	0	0	0	0	0	0	200
1746124491.883	action	1084	0	0	0	0	0	0	0	0	200
1746124491.893	action	1303	0	0	0	0	0	0	0	0	200
1746124491.903	action	527	0	0	0	0	0	0	0	0	200
1746124491.913	action	792	0	0	0	0	0	0	0	0	200
1746124491.923	action	499	0	0	0	0	0	0	0	0	200
1746124491.933	action	689	0	0	0	0	0	0	0	0	200
1746124491.943	action	1424	0	0	0	0	0	0	0	0	200
1746124491.953	action	970	0	0	0	0	0	0	0	0	200
1746124491.963	action	477	0	0	0	0	0	0	0	0	200
1746124491.973	action	1173	0	0	0	0	0	0	0	0	200
1746124491.983	action	805	0	0	0	0	0	0	0	0	200
1746124491.993	action	1490	0	0	0	0	0	0	0	0	200
1746124492.003	action	527	0	0	0	0	0	0	0	0	200
1746124492.013	action	445	0	0	0	0	0	0	0	0	200
1746124492.023	action	649	0	0	0	0	0	0	0	0	200
1746124492.033	action	989	0	0	0	0	0	0	0	0	200
1746124492.043	action	767	0	0	0	0	0	0	0	0	200
1746124492.052	action	614	0	0	0	0	0	0	0	0	200
1746124492.063	action	966	0	0	0	0	0	0	0	0	200
1746124492.073	action	484	0	0	0	0	0	0	0	0	200
1746124492.083	action	583	0	0	0	0	0	0	0	0	200
1746124492.093	action	823	0	0	0	0	0	0	0	0	200
1746124492.103	action	910	0	0	0	0	0	0	0	0	200
1746124492.113	action	1199	0	0	0	0	0	0	0	0	200
1746124492.123	action	1153	0	0	0	0	0	0	0	0	200
1746124492.133	action	692	0	0	0	0	0	0	0	0	200
1746124492.143	action	2242	0	0	0	0	0	0	0	0	200
1746124492.153	action	1131	0	0	0	0	0	0	0	0	200
1746124492.163	action	715	0	0	0	0	0	0	0	0	200
1746124492.173	action	798	0	0	0	0	0	0	0	0	200
1746124492.183	action	1265	0	0	0	0	0	0	0	0	200
1746124492.193	action	1440	0	0	0	0	0	0	0	0	200
1746124492.203	action	1118	0	0	0	0	0	0	0	0	200
1746124492.213	action	496	0	0	0	0	0	0	0	0	200
1746124492.223	action	1720	0	0	0	0	0	0	0	0	200
1746124492.233	action	647	0	0	0	0	0	0	0	0	200
1746124492.243	action	980	0	0	0	0	0	0	0	0	200
1746124492.253	action	668	0	0	0	0	0	0	0	0	200
1746124492.262	action	1119	0	0	0	0	0	0	0	0	200
1746124492.273	action	430	0	0	0	0	0	0	0	0	200
1746124492.282	action	539	0	0	0	0	0	0	0	0	200
1746124492.293	action	836	0	0	0	0	0	0	0	0	200
1746124492.303	action	887	0	0	0	0	0	0	0	0	200
1746124492.313	action	638	0	0	0	0	0	0	0	0	200
1746124492.323	action	564	0	0	0	0	0	0	0	0	200
1746124492.333	action	1058	0	0	0	0	0	0	0	0	200
1746124492.343	action	2512	0	0	0	0	0	0	0	0	200
1746124492.353	action	736	0	0	0	0	0	0	0	0	200
1746124492.363	action	535	0	0	0	0	0	0	0	0	200
1746124492.373	action	1096	0	0	0	0	0	0	0	0	200
1746124492.383	action	1635	0	0	0	0	0	0	0	0	200
1746124492.393	action	1341	0	0	0	0	0	0	0	0	200
1746124492.403	action	1157	0	0	0	0	0	0	0	0	200
1746124492.413	action	659	0	0	0	0	0	0	0	0	200
1746124492.423	action	1552	0	0	0	0	0	0	0	0	200
1746124492.433	action	506	0	0	0	0	0	0	0	0	200
1746124492.443	action	1334	0	0	0	0	0	0	0	0	200
1746124492.453	action	489	0	0	0	0	0	0	0	0	200
1746124492.463	action	1113	0	0	0	0	0	0	0	0	200
1746124492.473	action	769	0	0	0	0	0	0	0	0	200
1746124492.483	action	1427	0	0	0	0	0	0	0	0	200
1746124492.493	action	848	0	0	0	0	0	0	0	0	200
1746124492.503	action	760	0	0	0	0	0	0	0	0	200
1746124492.513	action	1158	0	0	0	0	0	0	0	0	200
1746124492.523	action	811	0	0	0	0	0	0	0	0	200
1746124492.533	action	1093	0	0	0	0	0	0	0	0	200
1746124492.543	action	2372	0	0	0	0	0	0	0	0	200
1746124492.553	action	725	0	0	0	0	0	0	0	0	200
1746124492.563	action	531	0	0	0	0	0	0	0	0	200
1746124492.573	action	537	0	0	0	0	0	0	0	0	200
1746124492.583	action	1270	0	0	0	0	0	0	0	0	200
1746124492.593	action	1481	0	0	0	0	0	0	0	0	200
1746124492.603	action	703	0	0	0	0	0	0	0	0	200
1746124492.613	action	489	0	0	0	0	0	0	0	0	200
1746124492.623	action	817	0	0	0	0	0	0	0	0	200
1746124492.633	action	487	0	0	0	0	0	0	0	0	200
1746124492.643	action	1573	0	0	0	0	0	0	0	0	200
1746124492.653	action	669	0	0	0	0	0	0	0	0	200
1746124492.663	action	1107	0	0	0	0	0	0	0	0	200
1746124492.673	action	1046	0	0	0	0	0	0	0	0	200
1746124492.683	action	940	0	0	0	0	0	0	0	0	200
1746124492.693	action	1478	0	0	0	0	0	0	0	0	200
1746124492.703	action	891	0	0	0	0	0	0	0	0	200
1746124492.713	action	700	0	0	0	0	0	0	0	0	200
1746124492.723	action	1112	0	0	0	0	0	0	0	0	200
1746124492.733	action	748	0	0	0	0	0	0	0	0	200
1746124492.743	action	1790	0	0	0	0	0	0	0	0	200
1746124492.753	action	678	0	0	0	0	0	0	0	0	200
1746124492.763	action	707	0	0	0	0	0	0	0	0	200
1746124492.773	action	678	0	0	0	0	0	0	0	0	200
1746124492.783	action	927	0	0	0	0	0	0	0	0	200
1746124492.793	action	1565	0	0	0	0	0	0	0	0	200
1746124492.803	action	1120	0	0	0	0	0	0	0	0	200
1746124492.813	action	662	0	0	0	0	0	0	0	0	200
1746124492.823	action	955	0	0	0	0	0	0	0	0	200
1746124492.833	action	490	0	0	0	0	0	0	0	0	200
1746124492.843	action	1519	0	0	0	0	0	0	0	0	200
1746124492.853	action	1083	0	0	0	0	0	0	0	0	200
1746124492.863	action	1232	0	0	0	0	0	0	0	0	200
1746124492.873	action	1188	0	0	0	0	0	0	0	0	200
1746124492.883	action	430	0	0	0	0	0	0	0	0	200
1746124492.893	action	1316	0	0	0	0	0	0	0	0	200
1746124492.903	action	861	0	0	0	0	0	0	0	0	200
1746124492.913	action	1120	0	0	0	0	0	0	0	0	200
1746124492.923	action	787	0	0	0	0	0	0	0	0	200
1746124492.933	action	457	0	0	0	0	0	0	0	0	200
1746124492.943	action	1773	0	0	0	0	0	0	0	0	200
1746124492.953	action	1229	0	0	0	0	0	0	0	0	200
1746124492.963	action	1028	0	0	0	0	0	0	0	0	200
1746124492.973	action	940	0	0	0	0	0	0	0	0	200
1746124492.983	action	1687	0	0	0	0	0	0	0	0	200
1746124492.993	action	1428	0	0	0	0	0	0	0	0	200
1746124493.003	action	681	0	0	0	0	0	0	0	0	200
1746124493.013	action	989	0	0	0	0	0	0	0	0	200
1746124493.023	action	1742	0	0	0	0	0	0	0	0	200
1746124493.033	action	515	0	0	0	0	0	0	0	0	200
1746124493.043	action	1491	0	0	0	0	0	0	0	0	200
1746124493.053	action	776	0	0	0	0	0	0	0	0	200
1746124493.063	action	1344	0	0	0	0	0	0	0	0	200
1746124493.073	action	1188	0	0	0	0	0	0	0	0	200
1746124493.083	action	1115	0	0	0	0	0	0	0	0	200
1746124493.093	action	1779	0	0	0	0	0	0	0	0	200
1746124493.103	action	778	0	0	0	0	0	0	0	0	200
1746124493.113	action	1038	0	0	0	0	0	0	0	0	200
1746124493.123	action	489	0	0	0	0	0	0	0	0	200
1746124493.133	action	1105	0	0	0	0	0	0	0	0	200
1746124493.143	action	1971	0	0	0	0	0	0	0	0	200
1746124493.153	action	1105	0	0	0	0	0	0	0	0	200
1746124493.163	action	927	0	0	0	0	0	0	0	0	200
1746124493.173	action	554	0	0	0	0	0	0	0	0	200
1746124493.183	action	1413	0	0	0	0	0	0	0	0	200
1746124493.193	action	1271	0	0	0	0	0	0	0	0	200
1746124493.203	action	655	0	0	0	0	0	0	0	0	200
1746124493.213	action	1065	0	0	0	0	0	0	0	0	200
1746124493.223	action	1169	0	0	0	0	0	0	0	0	200
1746124493.233	action	524	0	0	0	0	0	0	0	0	200
1746124493.243	action	1370	0	0	0	0	0	0	0	0	200
1746124493.253	action	806	0	0	0	0	0	0	0	0	200
1746124493.263	action	985	0	0	0	0	0	0	0	0	200
1746124493.273	action	1103	0	0	0	0	0	0	0	0	200
1746124493.283	action	1074	0	0	0	0	0	0	0	0	200
1746124493.292	action	2733	0	0	0	0	0	0	0	0	200
1746124493.303	action	544	0	0	0	0	0	0	0	0	200
1746124493.313	action	1165	0	0	0	0	0	0	0	0	200
1746124493.323	action	1034	0	0	0	0	0	0	0	0	200
1746124493.333	action	1552	0	0	0	0	0	0	0	0	200
1746124493.343	action	1317	0	0	0	0	0	0	0	0	200
1746124493.353	action	1043	0	0	0	0	0	0	0	0	200
1746124493.363	action	780	0	0	0	0	0	0	0	0	200
1746124493.373	action	1047	0	0	0	0	0	0	0	0	200
1746124493.382	action	800	0	0	0	0	0	0	0	0	200
1746124493.393	action	1449	0	0	0	0	0	0	0	0	200
1746124493.403	action	561	0	0	0	0	0	0	0	0	200
1746124493.413	action	1134	0	0	0	0	0	0	0	0	200
1746124493.423	action	540	0	0	0	0	0	0	0	0	200
1746124493.433	action	592	0	0	0	0	0	0	0	0	200
1746124493.443	action	823	0	0	0	0	0	0	0	0	200
1746124493.453	action	1715	0	0	0	0	0	0	0	0	200
1746124493.463	action	1110	0	0	0	0	0	0	0	0	200
1746124493.473	action	1271	0	0	0	0	0	0	0	0	200
1746124493.483	action	789	0	0	0	0	0	0	0	0	200
1746124493.493	action	2144	0	0	0	0	0	0	0	0	200
1746124493.503	action	561	0	0	0	0	0	0	0	0	200
1746124493.513	action	1263	0	0	0	0	0	0	0	0	200
1746124493.523	action	991	0	0	0	0	0	0	0	0	200
1746124493.533	action	1699	0	0	0	0	0	0	0	0	200
1746124493.543	action	1518	0	0	0	0	0	0	0	0	200
1746124493.553	action	519	0	0	0	0	0	0	0	0	200
1746124493.563	action	1008	0	0	0	0	0	0	0	0	200
1746124493.573	action	566	0	0	0	0	0	0	0	0	200
1746124493.583	action	1123	0	0	0	0	0	0	0	0	200
1746124493.593	action	1612	0	0	0	0	0	0	0	0	200
1746124493.603	action	1943	0	0	0	0	0	0	0	0	200
1746124493.613	action	1092	0	0	0	0	0	0	0	0	200
1746124493.623	action	1174	0	0	0	0	0	0	0	0	200
1746124493.633	action	786	0	0	0	0	0	0	0	0	200
1746124493.643	action	1391	0	0	0	0	0	0	0	0	200
1746124493.653	action	1041	0	0	0	0	0	0	0	0	200
1746124493.663	action	870	0	0	0	0	0	0	0	0	200
1746124493.673	action	1894	0	0	0	0	0	0	0	0	200
1746124493.683	action	1112	0	0	0	0	0	0	0	0	200
1746124493.693	action	1008	0	0	0	0	0	0	0	0	200
1746124493.703	action	545	0	0	0	0	0	0	0	0	200
1746124493.713	action	924	0	0	0	0	0	0	0	0	200
1746124493.723	action	496	0	0	0	0	0	0	0	0	200
1746124493.732	action	427	0	0	0	0	0	0	0	0	200
1746124493.743	action	1103	0	0	0	0	0	0	0	0	200
1746124493.753	action	904	0	0	0	0	0	0	0	0	200
1746124493.763	action	681	0	0	0	0	0	0	0	0	200
1746124493.773	action	1132	0	0	0	0	0	0	0	0	200
1746124493.783	action	512	0	0	0	0	0	0	0	0	200
1746124493.793	action	1352	0	0	0	0	0	0	0	0	200
1746124493.803	action	777	0	0	0	0	0	0	0	0	200
1746124493.813	action	879	0	0	0	0	0	0	0	0	200
1746124493.823	action	580	0	0	0	0	0	0	0	0	200
1746124493.833	action	871	0	0	0	0	0	0	0	0	200
1746124493.843	action	1136	0	0	0	0	0	0	0	0	200
1746124493.853	action	1061	0	0	0	0	0	0	0	0	200
1746124493.863	action	894	0	0	0	0	0	0	0	0	200
1746124493.873	action	1629	0	0	0	0	0	0	0	0	200
1746124493.883	action	1054	0	0	0	0	0	0	0	0	200
1746124493.893	action	966	0	0	0	0	0	0	0	0	200
1746124493.903	action	521	0	0	0	0	0	0	0	0	200
1746124493.913	action	1750	0	0	0	0	0	0	0	0	200
1746124493.923	action	741	0	0	0	0	0	0	0	0	200
1746124493.933	action	1131	0	0	0	0	0	0	0	0	200
1746124493.943	action	1428	0	0	0	0	0	0	0	0	200
1746124493.953	action	1051	0	0	0	0	0	0	0	0	200
1746124493.963	action	906	0	0	0	0	0	0	0	0	200
1746124493.973	action	1231	0	0	0	0	0	0	0	0	200
1746124493.983	action	877	0	0	0	0	0	0	0	0	200
1746124493.993	action	1725	0	0	0	0	0	0	0	0	200
1746124494.003	action	1175	0	0	0	0	0	0	0	0	200
1746124494.013	action	779	0	0	0	0	0	0	0	0	200
1746124494.023	action	502	0	0	0	0	0	0	0	0	200
1746124494.033	action	625	0	0	0	0	0	0	0	0	200
1746124494.043	action	1501	0	0	0	0	0	0	0	0	200
1746124494.053	action	837	0	0	0	0	0	0	0	0	200
1746124494.063	action	786	0	0	0	0	0	0	0	0	200
1746124494.073	action	1561	0	0	0	0	0	0	0	0	200
1746124494.083	action	1260	0	0	0	0	0	0	0	0	200
1746124494.093	action	1336	0	0	0	0	0	0	0	0	200
1746124494.103	action	526	0	0	0	0	0	0	0	0	200
1746124494.113	action	1222	0	0	0	0	0	0	0	0	200
1746124494.123	action	938	0	0	0	0	0	0	0	0	200
1746124494.133	action	1118	0	0	0	0	0	0	0	0	200
1746124494.143	action	1395	0	0	0	0	0	0	0	0	200
1746124494.153	action	1121	0	0	0	0	0	0	0	0	200
1746124494.163	action	559	0	0	0	0	0	0	0	0	200
1746124494.173	action	509	0	0	0	0	0	0	0	0	200
1746124494.183	action	1058	0	0	0	0	0	0	0	0	200
1746124494.193	action	1852	0	0	0	0	0	0	0	0	200
1746124494.203	action	1043	0	0	0	0	0	0	0	0	200
1746124494.213	action	444	0	0	0	0	0	0	0	0	200
1746124494.223	action	1044	0	0	0	0	0	0	0	0	200
1746124494.233	action	631	0	0	0	0	0	0	0	0	200
1746124494.243	action	1452	0	0	0	0	0	0	0	0	200
1746124494.253	action	975	0	0	0	0	0	0	0	0	200
1746124494.263	action	1039	0	0	0	0	0	0	0	0	200
1746124494.273	action	1037	0	0	0	0	0	0	0	0	200
1746124494.283	action	1090	0	0	0	0	0	0	0	0	200
1746124494.293	action	1345	0	0	0	0	0	0	0	0	200
1746124494.303	action	527	0	0	0	0	0	0	0	0	200
1746124494.313	action	1287	0	0	0	0	0	0	0	0	200
1746124494.323	action	1115	0	0	0	0	0	0	0	0	200
1746124494.333	action	1171	0	0	0	0	0	0	0	0	200
1746124494.343	action	1481	0	0	0	0	0	0	0	0	200
1746124494.353	action	2061	0	0	0	0	0	0	0	0	200
1746124494.363	action	763	0	0	0	0	0	0	0	0	200
1746124494.374	action	562	0	0	0	0	0	0	0	0	200
1746124494.383	action	866	0	0	0	0	0	0	0	0	200
1746124494.393	action	1610	0	0	0	0	0	0	0	0	200
1746124494.403	action	1053	0	0	0	0	0	0	0	0	200
1746124494.413	action	668	0	0	0	0	0	0	0	0	200
1746124494.423	action	693	0	0	0	0	0	0	0	0	200
1746124494.433	action	499	0	0	0	0	0	0	0	0	200
1746124494.443	action	1514	0	0	0	0	0	0	0	0	200
1746124494.453	action	541	0	0	0	0	0	0	0	0	200
1746124494.463	action	1131	0	0	0	0	0	0	0	0	200
1746124494.473	action	1096	0	0	0	0	0	0	0	0	200
1746124494.483	action	447	0	0	0	0	0	0	0	0	200
1746124494.493	action	1583	0	0	0	0	0	0	0	0	200
1746124494.503	action	1674	0	0	0	0	0	0	0	0	200
1746124494.513	action	1332	0	0	0	0	0	0	0	0	200
1746124494.523	action	838	0	0	0	0	0	0	0	0	200
1746124494.533	action	785	0	0	0	0	0	0	0	0	200
1746124494.543	action	1445	0	0	0	0	0	0	0	0	200
1746124494.553	action	742	0	0	0	0	0	0	0	0	200
1746124494.563	action	909	0	0	0	0	0	0	0	0	200
1746124494.573	action	596	0	0	0	0	0	0	0	0	200
1746124494.583	action	815	0	0	0	0	0	0	0	0	200
1746124494.593	action	1043	0	0	0	0	0	0	0	0	200
1746124494.603	action	577	0	0	0	0	0	0	0	0	200
1746124494.613	action	838	0	0	0	0	0	0	0	0	200
1746124494.623	action	601	0	0	0	0	0	0	0	0	200
1746124494.633	action	544	0	0	0	0	0	0	0	0	200
1746124494.643	action	801	0	0	0	0	0	0	0	0	200
1746124494.653	action	759	0	0	0	0	0	0	0	0	200
1746124494.663	action	393	0	0	0	0	0	0	0	0	200
1746124494.673	action	605	0	0	0	0	0	0	0	0	200
1746124494.683	action	860	0	0	0	0	0	0	0	0	200
1746124494.693	action	769	0	0	0	0	0	0	0	0	200
1746124494.703	action	560	0	0	0	0	0	0	0	0	200
1746124494.712	action	876	0	0	0	0	0	0	0	0	200
1746124494.723	action	626	0	0	0	0	0	0	0	0	200
1746124494.732	action	685	0	0	0	0	0	0	0	0	200
1746124494.743	action	803	0	0	0	0	0	0	0	0	200
1746124494.753	action	701	0	0	0	0	0	0	0	0	200
1746124494.763	action	1073	0	0	0	0	0	0	0	0	200
1746124494.773	action	1397	0	0	0	0	0	0	0	0	200
1746124494.783	action	1227	0	0	0	0	0	0	0	0	200
1746124494.793	action	2128	0	0	0	0	0	0	0	0	200
1746124494.803	action	954	0	0	0	0	0	0	0	0	200
1746124494.813	action	964	0	0	0	0	0	0	0	0	200
1746124494.823	action	590	0	0	0	0	0	0	0	0	200
1746124494.833	action	1074	0	0	0	0	0	0	0	0	200
1746124494.843	action	807	0	0	0	0	0	0	0	0	200
1746124494.853	action	593	0	0	0	0	0	0	0	0	200
1746124494.863	action	594	0	0	0	0	0	0	0	0	200
1746124494.873	action	1106	0	0	0	0	0	0	0	0	200
1746124494.883	action	964	0	0	0	0	0	0	0	0	200
1746124494.893	action	1423	0	0	0	0	0	0	0	0	200
1746124494.903	action	1088	0	0	0	0	0	0	0	0	200
1746124494.913	action	1914	0	0	0	0	0	0	0	0	200
1746124494.923	action	1385	0	0	0	0	0	0	0	0	200
1746124494.933	action	936	0	0	0	0	0	0	0	0	200
1746124494.943	action	1610	0	0	0	0	0	0	0	0	200
1746124494.953	action	888	0	0	0	0	0	0	0	0	200
1746124494.963	action	646	0	0	0	0	0	0	0	0	200
1746124494.973	action	1194	0	0	0	0	0	0	0	0	200
1746124494.983	action	1106	0	0	0	0	0	0	0	0	200
1746124494.994	action	1854	0	0	0	0	0	0	0	0	200
1746124495.003	action	750	0	0	0	0	0	0	0	0	200
1746124495.013	action	944	0	0	0	0	0	0	0	0	200
1746124495.023	action	615	0	0	0	0	0	0	0	0	200
1746124495.033	action	2023	0	0	0	0	0	0	0	0	200
1746124495.042	action	1742	0	0	0	0	0	0	0	0	200
1746124495.053	action	1636	0	0	0	0	0	0	0	0	200
1746124495.064	action	1228	0	0	0	0	0	0	0	0	200
1746124495.073	action	1230	0	0	0	0	0	0	0	0	200
1746124495.082	action	953	0	0	0	0	0	0	0	0	200
1746124495.093	action	1330	0	0	0	0	0	0	0	0	200
1746124495.103	action	1765	0	0	0	0	0	0	0	0	200
1746124495.113	action	1086	0	0	0	0	0	0	0	0	200
1746124495.123	action	794	0	0	0	0	0	0	0	0	200
1746124495.133	action	476	0	0	0	0	0	0	0	0	200
1746124495.143	action	1653	0	0	0	0	0	0	0	0	200
1746124495.153	action	1108	0	0	0	0	0	0	0	0	200
1746124495.163	action	1108	0	0	0	0	0	0	0	0	200
1746124495.173	action	460	0	0	0	0	0	0	0	0	200
1746124495.183	action	1541	0	0	0	0	0	0	0	0	200
1746124495.193	action	1376	0	0	0	0	0	0	0	0	200
1746124495.203	action	508	0	0	0	0	0	0	0	0	200
1746124495.213	action	657	0	0	0	0	0	0	0	0	200
1746124495.223	action	839	0	0	0	0	0	0	0	0	200
1746124495.233	action	1181	0	0	0	0	0	0	0	0	200
1746124495.243	action	1329	0	0	0	0	0	0	0	0	200
1746124495.253	action	630	0	0	0	0	0	0	0	0	200
1746124495.263	action	922	0	0	0	0	0	0	0	0	200
1746124495.273	action	523	0	0	0	0	0	0	0	0	200
1746124495.283	action	1135	0	0	0	0	0	0	0	0	200
1746124495.293	action	1475	0	0	0	0	0	0	0	0	200
1746124495.303	action	2256	0	0	0	0	0	0	0	0	200
1746124495.313	action	575	0	0	0	0	0	0	0	0	200
1746124495.323	action	709	0	0	0	0	0	0	0	0	200
1746124495.333	action	519	0	0	0	0	0	0	0	0	200
1746124495.343	action	1619	0	0	0	0	0	0	0	0	200
1746124495.353	action	1122	0	0	0	0	0	0	0	0	200
1746124495.363	action	793	0	0	0	0	0	0	0	0	200
1746124495.373	action	682	0	0	0	0	0	0	0	0	200
1746124495.383	action	1511	0	0	0	0	0	0	0	0	200
1746124495.393	action	1212	0	0	0	0	0	0	0	0	200
1746124495.403	action	537	0	0	0	0	0	0	0	0	200
1746124495.413	action	882	0	0	0	0	0	0	0	0	200
1746124495.423	action	1036	0	0	0	0	0	0	0	0	200
1746124495.433	action	1002	0	0	0	0	0	0	0	0	200
1746124495.443	action	738	0	0	0	0	0	0	0	0	200
1746124495.453	action	1020	0	0	0	0	0	0	0	0	200
1746124495.463	action	1304	0	0	0	0	0	0	0	0	200
1746124495.473	action	606	0	0	0	0	0	0	0	0	200
1746124495.483	action	1211	0	0	0	0	0	0	0	0	200
1746124495.493	action	801	0	0	0	0	0	0	0	0	200
1746124495.503	action	1961	0	0	0	0	0	0	0	0	200
1746124495.513	action	1409	0	0	0	0	0	0	0	0	200
1746124495.523	action	1548	0	0	0	0	0	0	0	0	200
1746124495.534	action	644	0	0	0	0	0	0	0	0	200
1746124495.543	action	1668	0	0	0	0	0	0	0	0	200
1746124495.553	action	1470	0	0	0	0	0	0	0	0	200
1746124495.563	action	1147	0	0	0	0	0	0	0	0	200
1746124495.573	action	560	0	0	0	0	0	0	0	0	200
1746124495.583	action	1696	0	0	0	0	0	0	0	0	200
1746124495.593	action	1426	0	0	0	0	0	0	0	0	200
1746124495.603	action	541	0	0	0	0	0	0	0	0	200
1746124495.613	action	1074	0	0	0	0	0	0	0	0	200
1746124495.623	action	1371	0	0	0	0	0	0	0	0	200
1746124495.633	action	1004	0	0	0	0	0	0	0	0	200
1746124495.643	action	1313	0	0	0	0	0	0	0	0	200
1746124495.653	action	1113	0	0	0	0	0	0	0	0	200
1746124495.663	action	1496	0	0	0	0	0	0	0	0	200
1746124495.673	action	767	0	0	0	0	0	0	0	0	200
1746124495.683	action	1095	0	0	0	0	0	0	0	0	200
1746124495.693	action	1355	0	0	0	0	0	0	0	0	200
1746124495.703	action	1318	0	0	0	0	0	0	0	0	200
1746124495.713	action	771	0	0	0	0	0	0	0	0	200
1746124495.723	action	679	0	0	0	0	0	0	0	0	200
1746124495.733	action	549	0	0	0	0	0	0	0	0	200
1746124495.743	action	2313	0	0	0	0	0	0	0	0	200
1746124495.753	action	1057	0	0	0	0	0	0	0	0	200
1746124495.763	action	651	0	0	0	0	0	0	0	0	200
1746124495.773	action	436	0	0	0	0	0	0	0	0	200
1746124495.783	action	1214	0	0	0	0	0	0	0	0	200
1746124495.793	action	1313	0	0	0	0	0	0	0	0	200
1746124495.802	action	427	0	0	0	0	0	0	0	0	200
1746124495.813	action	559	0	0	0	0	0	0	0	0	200
1746124495.823	action	726	0	0	0	0	0	0	0	0	200
1746124495.833	action	1180	0	0	0	0	0	0	0	0	200
1746124495.843	action	1450	0	0	0	0	0	0	0	0	200
1746124495.853	action	658	0	0	0	0	0	0	0	0	200
1746124495.863	action	1285	0	0	0	0	0	0	0	0	200
1746124495.873	action	1193	0	0	0	0	0	0	0	0	200
1746124495.883	action	1044	0	0	0	0	0	0	0	0	200
1746124495.893	action	1070	0	0	0	0	0	0	0	0	200
1746124495.903	action	1429	0	0	0	0	0	0	0	0	200
1746124495.913	action	1135	0	0	0	0	0	0	0	0	200
1746124495.923	action	1032	0	0	0	0	0	0	0	0	200
1746124495.933	action	534	0	0	0	0	0	0	0	0	200
1746124495.943	action	1937	0	0	0	0	0	0	0	0	200
1746124495.953	action	1096	0	0	0	0	0	0	0	0	200
1746124495.963	action	629	0	0	0	0	0	0	0	0	200
1746124495.973	action	937	0	0	0	0	0	0	0	0	200
1746124495.983	action	757	0	0	0	0	0	0	0	0	200
1746124495.993	action	1602	0	0	0	0	0	0	0	0	200
1746124496.003	action	545	0	0	0	0	0	0	0	0	200
1746124496.013	action	1243	0	0	0	0	0	0	0	0	200
1746124496.023	action	1664	0	0	0	0	0	0	0	0	200
1746124496.033	action	822	0	0	0	0	0	0	0	0	200
1746124496.043	action	1298	0	0	0	0	0	0	0	0	200
1746124496.053	action	1064	0	0	0	0	0	0	0	0	200
1746124496.063	action	1142	0	0	0	0	0	0	0	0	200
1746124496.073	action	1124	0	0	0	0	0	0	0	0	200
1746124496.083	action	442	0	0	0	0	0	0	0	0	200
1746124496.093	action	1451	0	0	0	0	0	0	0	0	200
1746124496.103	action	1605	0	0	0	0	0	0	0	0	200
1746124496.113	action	778	0	0	0	0	0	0	0	0	200
1746124496.123	action	843	0	0	0	0	0	0	0	0	200
1746124496.133	action	466	0	0	0	0	0	0	0	0	200
1746124496.143	action	1940	0	0	0	0	0	0	0	0	200
1746124496.153	action	1170	0	0	0	0	0	0	0	0	200
1746124496.163	action	888	0	0	0	0	0	0	0	0	200
1746124496.173	action	430	0	0	0	0	0	0	0	0	200
1746124496.182	action	1601	0	0	0	0	0	0	0	0	200
1746124496.193	action	1376	0	0	0	0	0	0	0	0	200
1746124496.203	action	556	0	0	0	0	0	0	0	0	200
1746124496.213	action	857	0	0	0	0	0	0	0	0	200
1746124496.223	action	769	0	0	0	0	0	0	0	0	200
1746124496.233	action	720	0	0	0	0	0	0	0	0	200
1746124496.243	action	1514	0	0	0	0	0	0	0	0	200
1746124496.253	action	951	0	0	0	0	0	0	0	0	200
1746124496.263	action	750	0	0	0	0	0	0	0	0	200
1746124496.273	action	1177	0	0	0	0	0	0	0	0	200
1746124496.283	action	848	0	0	0	0	0	0	0	0	200
1746124496.293	action	825	0	0	0	0	0	0	0	0	200
1746124496.303	action	1703	0	0	0	0	0	0	0	0	200
1746124496.313	action	1206	0	0	0	0	0	0	0	0	200
1746124496.323	action	978	0	0	0	0	0	0	0	0	200
1746124496.333	action	606	0	0	0	0	0	0	0	0	200
1746124496.343	action	2276	0	0	0	0	0	0	0	0	200
1746124496.353	action	891	0	0	0	0	0	0	0	0	200
1746124496.363	action	1103	0	0	0	0	0	0	0	0	200
1746124496.373	action	453	0	0	0	0	0	0	0	0	200
1746124496.383	action	1593	0	0	0	0	0	0	0	0	200
1746124496.393	action	1084	0	0	0	0	0	0	0	0	200
1746124496.402	action	509	0	0	0	0	0	0	0	0	200
1746124496.413	action	674	0	0	0	0	0	0	0	0	200
1746124496.423	action	1056	0	0	0	0	0	0	0	0	200
1746124496.433	action	1120	0	0	0	0	0	0	0	0	200
1746124496.443	action	1324	0	0	0	0	0	0	0	0	200
1746124496.453	action	839	0	0	0	0	0	0	0	0	200
1746124496.463	action	924	0	0	0	0	0	0	0	0	200
1746124496.473	action	692	0	0	0	0	0	0	0	0	200
1746124496.483	action	1220	0	0	0	0	0	0	0	0	200
1746124496.493	action	1337	0	0	0	0	0	0	0	0	200
1746124496.503	action	1789	0	0	0	0	0	0	0	0	200
1746124496.513	action	1065	0	0	0	0	0	0	0	0	200
1746124496.523	action	1114	0	0	0	0	0	0	0	0	200
1746124496.533	action	603	0	0	0	0	0	0	0	0	200
1746124496.543	action	2210	0	0	0	0	0	0	0	0	200
1746124496.553	action	1210	0	0	0	0	0	0	0	0	200
1746124496.562	action	842	0	0	0	0	0	0	0	0	200
1746124496.573	action	497	0	0	0	0	0	0	0	0	200
1746124496.583	action	1463	0	0	0	0	0	0	0	0	200
1746124496.593	action	765	0	0	0	0	0	0	0	0	200
1746124496.603	action	502	0	0	0	0	0	0	0	0	200
1746124496.613	action	995	0	0	0	0	0	0	0	0	200
1746124496.623	action	1337	0	0	0	0	0	0	0	0	200
1746124496.633	action	1204	0	0	0	0	0	0	0	0	200
1746124496.643	action	1452	0	0	0	0	0	0	0	0	200
1746124496.653	action	1207	0	0	0	0	0	0	0	0	200
1746124496.663	action	1373	0	0	0	0	0	0	0	0	200
1746124496.673	action	923	0	0	0	0	0	0	0	0	200
1746124496.683	action	990	0	0	0	0	0	0	0	0	200
1746124496.693	action	869	0	0	0	0	0	0	0	0	200
1746124496.703	action	1446	0	0	0	0	0	0	0	0	200
1746124496.713	action	950	0	0	0	0	0	0	0	0	200
1746124496.723	action	1040	0	0	0	0	0	0	0	0	200
1746124496.733	action	1316	0	0	0	0	0	0	0	0	200
1746124496.743	action	1686	0	0	0	0	0	0	0	0	200
1746124496.753	action	833	0	0	0	0	0	0	0	0	200
1746124496.763	action	490	0	0	0	0	0	0	0	0	200
1746124496.773	action	492	0	0	0	0	0	0	0	0	200
1746124496.783	action	903	0	0	0	0	0	0	0	0	200
1746124496.793	action	1348	0	0	0	0	0	0	0	0	200
1746124496.803	action	661	0	0	0	0	0	0	0	0	200
1746124496.813	action	655	0	0	0	0	0	0	0	0	200
1746124496.823	action	1153	0	0	0	0	0	0	0	0	200
1746124496.832	action	647	0	0	0	0	0	0	0	0	200
1746124496.843	action	1375	0	0	0	0	0	0	0	0	200
1746124496.853	action	1093	0	0	0	0	0	0	0	0	200
1746124496.863	action	1236	0	0	0	0	0	0	0	0	200
1746124496.873	action	1054	0	0	0	0	0	0	0	0	200
1746124496.883	action	477	0	0	0	0	0	0	0	0	200
1746124496.893	action	1362	0	0	0	0	0	0	0	0	200
1746124496.903	action	1300	0	0	0	0	0	0	0	0	200
1746124496.913	action	1031	0	0	0	0	0	0	0	0	200
1746124496.923	action	603	0	0	0	0	0	0	0	0	200
1746124496.933	action	541	0	0	0	0	0	0	0	0	200
1746124496.943	action	2322	0	0	0	0	0	0	0	0	200
1746124496.953	action	1152	0	0	0	0	0	0	0	0	200
1746124496.964	action	596	0	0	0	0	0	0	0	0	200
1746124496.973	action	968	0	0	0	0	0	0	0	0	200
1746124496.983	action	1342	0	0	0	0	0	0	0	0	200
1746124496.993	action	1328	0	0	0	0	0	0	0	0	200
1746124497.003	action	545	0	0	0	0	0	0	0	0	200
1746124497.013	action	704	0	0	0	0	0	0	0	0	200
1746124497.023	action	988	0	0	0	0	0	0	0	0	200
1746124497.033	action	1245	0	0	0	0	0	0	0	0	200
1746124497.043	action	1486	0	0	0	0	0	0	0	0	200
1746124497.053	action	1165	0	0	0	0	0	0	0	0	200
1746124497.063	action	1213	0	0	0	0	0	0	0	0	200
1746124497.073	action	1348	0	0	0	0	0	0	0	0	200
1746124497.083	action	974	0	0	0	0	0	0	0	0	200
1746124497.093	action	1051	0	0	0	0	0	0	0	0	200
1746124497.103	action	1254	0	0	0	0	0	0	0	0	200
1746124497.113	action	1177	0	0	0	0	0	0	0	0	200
1746124497.123	action	1156	0	0	0	0	0	0	0	0	200
1746124497.133	action	793	0	0	0	0	0	0	0	0	200
1746124497.143	action	1425	0	0	0	0	0	0	0	0	200
1746124497.153	action	1044	0	0	0	0	0	0	0	0	200
1746124497.163	action	1222	0	0	0	0	0	0	0	0	200
1746124497.173	action	1454	0	0	0	0	0	0	0	0	200
1746124497.183	action	982	0	0	0	0	0	0	0	0	200
1746124497.193	action	1349	0	0	0	0	0	0	0	0	200
1746124497.203	action	550	0	0	0	0	0	0	0	0	200
1746124497.213	action	1110	0	0	0	0	0	0	0	0	200
1746124497.224	action	1788	0	0	0	0	0	0	0	0	200
1746124497.233	action	714	0	0	0	0	0	0	0	0	200
1746124497.243	action	1314	0	0	0	0	0	0	0	0	200
1746124497.253	action	684	0	0	0	0	0	0	0	0	200
1746124497.263	action	1102	0	0	0	0	0	0	0	0	200
1746124497.273	action	1083	0	0	0	0	0	0	0	0	200
1746124497.283	action	1128	0	0	0	0	0	0	0	0	200
1746124497.293	action	2382	0	0	0	0	0	0	0	0	200
1746124497.303	action	1095	0	0	0	0	0	0	0	0	200
1746124497.313	action	1051	0	0	0	0	0	0	0	0	200
1746124497.323	action	1534	0	0	0	0	0	0	0	0	200
1746124497.333	action	521	0	0	0	0	0	0	0	0	200
1746124497.343	action	1486	0	0	0	0	0	0	0	0	200
1746124497.353	action	1066	0	0	0	0	0	0	0	0	200
1746124497.363	action	1042	0	0	0	0	0	0	0	0	200
1746124497.373	action	675	0	0	0	0	0	0	0	0	200
1746124497.383	action	1031	0	0	0	0	0	0	0	0	200
1746124497.393	action	1286	0	0	0	0	0	0	0	0	200
1746124497.403	action	723	0	0	0	0	0	0	0	0	200
1746124497.413	action	887	0	0	0	0	0	0	0	0	200
1746124497.423	action	713	0	0	0	0	0	0	0	0	200
1746124497.433	action	1094	0	0	0	0	0	0	0	0	200
1746124497.443	action	2181	0	0	0	0	0	0	0	0	200
1746124497.453	action	507	0	0	0	0	0	0	0	0	200
1746124497.463	action	1078	0	0	0	0	0	0	0	0	200
1746124497.473	action	1152	0	0	0	0	0	0	0	0	200
1746124497.484	action	1237	0	0	0	0	0	0	0	0	200
1746124497.493	action	808	0	0	0	0	0	0	0	0	200
1746124497.503	action	1354	0	0	0	0	0	0	0	0	200
1746124497.513	action	1364	0	0	0	0	0	0	0	0	200
1746124497.523	action	550	0	0	0	0	0	0	0	0	200
1746124497.533	action	618	0	0	0	0	0	0	0	0	200
1746124497.543	action	1614	0	0	0	0	0	0	0	0	200
1746124497.553	action	1471	0	0	0	0	0	0	0	0	200
1746124497.563	action	685	0	0	0	0	0	0	0	0	200
1746124497.573	action	618	0	0	0	0	0	0	0	0	200
1746124497.583	action	1183	0	0	0	0	0	0	0	0	200
1746124497.593	action	2128	0	0	0	0	0	0	0	0	200
1746124497.603	action	545	0	0	0	0	0	0	0	0	200
1746124497.613	action	951	0	0	0	0	0	0	0	0	200
1746124497.623	action	1069	0	0	0	0	0	0	0	0	200
1746124497.633	action	1431	0	0	0	0	0	0	0	0	200
1746124497.643	action	1417	0	0	0	0	0	0	0	0	200
1746124497.653	action	1088	0	0	0	0	0	0	0	0	200
1746124497.663	action	1010	0	0	0	0	0	0	0	0	200
1746124497.673	action	1391	0	0	0	0	0	0	0	0	200
1746124497.683	action	1073	0	0	0	0	0	0	0	0	200
1746124497.693	action	924	0	0	0	0	0	0	0	0	200
1746124497.703	action	1012	0	0	0	0	0	0	0	0	200
1746124497.713	action	1298	0	0	0	0	0	0	0	0	200
1746124497.723	action	739	0	0	0	0	0	0	0	0	200
1746124497.733	action	450	0	0	0	0	0	0	0	0	200
1746124497.743	action	1253	0	0	0	0	0	0	0	0	200
1746124497.753	action	1733	0	0	0	0	0	0	0	0	200
1746124497.763	action	516	0	0	0	0	0	0	0	0	200
1746124497.773	action	447	0	0	0	0	0	0	0	0	200
1746124497.783	action	964	0	0	0	0	0	0	0	0	200
1746124497.793	action	2107	0	0	0	0	0	0	0	0	200
1746124497.803	action	539	0	0	0	0	0	0	0	0	200
1746124497.813	action	917	0	0	0	0	0	0	0	0	200
1746124497.823	action	681	0	0	0	0	0	0	0	0	200
1746124497.833	action	1767	0	0	0	0	0	0	0	0	200
1746124497.843	action	911	0	0	0	0	0	0	0	0	200
1746124497.853	action	1083	0	0	0	0	0	0	0	0	200
1746124497.863	action	665	0	0	0	0	0	0	0	0	200
1746124497.873	action	1179	0	0	0	0	0	0	0	0	200
1746124497.883	action	1024	0	0	0	0	0	0	0	0	200
1746124497.893	action	718	0	0	0	0	0	0	0	0	200
1746124497.903	action	1030	0	0	0	0	0	0	0	0	200
1746124497.913	action	1293	0	0	0	0	0	0	0	0	200
1746124497.923	action	802	0	0	0	0	0	0	0	0	200
1746124497.933	action	538	0	0	0	0	0	0	0	0	200
1746124497.943	action	1474	0	0	0	0	0	0	0	0	200
1746124497.953	action	1297	0	0	0	0	0	0	0	0	200
1746124497.963	action	1104	0	0	0	0	0	0	0	0	200
1746124497.973	action	1057	0	0	0	0	0	0	0	0	200
1746124497.983	action	1006	0	0	0	0	0	0	0	0	200
1746124497.993	action	1655	0	0	0	0	0	0	0	0	200
1746124498.003	action	560	0	0	0	0	0	0	0	0	200
1746124498.013	action	1094	0	0	0	0	0	0	0	0	200
1746124498.023	action	705	0	0	0	0	0	0	0	0	200
1746124498.033	action	1296	0	0	0	0	0	0	0	0	200
1746124498.043	action	1375	0	0	0	0	0	0	0	0	200
1746124498.053	action	961	0	0	0	0	0	0	0	0	200
1746124498.063	action	932	0	0	0	0	0	0	0	0	200
1746124498.073	action	1189	0	0	0	0	0	0	0	0	200
1746124498.083	action	1271	0	0	0	0	0	0	0	0	200
1746124498.093	action	1312	0	0	0	0	0	0	0	0	200
1746124498.103	action	1028	0	0	0	0	0	0	0	0	200
1746124498.113	action	848	0	0	0	0	0	0	0	0	200
1746124498.123	action	603	0	0	0	0	0	0	0	0	200
1746124498.133	action	477	0	0	0	0	0	0	0	0	200
1746124498.143	action	1591	0	0	0	0	0	0	0	0	200
1746124498.153	action	1429	0	0	0	0	0	0	0	0	200
1746124498.163	action	723	0	0	0	0	0	0	0	0	200
1746124498.173	action	424	0	0	0	0	0	0	0	0	200
1746124498.183	action	1039	0	0	0	0	0	0	0	0	200
1746124498.193	action	1571	0	0	0	0	0	0	0	0	200
1746124498.203	action	465	0	0	0	0	0	0	0	0	200
1746124498.213	action	607	0	0	0	0	0	0	0	0	200
1746124498.223	action	870	0	0	0	0	0	0	0	0	200
1746124498.233	action	1113	0	0	0	0	0	0	0	0	200
1746124498.243	action	1242	0	0	0	0	0	0	0	0	200
1746124498.253	action	1634	0	0	0	0	0	0	0	0	200
1746124498.263	action	1066	0	0	0	0	0	0	0	0	200
1746124498.273	action	947	0	0	0	0	0	0	0	0	200
1746124498.283	action	968	0	0	0	0	0	0	0	0	200
1746124498.293	action	1811	0	0	0	0	0	0	0	0	200
1746124498.303	action	1112	0	0	0	0	0	0	0	0	200
1746124498.313	action	783	0	0	0	0	0	0	0	0	200
1746124498.323	action	1618	0	0	0	0	0	0	0	0	200
1746124498.333	action	821	0	0	0	0	0	0	0	0	200
1746124498.343	action	1122	0	0	0	0	0	0	0	0	200
1746124498.353	action	1186	0	0	0	0	0	0	0	0	200
1746124498.363	action	818	0	0	0	0	0	0	0	0	200
1746124498.373	action	777	0	0	0	0	0	0	0	0	200
1746124498.383	action	1061	0	0	0	0	0	0	0	0	200
1746124498.393	action	1570	0	0	0	0	0	0	0	0	200
1746124498.403	action	535	0	0	0	0	0	0	0	0	200
1746124498.413	action	1073	0	0	0	0	0	0	0	0	200
1746124498.423	action	1132	0	0	0	0	0	0	0	0	200
1746124498.433	action	1002	0	0	0	0	0	0	0	0	200
1746124498.443	action	1237	0	0	0	0	0	0	0	0	200
1746124498.453	action	1429	0	0	0	0	0	0	0	0	200
1746124498.463	action	1187	0	0	0	0	0	0	0	0	200
1746124498.473	action	1068	0	0	0	0	0	0	0	0	200
1746124498.483	action	608	0	0	0	0	0	0	0	0	200
1746124498.493	action	1775	0	0	0	0	0	0	0	0	200
1746124498.503	action	1038	0	0	0	0	0	0	0	0	200
1746124498.513	action	981	0	0	0	0	0	0	0	0	200
1746124498.523	action	511	0	0	0	0	0	0	0	0	200
1746124498.533	action	893	0	0	0	0	0	0	0	0	200
1746124498.543	action	1069	0	0	0	0	0	0	0	0	200
1746124498.553	action	1134	0	0	0	0	0	0	0	0	200
1746124498.563	action	1196	0	0	0	0	0	0	0	0	200
1746124498.573	action	981	0	0	0	0	0	0	0	0	200
1746124498.583	action	588	0	0	0	0	0	0	0	0	200
1746124498.593	action	705	0	0	0	0	0	0	0	0	200
1746124498.603	action	486	0	0	0	0	0	0	0	0	200
1746124498.613	action	818	0	0	0	0	0	0	0	0	200
1746124498.623	action	586	0	0	0	0	0	0	0	0	200
1746124498.633	action	484	0	0	0	0	0	0	0	0	200
1746124498.643	action	855	0	0	0	0	0	0	0	0	200
1746124498.653	action	902	0	0	0	0	0	0	0	0	200
1746124498.663	action	580	0	0	0	0	0	0	0	0	200
1746124498.673	action	536	0	0	0	0	0	0	0	0	200
1746124498.683	action	442	0	0	0	0	0	0	0	0	200
1746124498.693	action	2366	0	0	0	0	0	0	0	0	200
1746124498.703	action	530	0	0	0	0	0	0	0	0	200
1746124498.713	action	1137	0	0	0	0	0	0	0	0	200
1746124498.723	action	1163	0	0	0	0	0	0	0	0	200
1746124498.733	action	1597	0	0	0	0	0	0	0	0	200
1746124498.743	action	1484	0	0	0	0	0	0	0	0	200
1746124498.753	action	1106	0	0	0	0	0	0	0	0	200
1746124498.763	action	1117	0	0	0	0	0	0	0	0	200
1746124498.773	action	983	0	0	0	0	0	0	0	0	200
1746124498.783	action	1011	0	0	0	0	0	0	0	0	200
1746124498.793	action	1369	0	0	0	0	0	0	0	0	200
1746124498.803	action	509	0	0	0	0	0	0	0	0	200
1746124498.813	action	1615	0	0	0	0	0	0	0	0	200
1746124498.823	action	604	0	0	0	0	0	0	0	0	200
1746124498.833	action	549	0	0	0	0	0	0	0	0	200
1746124498.843	action	1496	0	0	0	0	0	0	0	0	200
1746124498.853	action	804	0	0	0	0	0	0	0	0	200
1746124498.863	action	1063	0	0	0	0	0	0	0	0	200
1746124498.873	action	1035	0	0	0	0	0	0	0	0	200
1746124498.883	action	919	0	0	0	0	0	0	0	0	200
1746124498.893	action	2167	0	0	0	0	0	0	0	0	200
1746124498.903	action	512	0	0	0	0	0	0	0	0	200
1746124498.913	action	598	0	0	0	0	0	0	0	0	200
1746124498.923	action	470	0	0	0	0	0	0	0	0	200
1746124498.933	action	1029	0	0	0	0	0	0	0	0	200
1746124498.943	action	768	0	0	0	0	0	0	0	0	200
1746124498.953	action	1005	0	0	0	0	0	0	0	0	200
1746124498.963	action	873	0	0	0	0	0	0	0	0	200
1746124498.973	action	1405	0	0	0	0	0	0	0	0	200
1746124498.983	action	1036	0	0	0	0	0	0	0	0	200
1746124498.993	action	912	0	0	0	0	0	0	0	0	200
1746124499.003	action	507	0	0	0	0	0	0	0	0	200
1746124499.013	action	1233	0	0	0	0	0	0	0	0	200
1746124499.023	action	641	0	0	0	0	0	0	0	0	200
1746124499.033	action	607	0	0	0	0	0	0	0	0	200
1746124499.043	action	1465	0	0	0	0	0	0	0	0	200
1746124499.053	action	1588	0	0	0	0	0	0	0	0	200
1746124499.063	action	1270	0	0	0	0	0	0	0	0	200
1746124499.072	action	932	0	0	0	0	0	0	0	0	200
1746124499.083	action	1042	0	0	0	0	0	0	0	0	200
1746124499.093	action	2239	0	0	0	0	0	0	0	0	200
1746124499.103	action	685	0	0	0	0	0	0	0	0	200
1746124499.113	action	929	0	0	0	0	0	0	0	0	200
1746124499.123	action	535	0	0	0	0	0	0	0	0	200
1746124499.133	action	1644	0	0	0	0	0	0	0	0	200
1746124499.143	action	1284	0	0	0	0	0	0	0	0	200
1746124499.153	action	1063	0	0	0	0	0	0	0	0	200
1746124499.163	action	470	0	0	0	0	0	0	0	0	200
1746124499.173	action	708	0	0	0	0	0	0	0	0	200
1746124499.182	action	1082	0	0	0	0	0	0	0	0	200
1746124499.193	action	996	0	0	0	0	0	0	0	0	200
1746124499.203	action	615	0	0	0	0	0	0	0	0	200
1746124499.213	action	1713	0	0	0	0	0	0	0	0	200
1746124499.223	action	578	0	0	0	0	0	0	0	0	200
1746124499.233	action	483	0	0	0	0	0	0	0	0	200
1746124499.243	action	1441	0	0	0	0	0	0	0	0	200
1746124499.253	action	1390	0	0	0	0	0	0	0	0	200
1746124499.263	action	521	0	0	0	0	0	0	0	0	200
1746124499.273	action	490	0	0	0	0	0	0	0	0	200
1746124499.283	action	1040	0	0	0	0	0	0	0	0	200
1746124499.293	action	1415	0	0	0	0	0	0	0	0	200
1746124499.303	action	510	0	0	0	0	0	0	0	0	200
1746124499.313	action	946	0	0	0	0	0	0	0	0	200
1746124499.323	action	582	0	0	0	0	0	0	0	0	200
1746124499.333	action	1558	0	0	0	0	0	0	0	0	200
1746124499.343	action	1770	0	0	0	0	0	0	0	0	200
1746124499.353	action	1234	0	0	0	0	0	0	0	0	200
1746124499.363	action	519	0	0	0	0	0	0	0	0	200
1746124499.373	action	807	0	0	0	0	0	0	0	0	200
1746124499.383	action	1173	0	0	0	0	0	0	0	0	200
1746124499.393	action	1280	0	0	0	0	0	0	0	0	200
1746124499.403	action	841	0	0	0	0	0	0	0	0	200
1746124499.412	action	994	0	0	0	0	0	0	0	0	200
1746124499.423	action	579	0	0	0	0	0	0	0	0	200
1746124499.433	action	504	0	0	0	0	0	0	0	0	200
1746124499.443	action	1212	0	0	0	0	0	0	0	0	200
1746124499.453	action	519	0	0	0	0	0	0	0	0	200
1746124499.463	action	665	0	0	0	0	0	0	0	0	200
1746124499.473	action	1078	0	0	0	0	0	0	0	0	200
1746124499.483	action	1152	0	0	0	0	0	0	0	0	200
1746124499.493	action	752	0	0	0	0	0	0	0	0	200
1746124499.503	action	620	0	0	0	0	0	0	0	0	200
1746124499.513	action	1424	0	0	0	0	0	0	0	0	200
1746124499.524	action	1258	0	0	0	0	0	0	0	0	200
1746124499.533	action	1588	0	0	0	0	0	0	0	0	200
1746124499.543	action	1273	0	0	0	0	0	0	0	0	200
1746124499.553	action	1886	0	0	0	0	0	0	0	0	200
1746124499.563	action	904	0	0	0	0	0	0	0	0	200
1746124499.573	action	678	0	0	0	0	0	0	0	0	200
1746124499.583	action	1137	0	0	0	0	0	0	0	0	200
1746124499.593	action	1354	0	0	0	0	0	0	0	0	200
1746124499.603	action	902	0	0	0	0	0	0	0	0	200
1746124499.613	action	786	0	0	0	0	0	0	0	0	200
1746124499.623	action	768	0	0	0	0	0	0	0	0	200
1746124499.633	action	509	0	0	0	0	0	0	0	0	200
1746124499.643	action	1853	0	0	0	0	0	0	0	0	200
1746124499.653	action	845	0	0	0	0	0	0	0	0	200
1746124499.663	action	806	0	0	0	0	0	0	0	0	200
1746124499.673	action	1025	0	0	0	0	0	0	0	0	200
1746124499.683	action	1508	0	0	0	0	0	0	0	0	200
1746124499.693	action	1161	0	0	0	0	0	0	0	0	200
1746124499.703	action	535	0	0	0	0	0	0	0	0	200
1746124499.713	action	985	0	0	0	0	0	0	0	0	200
1746124499.723	action	664	0	0	0	0	0	0	0	0	200
1746124499.733	action	1150	0	0	0	0	0	0	0	0	200
1746124499.743	action	761	0	0	0	0	0	0	0	0	200
1746124499.753	action	1090	0	0	0	0	0	0	0	0	200
1746124499.763	action	951	0	0	0	0	0	0	0	0	200
1746124499.773	action	555	0	0	0	0	0	0	0	0	200
1746124499.783	action	1106	0	0	0	0	0	0	0	0	200
1746124499.793	action	1363	0	0	0	0	0	0	0	0	200
1746124499.803	action	1657	0	0	0	0	0	0	0	0	200
1746124499.813	action	564	0	0	0	0	0	0	0	0	200
1746124499.823	action	1383	0	0	0	0	0	0	0	0	200
1746124499.833	action	828	0	0	0	0	0	0	0	0	200
1746124499.843	action	1352	0	0	0	0	0	0	0	0	200
1746124499.853	action	1046	0	0	0	0	0	0	0	0	200
1746124499.863	action	976	0	0	0	0	0	0	0	0	200
1746124499.873	action	1913	0	0	0	0	0	0	0	0	200
1746124499.883	action	1001	0	0	0	0	0	0	0	0	200
1746124499.893	action	1162	0	0	0	0	0	0	0	0	200
1746124499.903	action	554	0	0	0	0	0	0	0	0	200
1746124499.913	action	1225	0	0	0	0	0	0	0	0	200
1746124499.923	action	722	0	0	0	0	0	0	0	0	200
1746124499.933	action	1065	0	0	0	0	0	0	0	0	200
1746124499.943	action	1267	0	0	0	0	0	0	0	0	200
1746124499.952	action	1494	0	0	0	0	0	0	0	0	200
1746124499.963	action	540	0	0	0	0	0	0	0	0	200
1746124499.973	action	1138	0	0	0	0	0	0	0	0	200
1746124499.983	action	1148	0	0	0	0	0	0	0	0	200
1746124499.993	action	2112	0	0	0	0	0	0	0	0	200
1746124500.003	action	1070	0	0	0	0	0	0	0	0	200
1746124500.013	action	660	0	0	0	0	0	0	0	0	200
1746124500.023	action	1252	0	0	0	0	0	0	0	0	200
1746124500.033	action	513	0	0	0	0	0	0	0	0	200
1746124500.043	action	819	0	0	0	0	0	0	0	0	200
1746124500.053	action	610	0	0	0	0	0	0	0	0	200
1746124500.063	action	966	0	0	0	0	0	0	0	0	200
1746124500.073	action	611	0	0	0	0	0	0	0	0	200
1746124500.083	action	573	0	0	0	0	0	0	0	0	200
1746124500.093	action	1407	0	0	0	0	0	0	0	0	200
1746124500.103	action	1442	0	0	0	0	0	0	0	0	200
1746124500.113	action	1063	0	0	0	0	0	0	0	0	200
1746124500.123	action	630	0	0	0	0	0	0	0	0	200
1746124500.133	action	455	0	0	0	0	0	0	0	0	200
1746124500.143	action	1984	0	0	0	0	0	0	0	0	200
1746124500.153	action	793	0	0	0	0	0	0	0	0	200
1746124500.163	action	659	0	0	0	0	0	0	0	0	200
1746124500.173	action	776	0	0	0	0	0	0	0	0	200
1746124500.183	action	1790	0	0	0	0	0	0	0	0	200
1746124500.193	action	1360	0	0	0	0	0	0	0	0	200
1746124500.203	action	1020	0	0	0	0	0	0	0	0	200
1746124500.213	action	555	0	0	0	0	0	0	0	0	200
1746124500.223	action	1149	0	0	0	0	0	0	0	0	200
1746124500.233	action	493	0	0	0	0	0	0	0	0	200
1746124500.243	action	1430	0	0	0	0	0	0	0	0	200
1746124500.253	action	423	0	0	0	0	0	0	0	0	200
1746124500.263	action	1013	0	0	0	0	0	0	0	0	200
1746124500.273	action	457	0	0	0	0	0	0	0	0	200
1746124500.283	action	845	0	0	0	0	0	0	0	0	200
1746124500.293	action	746	0	0	0	0	0	0	0	0	200
1746124500.303	action	950	0	0	0	0	0	0	0	0	200
1746124500.313	action	1387	0	0	0	0	0	0	0	0	200
1746124500.323	action	870	0	0	0	0	0	0	0	0	200
1746124500.333	action	548	0	0	0	0	0	0	0	0	200
1746124500.343	action	1733	0	0	0	0	0	0	0	0	200
1746124500.353	action	1057	0	0	0	0	0	0	0	0	200
1746124500.363	action	526	0	0	0	0	0	0	0	0	200
1746124500.373	action	1049	0	0	0	0	0	0	0	0	200
1746124500.383	action	1252	0	0	0	0	0	0	0	0	200
1746124500.393	action	1315	0	0	0	0	0	0	0	0	200
1746124500.403	action	793	0	0	0	0	0	0	0	0	200
1746124500.413	action	752	0	0	0	0	0	0	0	0	200
1746124500.422	action	1100	0	0	0	0	0	0	0	0	200
1746124500.433	action	546	0	0	0	0	0	0	0	0	200
1746124500.443	action	1265	0	0	0	0	0	0	0	0	200
1746124500.453	action	796	0	0	0	0	0	0	0	0	200
1746124500.463	action	887	0	0	0	0	0	0	0	0	200
1746124500.473	action	1066	0	0	0	0	0	0	0	0	200
1746124500.483	action	1078	0	0	0	0	0	0	0	0	200
1746124500.493	action	1225	0	0	0	0	0	0	0	0	200
1746124500.503	action	787	0	0	0	0	0	0	0	0	200
1746124500.513	action	1123	0	0	0	0	0	0	0	0	200
1746124500.523	action	794	0	0	0	0	0	0	0	0	200
1746124500.533	action	1209	0	0	0	0	0	0	0	0	200
1746124500.543	action	1760	0	0	0	0	0	0	0	0	200
1746124500.553	action	1103	0	0	0	0	0	0	0	0	200
1746124500.563	action	533	0	0	0	0	0	0	0	0	200
1746124500.573	action	1168	0	0	0	0	0	0	0	0	200
1746124500.583	action	984	0	0	0	0	0	0	0	0	200
1746124500.593	action	1383	0	0	0	0	0	0	0	0	200
1746124500.603	action	999	0	0	0	0	0	0	0	0	200
1746124500.613	action	624	0	0	0	0	0	0	0	0	200
1746124500.623	action	974	0	0	0	0	0	0	0	0	200
1746124500.633	action	518	0	0	0	0	0	0	0	0	200
1746124500.643	action	1012	0	0	0	0	0	0	0	0	200
1746124500.653	action	1318	0	0	0	0	0	0	0	0	200
1746124500.664	action	1172	0	0	0	0	0	0	0	0	200
1746124500.673	action	737	0	0	0	0	0	0	0	0	200
1746124500.683	action	634	0	0	0	0	0	0	0	0	200
1746124500.693	action	1290	0	0	0	0	0	0	0	0	200
1746124500.703	action	802	0	0	0	0	0	0	0	0	200
1746124500.713	action	1126	0	0	0	0	0	0	0	0	200
1746124500.723	action	703	0	0	0	0	0	0	0	0	200
1746124500.733	action	524	0	0	0	0	0	0	0	0	200
1746124500.743	action	2029	0	0	0	0	0	0	0	0	200
1746124500.753	action	803	0	0	0	0	0	0	0	0	200
1746124500.763	action	559	0	0	0	0	0	0	0	0	200
1746124500.773	action	1147	0	0	0	0	0	0	0	0	200
1746124500.783	action	917	0	0	0	0	0	0	0	0	200
1746124500.793	action	1330	0	0	0	0	0	0	0	0	200
1746124500.803	action	929	0	0	0	0	0	0	0	0	200
1746124500.813	action	630	0	0	0	0	0	0	0	0	200
1746124500.823	action	2900	0	0	0	0	0	0	0	0	200
1746124500.833	action	496	0	0	0	0	0	0	0	0	200
1746124500.843	action	1449	0	0	0	0	0	0	0	0	200
1746124500.853	action	1156	0	0	0	0	0	0	0	0	200
1746124500.863	action	1419	0	0	0	0	0	0	0	0	200
1746124500.873	action	1050	0	0	0	0	0	0	0	0	200
1746124500.883	action	658	0	0	0	0	0	0	0	0	200
1746124500.893	action	1337	0	0	0	0	0	0	0	0	200
1746124500.903	action	715	0	0	0	0	0	0	0	0	200
1746124500.914	action	1242	0	0	0	0	0	0	0	0	200
1746124500.923	action	512	0	0	0	0	0	0	0	0	200
1746124500.933	action	585	0	0	0	0	0	0	0	0	200
1746124500.943	action	2134	0	0	0	0	0	0	0	0	200
1746124500.953	action	435	0	0	0	0	0	0	0	0	200
1746124500.963	action	771	0	0	0	0	0	0	0	0	200
1746124500.973	action	1244	0	0	0	0	0	0	0	0	200
1746124500.983	action	1022	0	0	0	0	0	0	0	0	200
1746124500.994	action	1627	0	0	0	0	0	0	0	0	200
1746124501.003	action	952	0	0	0	0	0	0	0	0	200
1746124501.013	action	846	0	0	0	0	0	0	0	0	200
1746124501.023	action	1106	0	0	0	0	0	0	0	0	200
1746124501.033	action	530	0	0	0	0	0	0	0	0	200
1746124501.044	action	1640	0	0	0	0	0	0	0	0	200
1746124501.053	action	876	0	0	0	0	0	0	0	0	200
1746124501.063	action	827	0	0	0	0	0	0	0	0	200
1746124501.074	action	891	0	0	0	0	0	0	0	0	200
1746124501.083	action	1004	0	0	0	0	0	0	0	0	200
1746124501.093	action	1321	0	0	0	0	0	0	0	0	200
1746124501.103	action	571	0	0	0	0	0	0	0	0	200
1746124501.113	action	1005	0	0	0	0	0	0	0	0	200
1746124501.123	action	872	0	0	0	0	0	0	0	0	200
1746124501.133	action	642	0	0	0	0	0	0	0	0	200
1746124501.143	action	907	0	0	0	0	0	0	0	0	200
1746124501.153	action	663	0	0	0	0	0	0	0	0	200
1746124501.163	action	432	0	0	0	0	0	0	0	0	200
1746124501.173	action	445	0	0	0	0	0	0	0	0	200
1746124501.183	action	568	0	0	0	0	0	0	0	0	200
1746124501.193	action	1044	0	0	0	0	0	0	0	0	200
1746124501.203	action	492	0	0	0	0	0	0	0	0	200
1746124501.213	action	578	0	0	0	0	0	0	0	0	200
1746124501.223	action	558	0	0	0	0	0	0	0	0	200
1746124501.233	action	820	0	0	0	0	0	0	0	0	200
1746124501.244	action	1739	0	0	0	0	0	0	0	0	200
1746124501.253	action	594	0	0	0	0	0	0	0	0	200
1746124501.263	action	1056	0	0	0	0	0	0	0	0	200
1746124501.273	action	1819	0	0	0	0	0	0	0	0	200
1746124501.283	action	632	0	0	0	0	0	0	0	0	200
1746124501.293	action	1527	0	0	0	0	0	0	0	0	200
1746124501.303	action	532	0	0	0	0	0	0	0	0	200
1746124501.313	action	1594	0	0	0	0	0	0	0	0	200
1746124501.323	action	922	0	0	0	0	0	0	0	0	200
1746124501.333	action	716	0	0	0	0	0	0	0	0	200
1746124501.343	action	1325	0	0	0	0	0	0	0	0	200
1746124501.353	action	1404	0	0	0	0	0	0	0	0	200
1746124501.363	action	1135	0	0	0	0	0	0	0	0	200
1746124501.373	action	559	0	0	0	0	0	0	0	0	200
1746124501.383	action	843	0	0	0	0	0	0	0	0	200
1746124501.393	action	1061	0	0	0	0	0	0	0	0	200
1746124501.403	action	414	0	0	0	0	0	0	0	0	200
1746124501.413	action	795	0	0	0	0	0	0	0	0	200
1746124501.423	action	613	0	0	0	0	0	0	0	0	200
1746124501.434	action	989	0	0	0	0	0	0	0	0	200
1746124501.443	action	931	0	0	0	0	0	0	0	0	200
1746124501.453	action	576	0	0	0	0	0	0	0	0	200
1746124501.463	action	782	0	0	0	0	0	0	0	0	200
1746124501.473	action	732	0	0	0	0	0	0	0	0	200
1746124501.483	action	531	0	0	0	0	0	0	0	0	200
1746124501.493	action	829	0	0	0	0	0	0	0	0	200
1746124501.503	action	490	0	0	0	0	0	0	0	0	200
1746124501.513	action	839	0	0	0	0	0	0	0	0	200
1746124501.523	action	675	0	0	0	0	0	0	0	0	200
1746124501.533	action	479	0	0	0	0	0	0	0	0	200
1746124501.543	action	609	0	0	0	0	0	0	0	0	200
1746124501.553	action	588	0	0	0	0	0	0	0	0	200
1746124501.563	action	735	0	0	0	0	0	0	0	0	200
1746124501.573	action	546	0	0	0	0	0	0	0	0	200
1746124501.583	action	558	0	0	0	0	0	0	0	0	200
1746124501.593	action	1148	0	0	0	0	0	0	0	0	200
1746124501.603	action	666	0	0	0	0	0	0	0	0	200
1746124501.613	action	711	0	0	0	0	0	0	0	0	200
1746124501.623	action	559	0	0	0	0	0	0	0	0	200
1746124501.633	action	672	0	0	0	0	0	0	0	0	200
1746124501.643	action	1336	0	0	0	0	0	0	0	0	200
1746124501.653	action	1535	0	0	0	0	0	0	0	0	200
1746124501.663	action	416	0	0	0	0	0	0	0	0	200
1746124501.673	action	620	0	0	0	0	0	0	0	0	200
1746124501.683	action	522	0	0	0	0	0	0	0	0	200
1746124501.693	action	681	0	0	0	0	0	0	0	0	200
1746124501.703	action	542	0	0	0	0	0	0	0	0	200
1746124501.713	action	868	0	0	0	0	0	0	0	0	200
1746124501.723	action	809	0	0	0	0	0	0	0	0	200
1746124501.733	action	1252	0	0	0	0	0	0	0	0	200
1746124501.743	action	1027	0	0	0	0	0	0	0	0	200
1746124501.753	action	433	0	0	0	0	0	0	0	0	200
1746124501.763	action	1203	0	0	0	0	0	0	0	0	200
1746124501.773	action	523	0	0	0	0	0	0	0	0	200
1746124501.782	action	602	0	0	0	0	0	0	0	0	200
1746124501.793	action	797	0	0	0	0	0	0	0	0	200
1746124501.803	action	475	0	0	0	0	0	0	0	0	200
1746124501.814	action	356	0	0	0	0	0	0	0	0	200
1746124501.823	action	758	0	0	0	0	0	0	0	0	200
1746124501.833	action	488	0	0	0	0	0	0	0	0	200
1746124501.843	action	630	0	0	0	0	0	0	0	0	200
1746124501.853	action	662	0	0	0	0	0	0	0	0	200
1746124501.863	action	572	0	0	0	0	0	0	0	0	200
1746124501.873	action	1225	0	0	0	0	0	0	0	0	200
1746124501.883	action	652	0	0	0	0	0	0	0	0	200
1746124501.893	action	786	0	0	0	0	0	0	0	0	200
1746124501.903	action	588	0	0	0	0	0	0	0	0	200
1746124501.913	action	1094	0	0	0	0	0	0	0	0	200
1746124501.923	action	1253	0	0	0	0	0	0	0	0	200
1746124501.933	action	1390	0	0	0	0	0	0	0	0	200
1746124501.943	action	1550	0	0	0	0	0	0	0	0	200
1746124501.953	action	720	0	0	0	0	0	0	0	0	200
1746124501.963	action	582	0	0	0	0	0	0	0	0	200
1746124501.973	action	751	0	0	0	0	0	0	0	0	200
1746124501.983	action	527	0	0	0	0	0	0	0	0	200
1746124501.993	action	624	0	0	0	0	0	0	0	0	200
1746124502.003	action	526	0	0	0	0	0	0	0	0	200
1746124502.013	action	761	0	0	0	0	0	0	0	0	200
1746124502.023	action	658	0	0	0	0	0	0	0	0	200
1746124502.033	action	534	0	0	0	0	0	0	0	0	200
1746124502.043	action	844	0	0	0	0	0	0	0	0	200
1746124502.053	action	711	0	0	0	0	0	0	0	0	200
1746124502.063	action	712	0	0	0	0	0	0	0	0	200
1746124502.073	action	495	0	0	0	0	0	0	0	0	200
1746124502.083	action	554	0	0	0	0	0	0	0	0	200
1746124502.093	action	849	0	0	0	0	0	0	0	0	200
1746124502.103	action	457	0	0	0	0	0	0	0	0	200
1746124502.114	action	1190	0	0	0	0	0	0	0	0	200
1746124502.123	action	515	0	0	0	0	0	0	0	0	200
1746124502.133	action	1548	0	0	0	0	0	0	0	0	200
1746124502.143	action	1379	0	0	0	0	0	0	0	0	200
1746124502.153	action	1058	0	0	0	0	0	0	0	0	200
1746124502.163	action	423	0	0	0	0	0	0	0	0	200
1746124502.173	action	717	0	0	0	0	0	0	0	0	200
1746124502.183	action	429	0	0	0	0	0	0	0	0	200
1746124502.193	action	656	0	0	0	0	0	0	0	0	200
1746124502.203	action	500	0	0	0	0	0	0	0	0	200
1746124502.213	action	562	0	0	0	0	0	0	0	0	200
1746124502.223	action	510	0	0	0	0	0	0	0	0	200
1746124502.233	action	530	0	0	0	0	0	0	0	0	200
1746124502.243	action	687	0	0	0	0	0	0	0	0	200
1746124502.253	action	618	0	0	0	0	0	0	0	0	200
1746124502.263	action	669	0	0	0	0	0	0	0	0	200
1746124502.273	action	512	0	0	0	0	0	0	0	0	200
1746124502.283	action	348	0	0	0	0	0	0	0	0	200
1746124502.294	action	1482	0	0	0	0	0	0	0	0	200
1746124502.303	action	1253	0	0	0	0	0	0	0	0	200
1746124502.313	action	703	0	0	0	0	0	0	0	0	200
1746124502.323	action	1055	0	0	0	0	0	0	0	0	200
1746124502.333	action	1595	0	0	0	0	0	0	0	0	200
1746124502.343	action	940	0	0	0	0	0	0	0	0	200
1746124502.353	action	645	0	0	0	0	0	0	0	0	200
1746124502.364	action	1211	0	0	0	0	0	0	0	0	200
1746124502.373	action	1103	0	0	0	0	0	0	0	0	200
1746124502.384	action	1420	0	0	0	0	0	0	0	0	200
1746124502.394	action	1143	0	0	0	0	0	0	0	0	200
1746124502.403	action	751	0	0	0	0	0	0	0	0	200
1746124502.413	action	458	0	0	0	0	0	0	0	0	200
1746124502.423	action	848	0	0	0	0	0	0	0	0	200
1746124502.433	action	683	0	0	0	0	0	0	0	0	200
1746124502.443	action	624	0	0	0	0	0	0	0	0	200
1746124502.453	action	539	0	0	0	0	0	0	0	0	200
1746124502.463	action	501	0	0	0	0	0	0	0	0	200
1746124502.473	action	613	0	0	0	0	0	0	0	0	200
1746124502.483	action	369	0	0	0	0	0	0	0	0	200
1746124502.493	action	729	0	0	0	0	0	0	0	0	200
1746124502.503	action	500	0	0	0	0	0	0	0	0	200
1746124502.514	action	650	0	0	0	0	0	0	0	0	200
1746124502.523	action	483	0	0	0	0	0	0	0	0	200
1746124502.533	action	390	0	0	0	0	0	0	0	0	200
1746124502.543	action	733	0	0	0	0	0	0	0	0	200
1746124502.553	action	778	0	0	0	0	0	0	0	0	200
1746124502.563	action	413	0	0	0	0	0	0	0	0	200
1746124502.573	action	390	0	0	0	0	0	0	0	0	200
1746124502.583	action	580	0	0	0	0	0	0	0	0	200
1746124502.593	action	735	0	0	0	0	0	0	0	0	200
1746124502.603	action	708	0	0	0	0	0	0	0	0	200
1746124502.613	action	1041	0	0	0	0	0	0	0	0	200
1746124502.623	action	941	0	0	0	0	0	0	0	0	200
1746124502.633	action	481	0	0	0	0	0	0	0	0	200
1746124502.644	action	443	0	0	0	0	0	0	0	0	200
1746124502.653	action	516	0	0	0	0	0	0	0	0	200
1746124502.663	action	864	0	0	0	0	0	0	0	0	200
1746124502.673	action	1787	0	0	0	0	0	0	0	0	200
1746124502.683	action	426	0	0	0	0	0	0	0	0	200
1746124502.693	action	937	0	0	0	0	0	0	0	0	200
1746124502.703	action	680	0	0	0	0	0	0	0	0	200
1746124502.713	action	926	0	0	0	0	0	0	0	0	200
1746124502.723	action	1242	0	0	0	0	0	0	0	0	200
1746124502.733	action	599	0	0	0	0	0	0	0	0	200
1746124502.743	action	1403	0	0	0	0	0	0	0	0	200
1746124502.753	action	430	0	0	0	0	0	0	0	0	200
1746124502.764	action	995	0	0	0	0	0	0	0	0	200
1746124502.773	action	733	0	0	0	0	0	0	0	0	200
1746124502.783	action	2002	0	0	0	0	0	0	0	0	200
1746124502.793	action	1058	0	0	0	0	0	0	0	0	200
1746124502.803	action	544	0	0	0	0	0	0	0	0	200
1746124502.813	action	545	0	0	0	0	0	0	0	0	200
1746124502.823	action	747	0	0	0	0	0	0	0	0	200
1746124502.833	action	646	0	0	0	0	0	0	0	0	200
1746124502.843	action	688	0	0	0	0	0	0	0	0	200
1746124502.853	action	727	0	0	0	0	0	0	0	0	200
1746124502.863	action	651	0	0	0	0	0	0	0	0	200
1746124502.873	action	474	0	0	0	0	0	0	0	0	200
1746124502.883	action	732	0	0	0	0	0	0	0	0	200
1746124502.932	action	22411	0	0	0	0	0	0	0	0	200
1746124502.951	action	4034	0	0	0	0	0	0	0	0	200
1746124502.951	action	4903	0	0	0	0	0	0	0	0	200
1746124502.932	action	23093	0	0	0	0	0	0	0	0	200
1746124502.951	action	4550	0	0	0	0	0	0	0	0	200
1746124502.953	action	3293	0	0	0	0	0	0	0	0	200
1746124502.953	action	3327	0	0	0	0	0	0	0	0	200
1746124502.963	action	1059	0	0	0	0	0	0	0	0	200
1746124502.973	action	417	0	0	0	0	0	0	0	0	200
1746124502.983	action	435	0	0	0	0	0	0	0	0	200
1746124502.993	action	825	0	0	0	0	0	0	0	0	200
1746124503.002	action	491	0	0	0	0	0	0	0	0	200
1746124503.013	action	506	0	0	0	0	0	0	0	0	200
1746124503.023	action	796	0	0	0	0	0	0	0	0	200
1746124503.033	action	424	0	0	0	0	0	0	0	0	200
1746124503.043	action	1021	0	0	0	0	0	0	0	0	200
1746124503.054	action	561	0	0	0	0	0	0	0	0	200
1746124503.063	action	415	0	0	0	0	0	0	0	0	200
1746124503.073	action	500	0	0	0	0	0	0	0	0	200
1746124503.083	action	480	0	0	0	0	0	0	0	0	200
1746124503.093	action	1288	0	0	0	0	0	0	0	0	200
1746124503.103	action	505	0	0	0	0	0	0	0	0	200
1746124503.113	action	892	0	0	0	0	0	0	0	0	200
1746124503.123	action	1309	0	0	0	0	0	0	0	0	200
1746124503.133	action	900	0	0	0	0	0	0	0	0	200
1746124503.143	action	609	0	0	0	0	0	0	0	0	200
1746124503.153	action	610	0	0	0	0	0	0	0	0	200
1746124503.163	action	644	0	0	0	0	0	0	0	0	200
1746124503.173	action	956	0	0	0	0	0	0	0	0	200
1746124503.183	action	590	0	0	0	0	0	0	0	0	200
1746124503.193	action	634	0	0	0	0	0	0	0	0	200
1746124503.203	action	2013	0	0	0	0	0	0	0	0	200
1746124503.213	action	2351	0	0	0	0	0	0	0	0	200
1746124503.223	action	1192	0	0	0	0	0	0	0	0	200
1746124503.233	action	595	0	0	0	0	0	0	0	0	200
1746124503.243	action	621	0	0	0	0	0	0	0	0	200
1746124503.253	action	979	0	0	0	0	0	0	0	0	200
1746124503.263	action	862	0	0	0	0	0	0	0	0	200
1746124503.273	action	552	0	0	0	0	0	0	0	0	200
1746124503.283	action	5906	0	0	0	0	0	0	0	0	200
1746124503.293	action	7055	0	0	0	0	0	0	0	0	200
1746124503.304	action	20127	0	0	0	0	0	0	0	0	200
1746124503.316	action	14542	0	0	0	0	0	0	0	0	200
1746124503.324	action	12339	0	0	0	0	0	0	0	0	200
1746124503.335	action	7533	0	0	0	0	0	0	0	0	200
1746124503.343	action	937	0	0	0	0	0	0	0	0	200
1746124503.353	action	3543	0	0	0	0	0	0	0	0	200
1746124503.363	action	725	0	0	0	0	0	0	0	0	200
1746124503.373	action	1326	0	0	0	0	0	0	0	0	200
1746124503.384	action	3126	0	0	0	0	0	0	0	0	200
1746124503.398	action	1878	0	0	0	0	0	0	0	0	200
1746124503.403	action	1350	0	0	0	0	0	0	0	0	200
1746124503.414	action	1244	0	0	0	0	0	0	0	0	200
1746124503.423	action	2733	0	0	0	0	0	0	0	0	200
1746124503.433	action	1100	0	0	0	0	0	0	0	0	200
1746124503.443	action	2191	0	0	0	0	0	0	0	0	200
1746124503.453	action	484	0	0	0	0	0	0	0	0	200
1746124503.463	action	1883	0	0	0	0	0	0	0	0	200
1746124503.473	action	462	0	0	0	0	0	0	0	0	200
1746124503.483	action	730	0	0	0	0	0	0	0	0	200
1746124503.493	action	1182	0	0	0	0	0	0	0	0	200
1746124503.503	action	545	0	0	0	0	0	0	0	0	200
1746124503.513	action	489	0	0	0	0	0	0	0	0	200
1746124503.523	action	397	0	0	0	0	0	0	0	0	200
1746124503.533	action	466	0	0	0	0	0	0	0	0	200
1746124503.543	action	760	0	0	0	0	0	0	0	0	200
1746124503.553	action	449	0	0	0	0	0	0	0	0	200
1746124503.563	action	444	0	0	0	0	0	0	0	0	200
1746124503.573	action	419	0	0	0	0	0	0	0	0	200
1746124503.583	action	569	0	0	0	0	0	0	0	0	200
1746124503.593	action	476	0	0	0	0	0	0	0	0	200
1746124503.603	action	426	0	0	0	0	0	0	0	0	200
1746124503.613	action	583	0	0	0	0	0	0	0	0	200
1746124503.623	action	656	0	0	0	0	0	0	0	0	200
1746124503.633	action	515	0	0	0	0	0	0	0	0	200
1746124503.643	action	539	0	0	0	0	0	0	0	0	200
1746124503.653	action	1178	0	0	0	0	0	0	0	0	200
1746124503.663	action	523	0	0	0	0	0	0	0	0	200
1746124503.673	action	473	0	0	0	0	0	0	0	0	200
1746124503.683	action	515	0	0	0	0	0	0	0	0	200
1746124503.694	action	742	0	0	0	0	0	0	0	0	200
1746124503.703	action	1006	0	0	0	0	0	0	0	0	200
1746124503.713	action	1036	0	0	0	0	0	0	0	0	200
1746124503.724	action	802	0	0	0	0	0	0	0	0	200
1746124503.733	action	912	0	0	0	0	0	0	0	0	200
1746124503.743	action	1212	0	0	0	0	0	0	0	0	200
1746124503.753	action	1080	0	0	0	0	0	0	0	0	200
1746124503.764	action	1143	0	0	0	0	0	0	0	0	200
1746124503.773	action	1272	0	0	0	0	0	0	0	0	200
1746124503.783	action	2961	0	0	0	0	0	0	0	0	200
1746124503.794	action	1949	0	0	0	0	0	0	0	0	200
1746124503.803	action	836	0	0	0	0	0	0	0	0	200
1746124503.814	action	1818	0	0	0	0	0	0	0	0	200
1746124503.823	action	1091	0	0	0	0	0	0	0	0	200
1746124503.833	action	3930	0	0	0	0	0	0	0	0	200
1746124503.843	action	2868	0	0	0	0	0	0	0	0	200
1746124503.853	action	1046	0	0	0	0	0	0	0	0	200
1746124503.863	action	861	0	0	0	0	0	0	0	0	200
1746124503.873	action	799	0	0	0	0	0	0	0	0	200
1746124503.884	action	2264	0	0	0	0	0	0	0	0	200
1746124503.893	action	1624	0	0	0	0	0	0	0	0	200
1746124503.903	action	792	0	0	0	0	0	0	0	0	200
1746124503.914	action	1341	0	0	0	0	0	0	0	0	200
1746124503.923	action	738	0	0	0	0	0	0	0	0	200
1746124503.933	action	1909	0	0	0	0	0	0	0	0	200
1746124503.943	action	969	0	0	0	0	0	0	0	0	200
1746124503.953	action	916	0	0	0	0	0	0	0	0	200
1746124503.963	action	1349	0	0	0	0	0	0	0	0	200
1746124503.973	action	1421	0	0	0	0	0	0	0	0	200
1746124503.983	action	843	0	0	0	0	0	0	0	0	200
1746124503.994	action	613	0	0	0	0	0	0	0	0	200
1746124504.003	action	631	0	0	0	0	0	0	0	0	200
1746124504.013	action	981	0	0	0	0	0	0	0	0	200
1746124504.023	action	498	0	0	0	0	0	0	0	0	200
1746124504.033	action	665	0	0	0	0	0	0	0	0	200
1746124504.043	action	668	0	0	0	0	0	0	0	0	200
1746124504.054	action	813	0	0	0	0	0	0	0	0	200
1746124504.063	action	592	0	0	0	0	0	0	0	0	200
1746124504.074	action	726	0	0	0	0	0	0	0	0	200
1746124504.083	action	1130	0	0	0	0	0	0	0	0	200
1746124504.102	action	1927	0	0	0	0	0	0	0	0	200
1746124504.103	action	1452	0	0	0	0	0	0	0	0	200
1746124504.113	action	948	0	0	0	0	0	0	0	0	200
1746124504.123	action	623	0	0	0	0	0	0	0	0	200
1746124504.133	action	353	0	0	0	0	0	0	0	0	200
1746124504.143	action	442	0	0	0	0	0	0	0	0	200
1746124504.154	action	901	0	0	0	0	0	0	0	0	200
1746124504.164	action	2511	0	0	0	0	0	0	0	0	200
1746124504.173	action	378	0	0	0	0	0	0	0	0	200
1746124504.183	action	419	0	0	0	0	0	0	0	0	200
1746124504.193	action	535	0	0	0	0	0	0	0	0	200
1746124504.203	action	560	0	0	0	0	0	0	0	0	200
1746124504.213	action	545	0	0	0	0	0	0	0	0	200
1746124504.223	action	616	0	0	0	0	0	0	0	0	200
1746124504.233	action	461	0	0	0	0	0	0	0	0	200
1746124504.243	action	603	0	0	0	0	0	0	0	0	200
1746124504.253	action	500	0	0	0	0	0	0	0	0	200
1746124504.263	action	408	0	0	0	0	0	0	0	0	200
1746124504.273	action	638	0	0	0	0	0	0	0	0	200
1746124504.283	action	679	0	0	0	0	0	0	0	0	200
1746124504.293	action	1076	0	0	0	0	0	0	0	0	200
1746124504.303	action	740	0	0	0	0	0	0	0	0	200
1746124504.313	action	845	0	0	0	0	0	0	0	0	200
1746124504.323	action	616	0	0	0	0	0	0	0	0	200
1746124504.333	action	501	0	0	0	0	0	0	0	0	200
1746124504.343	action	518	0	0	0	0	0	0	0	0	200
1746124504.353	action	785	0	0	0	0	0	0	0	0	200
1746124504.363	action	1013	0	0	0	0	0	0	0	0	200
1746124504.373	action	598	0	0	0	0	0	0	0	0	200
1746124504.383	action	1042	0	0	0	0	0	0	0	0	200
1746124504.393	action	512	0	0	0	0	0	0	0	0	200
1746124504.403	action	3994	0	0	0	0	0	0	0	0	200
1746124504.413	action	1388	0	0	0	0	0	0	0	0	200
1746124504.423	action	857	0	0	0	0	0	0	0	0	200
1746124504.433	action	878	0	0	0	0	0	0	0	0	200
1746124504.443	action	905	0	0	0	0	0	0	0	0	200
1746124504.453	action	370	0	0	0	0	0	0	0	0	200
1746124504.463	action	334	0	0	0	0	0	0	0	0	200
1746124504.473	action	302	0	0	0	0	0	0	0	0	200
1746124504.483	action	503	0	0	0	0	0	0	0	0	200
1746124504.493	action	633	0	0	0	0	0	0	0	0	200
1746124504.503	action	370	0	0	0	0	0	0	0	0	200
1746124504.513	action	532	0	0	0	0	0	0	0	0	200
1746124504.523	action	423	0	0	0	0	0	0	0	0	200
1746124504.533	action	464	0	0	0	0	0	0	0	0	200
1746124504.543	action	410	0	0	0	0	0	0	0	0	200
1746124504.553	action	429	0	0	0	0	0	0	0	0	200
1746124504.563	action	487	0	0	0	0	0	0	0	0	200
1746124504.573	action	786	0	0	0	0	0	0	0	0	200
1746124504.583	action	482	0	0	0	0	0	0	0	0	200
1746124504.593	action	799	0	0	0	0	0	0	0	0	200
1746124504.603	action	537	0	0	0	0	0	0	0	0	200
1746124504.614	action	687	0	0	0	0	0	0	0	0	200
1746124504.623	action	465	0	0	0	0	0	0	0	0	200
1746124504.634	action	564	0	0	0	0	0	0	0	0	200
1746124504.643	action	629	0	0	0	0	0	0	0	0	200
1746124504.653	action	401	0	0	0	0	0	0	0	0	200
1746124504.663	action	523	0	0	0	0	0	0	0	0	200
1746124504.673	action	395	0	0	0	0	0	0	0	0	200
1746124504.684	action	482	0	0	0	0	0	0	0	0	200
1746124504.693	action	292	0	0	0	0	0	0	0	0	200
1746124504.703	action	293	0	0	0	0	0	0	0	0	200
1746124504.713	action	440	0	0	0	0	0	0	0	0	200
1746124504.723	action	374	0	0	0	0	0	0	0	0	200
1746124504.733	action	271	0	0	0	0	0	0	0	0	200
1746124504.743	action	383	0	0	0	0	0	0	0	0	200
1746124504.753	action	377	0	0	0	0	0	0	0	0	200
1746124504.763	action	553	0	0	0	0	0	0	0	0	200
1746124504.773	action	522	0	0	0	0	0	0	0	0	200
1746124504.783	action	466	0	0	0	0	0	0	0	0	200
1746124504.793	action	1138	0	0	0	0	0	0	0	0	200
1746124504.803	action	780	0	0	0	0	0	0	0	0	200
1746124504.814	action	879	0	0	0	0	0	0	0	0	200
1746124504.823	action	735	0	0	0	0	0	0	0	0	200
1746124504.833	action	810	0	0	0	0	0	0	0	0	200
1746124504.843	action	1655	0	0	0	0	0	0	0	0	200
1746124504.853	action	792	0	0	0	0	0	0	0	0	200
1746124504.864	action	851	0	0	0	0	0	0	0	0	200
1746124504.873	action	798	0	0	0	0	0	0	0	0	200
1746124504.883	action	1245	0	0	0	0	0	0	0	0	200
1746124504.893	action	1845	0	0	0	0	0	0	0	0	200
1746124504.903	action	2363	0	0	0	0	0	0	0	0	200
1746124504.913	action	1042	0	0	0	0	0	0	0	0	200
1746124504.923	action	1354	0	0	0	0	0	0	0	0	200
1746124504.933	action	819	0	0	0	0	0	0	0	0	200
1746124504.943	action	1076	0	0	0	0	0	0	0	0	200
1746124504.954	action	1756	0	0	0	0	0	0	0	0	200
1746124504.963	action	2047	0	0	0	0	0	0	0	0	200
