1746119042.832	action	2309	0	0	0	0	0	0	0	0	200
1746119043.033	action	2253	0	0	0	0	0	0	0	0	200
1746119043.233	action	4474	0	0	0	0	0	0	0	0	200
1746119043.431	action	2065	0	0	0	0	0	0	0	0	200
1746119043.631	action	2524	0	0	0	0	0	0	0	0	200
1746119043.829	action	4394	0	0	0	0	0	0	0	0	200
1746119044.028	action	2176	0	0	0	0	0	0	0	0	200
1746119044.227	action	2135	0	0	0	0	0	0	0	0	200
1746119044.424	action	2311	0	0	0	0	0	0	0	0	200
1746119044.622	action	4219	0	0	0	0	0	0	0	0	200
1746119044.820	action	2398	0	0	0	0	0	0	0	0	200
1746119045.017	action	2172	0	0	0	0	0	0	0	0	200
1746119045.214	action	2599	0	0	0	0	0	0	0	0	200
1746119045.411	action	2146	0	0	0	0	0	0	0	0	200
1746119045.607	action	2397	0	0	0	0	0	0	0	0	200
1746119045.803	action	2110	0	0	0	0	0	0	0	0	200
1746119046.000	action	1977	0	0	0	0	0	0	0	0	200
1746119046.195	action	3014	0	0	0	0	0	0	0	0	200
1746119046.390	action	4770	0	0	0	0	0	0	0	0	200
1746119046.586	action	3712	0	0	0	0	0	0	0	0	200
1746119046.781	action	5658	0	0	0	0	0	0	0	0	200
1746119046.976	action	3743	0	0	0	0	0	0	0	0	200
1746119047.170	action	2675	0	0	0	0	0	0	0	0	200
1746119047.364	action	1937	0	0	0	0	0	0	0	0	200
1746119047.559	action	2254	0	0	0	0	0	0	0	0	200
1746119047.752	action	3738	0	0	0	0	0	0	0	0	200
1746119047.946	action	4866	0	0	0	0	0	0	0	0	200
1746119048.139	action	5026	0	0	0	0	0	0	0	0	200
1746119048.332	action	4971	0	0	0	0	0	0	0	0	200
1746119048.525	action	4129	0	0	0	0	0	0	0	0	200
1746119048.718	action	4661	0	0	0	0	0	0	0	0	200
1746119048.910	action	2883	0	0	0	0	0	0	0	0	200
1746119049.102	action	5466	0	0	0	0	0	0	0	0	200
1746119049.293	action	3244	0	0	0	0	0	0	0	0	200
1746119049.485	action	3476	0	0	0	0	0	0	0	0	200
1746119049.676	action	3878	0	0	0	0	0	0	0	0	200
1746119049.868	action	2577	0	0	0	0	0	0	0	0	200
1746119050.059	action	3273	0	0	0	0	0	0	0	0	200
1746119050.250	action	2485	0	0	0	0	0	0	0	0	200
1746119050.440	action	2621	0	0	0	0	0	0	0	0	200
1746119050.630	action	2207	0	0	0	0	0	0	0	0	200
1746119050.820	action	3801	0	0	0	0	0	0	0	0	200
1746119051.010	action	3517	0	0	0	0	0	0	0	0	200
1746119051.200	action	2069	0	0	0	0	0	0	0	0	200
1746119051.389	action	5288	0	0	0	0	0	0	0	0	200
1746119051.578	action	2814	0	0	0	0	0	0	0	0	200
1746119051.767	action	2468	0	0	0	0	0	0	0	0	200
1746119051.956	action	2215	0	0	0	0	0	0	0	0	200
1746119052.144	action	1958	0	0	0	0	0	0	0	0	200
1746119052.332	action	5120	0	0	0	0	0	0	0	0	200
1746119052.520	action	2603	0	0	0	0	0	0	0	0	200
1746119052.708	action	2470	0	0	0	0	0	0	0	0	200
1746119052.895	action	3701	0	0	0	0	0	0	0	0	200
1746119053.083	action	5234	0	0	0	0	0	0	0	0	200
1746119053.270	action	4963	0	0	0	0	0	0	0	0	200
1746119053.457	action	3991	0	0	0	0	0	0	0	0	200
1746119053.643	action	4569	0	0	0	0	0	0	0	0	200
1746119053.830	action	4887	0	0	0	0	0	0	0	0	200
1746119054.016	action	3493	0	0	0	0	0	0	0	0	200
1746119054.201	action	2911	0	0	0	0	0	0	0	0	200
1746119054.388	action	3361	0	0	0	0	0	0	0	0	200
1746119054.573	action	4797	0	0	0	0	0	0	0	0	200
1746119054.759	action	2152	0	0	0	0	0	0	0	0	200
1746119054.944	action	2106	0	0	0	0	0	0	0	0	200
1746119055.129	action	2556	0	0	0	0	0	0	0	0	200
1746119055.314	action	2210	0	0	0	0	0	0	0	0	200
1746119055.498	action	3046	0	0	0	0	0	0	0	0	200
1746119055.682	action	2006	0	0	0	0	0	0	0	0	200
1746119055.867	action	2380	0	0	0	0	0	0	0	0	200
1746119056.051	action	4768	0	0	0	0	0	0	0	0	200
1746119056.234	action	3054	0	0	0	0	0	0	0	0	200
1746119056.418	action	4131	0	0	0	0	0	0	0	0	200
1746119056.601	action	2121	0	0	0	0	0	0	0	0	200
1746119056.784	action	2358	0	0	0	0	0	0	0	0	200
1746119056.967	action	6470	0	0	0	0	0	0	0	0	200
1746119057.149	action	2411	0	0	0	0	0	0	0	0	200
1746119057.332	action	2015	0	0	0	0	0	0	0	0	200
1746119057.515	action	4806	0	0	0	0	0	0	0	0	200
1746119057.696	action	3487	0	0	0	0	0	0	0	0	200
1746119058.060	action	2076	0	0	0	0	0	0	0	0	200
1746119057.878	action	304961	0	0	0	0	0	0	0	0	200
1746119058.242	action	2562	0	0	0	0	0	0	0	0	200
1746119058.423	action	5087	0	0	0	0	0	0	0	0	200
1746119058.604	action	8412	0	0	0	0	0	0	0	0	200
1746119058.785	action	2579	0	0	0	0	0	0	0	0	200
1746119058.965	action	6786	0	0	0	0	0	0	0	0	200
1746119059.145	action	3823	0	0	0	0	0	0	0	0	200
1746119059.326	action	5521	0	0	0	0	0	0	0	0	200
1746119059.507	action	4369	0	0	0	0	0	0	0	0	200
1746119059.686	action	6425	0	0	0	0	0	0	0	0	200
1746119059.866	action	4062	0	0	0	0	0	0	0	0	200
1746119060.045	action	4947	0	0	0	0	0	0	0	0	200
1746119060.225	action	3334	0	0	0	0	0	0	0	0	200
1746119060.404	action	5343	0	0	0	0	0	0	0	0	200
1746119060.583	action	6135	0	0	0	0	0	0	0	0	200
1746119060.762	action	2633	0	0	0	0	0	0	0	0	200
1746119060.939	action	5250	0	0	0	0	0	0	0	0	200
1746119061.118	action	6215	0	0	0	0	0	0	0	0	200
1746119061.297	action	6162	0	0	0	0	0	0	0	0	200
1746119061.474	action	6772	0	0	0	0	0	0	0	0	200
1746119061.652	action	5555	0	0	0	0	0	0	0	0	200
1746119061.830	action	3117	0	0	0	0	0	0	0	0	200
1746119062.008	action	5203	0	0	0	0	0	0	0	0	200
1746119062.185	action	5181	0	0	0	0	0	0	0	0	200
1746119062.361	action	4177	0	0	0	0	0	0	0	0	200
1746119062.538	action	5741	0	0	0	0	0	0	0	0	200
1746119062.715	action	5072	0	0	0	0	0	0	0	0	200
1746119062.892	action	4633	0	0	0	0	0	0	0	0	200
1746119063.068	action	5329	0	0	0	0	0	0	0	0	200
1746119063.244	action	5039	0	0	0	0	0	0	0	0	200
1746119063.420	action	3251	0	0	0	0	0	0	0	0	200
1746119063.596	action	3318	0	0	0	0	0	0	0	0	200
1746119063.771	action	3407	0	0	0	0	0	0	0	0	200
1746119064.122	action	4275	0	0	0	0	0	0	0	0	200
1746119063.947	action	348410	0	0	0	0	0	0	0	0	200
1746119064.296	action	1849	0	0	0	0	0	0	0	0	200
1746119064.472	action	3885	0	0	0	0	0	0	0	0	200
1746119064.647	action	2127	0	0	0	0	0	0	0	0	200
1746119064.821	action	2147	0	0	0	0	0	0	0	0	200
1746119064.996	action	2025	0	0	0	0	0	0	0	0	200
1746119065.170	action	1958	0	0	0	0	0	0	0	0	200
1746119065.344	action	3654	0	0	0	0	0	0	0	0	200
1746119065.518	action	5572	0	0	0	0	0	0	0	0	200
1746119065.691	action	4766	0	0	0	0	0	0	0	0	200
1746119066.038	action	2623	0	0	0	0	0	0	0	0	200
1746119066.211	action	2138	0	0	0	0	0	0	0	0	200
1746119065.864	action	372654	0	0	0	0	0	0	0	0	200
1746119066.384	action	1789	0	0	0	0	0	0	0	0	200
1746119066.556	action	2728	0	0	0	0	0	0	0	0	200
1746119066.730	action	6583	0	0	0	0	0	0	0	0	200
1746119066.902	action	5627	0	0	0	0	0	0	0	0	200
1746119067.074	action	3563	0	0	0	0	0	0	0	0	200
1746119067.246	action	4359	0	0	0	0	0	0	0	0	200
1746119067.418	action	2955	0	0	0	0	0	0	0	0	200
1746119067.590	action	3297	0	0	0	0	0	0	0	0	200
1746119067.933	action	2066	0	0	0	0	0	0	0	0	200
1746119067.761	action	300338	0	0	0	0	0	0	0	0	200
1746119068.104	action	1926	0	0	0	0	0	0	0	0	200
1746119068.280	action	2113	0	0	0	0	0	0	0	0	200
1746119068.446	action	4397	0	0	0	0	0	0	0	0	200
1746119068.617	action	3232	0	0	0	0	0	0	0	0	200
1746119068.788	action	4605	0	0	0	0	0	0	0	0	200
1746119068.958	action	5676	0	0	0	0	0	0	0	0	200
1746119069.128	action	6352	0	0	0	0	0	0	0	0	200
1746119069.298	action	5204	0	0	0	0	0	0	0	0	200
1746119069.468	action	2790	0	0	0	0	0	0	0	0	200
1746119069.638	action	5432	0	0	0	0	0	0	0	0	200
1746119069.977	action	2149	0	0	0	0	0	0	0	0	200
1746119069.807	action	288196	0	0	0	0	0	0	0	0	200
1746119070.315	action	2041	0	0	0	0	0	0	0	0	200
1746119070.146	action	287577	0	0	0	0	0	0	0	0	200
1746119070.484	action	1846	0	0	0	0	0	0	0	0	200
1746119070.653	action	4596	0	0	0	0	0	0	0	0	200
1746119070.821	action	6219	0	0	0	0	0	0	0	0	200
1746119070.990	action	3236	0	0	0	0	0	0	0	0	200
1746119071.158	action	4790	0	0	0	0	0	0	0	0	200
1746119071.327	action	6979	0	0	0	0	0	0	0	0	200
1746119071.494	action	4964	0	0	0	0	0	0	0	0	200
1746119071.662	action	2188	0	0	0	0	0	0	0	0	200
1746119071.829	action	2336	0	0	0	0	0	0	0	0	200
1746119071.997	action	2352	0	0	0	0	0	0	0	0	200
1746119072.164	action	2335	0	0	0	0	0	0	0	0	200
1746119072.332	action	2539	0	0	0	0	0	0	0	0	200
1746119072.500	action	3138	0	0	0	0	0	0	0	0	200
1746119072.665	action	2149	0	0	0	0	0	0	0	0	200
1746119072.832	action	5638	0	0	0	0	0	0	0	0	200
1746119073.000	action	5002	0	0	0	0	0	0	0	0	200
1746119073.166	action	4393	0	0	0	0	0	0	0	0	200
1746119073.332	action	5018	0	0	0	0	0	0	0	0	200
1746119073.498	action	5352	0	0	0	0	0	0	0	0	200
1746119073.665	action	6137	0	0	0	0	0	0	0	0	200
1746119073.830	action	5467	0	0	0	0	0	0	0	0	200
1746119073.996	action	5474	0	0	0	0	0	0	0	0	200
1746119074.161	action	5012	0	0	0	0	0	0	0	0	200
1746119074.326	action	4770	0	0	0	0	0	0	0	0	200
1746119074.492	action	4377	0	0	0	0	0	0	0	0	200
1746119074.656	action	3518	0	0	0	0	0	0	0	0	200
1746119074.822	action	4281	0	0	0	0	0	0	0	0	200
1746119074.986	action	4677	0	0	0	0	0	0	0	0	200
1746119075.151	action	4594	0	0	0	0	0	0	0	0	200
1746119075.315	action	5174	0	0	0	0	0	0	0	0	200
1746119075.480	action	2015	0	0	0	0	0	0	0	0	200
1746119075.644	action	1928	0	0	0	0	0	0	0	0	200
1746119075.808	action	7254	0	0	0	0	0	0	0	0	200
1746119075.972	action	4104	0	0	0	0	0	0	0	0	200
1746119076.135	action	5761	0	0	0	0	0	0	0	0	200
1746119076.299	action	3073	0	0	0	0	0	0	0	0	200
1746119076.462	action	3791	0	0	0	0	0	0	0	0	200
1746119076.626	action	5601	0	0	0	0	0	0	0	0	200
1746119076.789	action	5609	0	0	0	0	0	0	0	0	200
1746119076.952	action	5519	0	0	0	0	0	0	0	0	200
1746119077.115	action	4055	0	0	0	0	0	0	0	0	200
1746119077.278	action	3636	0	0	0	0	0	0	0	0	200
1746119077.441	action	2741	0	0	0	0	0	0	0	0	200
1746119077.603	action	6213	0	0	0	0	0	0	0	0	200
1746119077.765	action	4900	0	0	0	0	0	0	0	0	200
1746119077.928	action	5184	0	0	0	0	0	0	0	0	200
1746119078.089	action	6242	0	0	0	0	0	0	0	0	200
1746119078.251	action	7134	0	0	0	0	0	0	0	0	200
1746119078.413	action	5268	0	0	0	0	0	0	0	0	200
1746119078.575	action	3757	0	0	0	0	0	0	0	0	200
1746119078.736	action	6014	0	0	0	0	0	0	0	0	200
1746119078.897	action	4428	0	0	0	0	0	0	0	0	200
1746119079.059	action	3967	0	0	0	0	0	0	0	0	200
1746119079.220	action	6764	0	0	0	0	0	0	0	0	200
1746119079.381	action	6886	0	0	0	0	0	0	0	0	200
1746119079.541	action	2739	0	0	0	0	0	0	0	0	200
1746119079.702	action	6008	0	0	0	0	0	0	0	0	200
1746119079.862	action	4449	0	0	0	0	0	0	0	0	200
1746119080.023	action	4794	0	0	0	0	0	0	0	0	200
1746119080.183	action	3729	0	0	0	0	0	0	0	0	200
1746119080.343	action	6498	0	0	0	0	0	0	0	0	200
1746119080.502	action	4813	0	0	0	0	0	0	0	0	200
1746119080.662	action	5611	0	0	0	0	0	0	0	0	200
1746119080.822	action	3260	0	0	0	0	0	0	0	0	200
1746119080.982	action	6176	0	0	0	0	0	0	0	0	200
1746119081.140	action	6356	0	0	0	0	0	0	0	0	200
1746119081.300	action	5904	0	0	0	0	0	0	0	0	200
1746119081.460	action	5676	0	0	0	0	0	0	0	0	200
1746119081.619	action	6599	0	0	0	0	0	0	0	0	200
1746119081.777	action	4108	0	0	0	0	0	0	0	0	200
1746119081.936	action	3268	0	0	0	0	0	0	0	0	200
1746119082.095	action	5808	0	0	0	0	0	0	0	0	200
1746119082.253	action	3918	0	0	0	0	0	0	0	0	200
1746119082.411	action	3728	0	0	0	0	0	0	0	0	200
1746119082.570	action	5604	0	0	0	0	0	0	0	0	200
1746119082.728	action	5608	0	0	0	0	0	0	0	0	200
1746119082.886	action	7433	0	0	0	0	0	0	0	0	200
1746119083.043	action	2124	0	0	0	0	0	0	0	0	200
1746119083.201	action	4898	0	0	0	0	0	0	0	0	200
1746119083.358	action	5542	0	0	0	0	0	0	0	0	200
1746119083.516	action	4177	0	0	0	0	0	0	0	0	200
1746119083.672	action	5770	0	0	0	0	0	0	0	0	200
1746119083.830	action	4705	0	0	0	0	0	0	0	0	200
1746119083.987	action	5545	0	0	0	0	0	0	0	0	200
1746119084.143	action	2673	0	0	0	0	0	0	0	0	200
1746119084.301	action	6369	0	0	0	0	0	0	0	0	200
1746119084.458	action	6580	0	0	0	0	0	0	0	0	200
1746119084.613	action	5019	0	0	0	0	0	0	0	0	200
1746119084.770	action	5402	0	0	0	0	0	0	0	0	200
1746119084.927	action	4922	0	0	0	0	0	0	0	0	200
1746119085.083	action	5159	0	0	0	0	0	0	0	0	200
1746119085.239	action	7510	0	0	0	0	0	0	0	0	200
1746119085.395	action	5474	0	0	0	0	0	0	0	0	200
1746119085.550	action	5717	0	0	0	0	0	0	0	0	200
1746119085.705	action	3146	0	0	0	0	0	0	0	0	200
1746119085.862	action	3863	0	0	0	0	0	0	0	0	200
1746119086.016	action	3353	0	0	0	0	0	0	0	0	200
1746119086.171	action	4842	0	0	0	0	0	0	0	0	200
1746119086.327	action	4674	0	0	0	0	0	0	0	0	200
1746119086.482	action	5087	0	0	0	0	0	0	0	0	200
1746119086.636	action	4982	0	0	0	0	0	0	0	0	200
1746119086.792	action	6618	0	0	0	0	0	0	0	0	200
1746119086.946	action	5354	0	0	0	0	0	0	0	0	200
1746119087.101	action	5750	0	0	0	0	0	0	0	0	200
1746119087.255	action	3384	0	0	0	0	0	0	0	0	200
1746119087.410	action	6145	0	0	0	0	0	0	0	0	200
1746119087.563	action	5957	0	0	0	0	0	0	0	0	200
1746119087.719	action	5287	0	0	0	0	0	0	0	0	200
1746119087.872	action	7271	0	0	0	0	0	0	0	0	200
1746119088.025	action	5784	0	0	0	0	0	0	0	0	200
1746119088.179	action	5257	0	0	0	0	0	0	0	0	200
1746119088.332	action	5030	0	0	0	0	0	0	0	0	200
1746119088.639	action	1978	0	0	0	0	0	0	0	0	200
1746119088.486	action	296794	0	0	0	0	0	0	0	0	200
1746119088.792	action	2035	0	0	0	0	0	0	0	0	200
1746119088.945	action	2510	0	0	0	0	0	0	0	0	200
1746119089.098	action	4724	0	0	0	0	0	0	0	0	200
1746119089.251	action	5457	0	0	0	0	0	0	0	0	200
1746119089.404	action	5076	0	0	0	0	0	0	0	0	200
1746119089.556	action	5280	0	0	0	0	0	0	0	0	200
1746119089.708	action	4479	0	0	0	0	0	0	0	0	200
1746119089.861	action	5468	0	0	0	0	0	0	0	0	200
1746119090.013	action	5724	0	0	0	0	0	0	0	0	200
1746119090.165	action	6987	0	0	0	0	0	0	0	0	200
1746119090.317	action	4650	0	0	0	0	0	0	0	0	200
1746119090.469	action	5778	0	0	0	0	0	0	0	0	200
1746119090.621	action	5137	0	0	0	0	0	0	0	0	200
1746119090.772	action	5893	0	0	0	0	0	0	0	0	200
1746119090.924	action	7600	0	0	0	0	0	0	0	0	200
1746119091.075	action	7083	0	0	0	0	0	0	0	0	200
1746119091.226	action	3971	0	0	0	0	0	0	0	0	200
1746119091.377	action	4483	0	0	0	0	0	0	0	0	200
1746119091.529	action	2841	0	0	0	0	0	0	0	0	200
1746119091.679	action	4743	0	0	0	0	0	0	0	0	200
1746119091.830	action	5710	0	0	0	0	0	0	0	0	200
1746119091.981	action	6174	0	0	0	0	0	0	0	0	200
1746119092.132	action	4832	0	0	0	0	0	0	0	0	200
1746119092.282	action	5379	0	0	0	0	0	0	0	0	200
1746119092.433	action	6034	0	0	0	0	0	0	0	0	200
1746119092.583	action	4927	0	0	0	0	0	0	0	0	200
1746119092.733	action	5789	0	0	0	0	0	0	0	0	200
1746119092.883	action	5807	0	0	0	0	0	0	0	0	200
1746119093.033	action	5253	0	0	0	0	0	0	0	0	200
1746119093.182	action	4665	0	0	0	0	0	0	0	0	200
1746119093.331	action	6074	0	0	0	0	0	0	0	0	200
1746119093.482	action	3579	0	0	0	0	0	0	0	0	200
1746119093.631	action	6521	0	0	0	0	0	0	0	0	200
1746119093.781	action	4758	0	0	0	0	0	0	0	0	200
1746119093.930	action	6280	0	0	0	0	0	0	0	0	200
1746119094.079	action	5387	0	0	0	0	0	0	0	0	200
1746119094.228	action	5135	0	0	0	0	0	0	0	0	200
1746119094.377	action	4867	0	0	0	0	0	0	0	0	200
1746119094.525	action	5252	0	0	0	0	0	0	0	0	200
1746119094.675	action	4382	0	0	0	0	0	0	0	0	200
1746119094.823	action	6210	0	0	0	0	0	0	0	0	200
1746119094.971	action	4236	0	0	0	0	0	0	0	0	200
1746119095.120	action	5275	0	0	0	0	0	0	0	0	200
1746119095.268	action	6718	0	0	0	0	0	0	0	0	200
1746119095.416	action	5635	0	0	0	0	0	0	0	0	200
1746119095.564	action	4394	0	0	0	0	0	0	0	0	200
1746119095.712	action	6272	0	0	0	0	0	0	0	0	200
1746119095.859	action	4437	0	0	0	0	0	0	0	0	200
1746119096.008	action	5540	0	0	0	0	0	0	0	0	200
1746119096.155	action	5814	0	0	0	0	0	0	0	0	200
1746119096.302	action	3319	0	0	0	0	0	0	0	0	200
1746119096.450	action	3412	0	0	0	0	0	0	0	0	200
1746119096.597	action	5836	0	0	0	0	0	0	0	0	200
1746119096.745	action	5766	0	0	0	0	0	0	0	0	200
1746119096.892	action	4352	0	0	0	0	0	0	0	0	200
1746119097.039	action	5589	0	0	0	0	0	0	0	0	200
1746119097.186	action	7277	0	0	0	0	0	0	0	0	200
1746119097.332	action	4392	0	0	0	0	0	0	0	0	200
1746119097.478	action	4896	0	0	0	0	0	0	0	0	200
1746119097.625	action	3457	0	0	0	0	0	0	0	0	200
1746119097.772	action	5535	0	0	0	0	0	0	0	0	200
1746119097.918	action	8580	0	0	0	0	0	0	0	0	200
1746119098.064	action	5670	0	0	0	0	0	0	0	0	200
1746119098.210	action	4845	0	0	0	0	0	0	0	0	200
1746119098.357	action	4575	0	0	0	0	0	0	0	0	200
1746119098.502	action	5482	0	0	0	0	0	0	0	0	200
1746119098.649	action	5779	0	0	0	0	0	0	0	0	200
1746119098.794	action	6286	0	0	0	0	0	0	0	0	200
1746119098.940	action	4933	0	0	0	0	0	0	0	0	200
1746119099.085	action	5385	0	0	0	0	0	0	0	0	200
1746119099.231	action	5259	0	0	0	0	0	0	0	0	200
1746119099.376	action	5083	0	0	0	0	0	0	0	0	200
1746119099.521	action	7003	0	0	0	0	0	0	0	0	200
1746119099.666	action	5704	0	0	0	0	0	0	0	0	200
1746119099.811	action	4904	0	0	0	0	0	0	0	0	200
1746119099.956	action	5301	0	0	0	0	0	0	0	0	200
1746119100.101	action	4555	0	0	0	0	0	0	0	0	200
1746119100.245	action	4858	0	0	0	0	0	0	0	0	200
1746119100.390	action	4984	0	0	0	0	0	0	0	0	200
1746119100.534	action	5296	0	0	0	0	0	0	0	0	200
1746119100.678	action	4430	0	0	0	0	0	0	0	0	200
1746119100.823	action	6014	0	0	0	0	0	0	0	0	200
1746119101.111	action	2185	0	0	0	0	0	0	0	0	200
1746119101.255	action	2305	0	0	0	0	0	0	0	0	200
1746119100.967	action	303215	0	0	0	0	0	0	0	0	200
1746119101.399	action	3565	0	0	0	0	0	0	0	0	200
1746119101.542	action	4750	0	0	0	0	0	0	0	0	200
1746119101.686	action	6923	0	0	0	0	0	0	0	0	200
1746119101.830	action	4853	0	0	0	0	0	0	0	0	200
1746119101.975	action	4299	0	0	0	0	0	0	0	0	200
1746119102.117	action	4045	0	0	0	0	0	0	0	0	200
1746119102.260	action	5535	0	0	0	0	0	0	0	0	200
1746119102.404	action	8253	0	0	0	0	0	0	0	0	200
1746119102.547	action	5381	0	0	0	0	0	0	0	0	200
1746119102.690	action	5815	0	0	0	0	0	0	0	0	200
