1745965342.795	action	245754	0	0	0	0	0	0	0	0	200
1745965342.996	action	246133	0	0	0	0	0	0	0	0	200
1745965343.196	action	245343	0	0	0	0	0	0	0	0	200
1745965343.395	action	244340	0	0	0	0	0	0	0	0	200
1745965343.594	action	245674	0	0	0	0	0	0	0	0	200
1745965343.793	action	245319	0	0	0	0	0	0	0	0	200
1745965343.991	action	244534	0	0	0	0	0	0	0	0	200
1745965344.190	action	245250	0	0	0	0	0	0	0	0	200
1745965344.388	action	245988	0	0	0	0	0	0	0	0	200
1745965344.585	action	245932	0	0	0	0	0	0	0	0	200
1745965344.783	action	244736	0	0	0	0	0	0	0	0	200
1745965344.980	action	245860	0	0	0	0	0	0	0	0	200
1745965345.177	action	245380	0	0	0	0	0	0	0	0	200
1745965345.374	action	246366	0	0	0	0	0	0	0	0	200
1745965345.570	action	245250	0	0	0	0	0	0	0	0	200
1745965345.767	action	245248	0	0	0	0	0	0	0	0	200
1745965345.963	action	244009	0	0	0	0	0	0	0	0	200
1745965346.158	action	245131	0	0	0	0	0	0	0	0	200
1745965346.354	action	245518	0	0	0	0	0	0	0	0	200
1745965346.549	action	245082	0	0	0	0	0	0	0	0	200
1745965346.744	action	244378	0	0	0	0	0	0	0	0	200
1745965346.939	action	244198	0	0	0	0	0	0	0	0	200
1745965347.133	action	245258	0	0	0	0	0	0	0	0	200
1745965347.328	action	245912	0	0	0	0	0	0	0	0	200
1745965347.522	action	245010	0	0	0	0	0	0	0	0	200
1745965347.716	action	245070	0	0	0	0	0	0	0	0	200
1745965347.909	action	245374	0	0	0	0	0	0	0	0	200
1745965348.102	action	243561	0	0	0	0	0	0	0	0	200
1745965348.295	action	244999	0	0	0	0	0	0	0	0	200
1745965348.488	action	245221	0	0	0	0	0	0	0	0	200
1745965348.681	action	246255	0	0	0	0	0	0	0	0	200
1745965348.873	action	246163	0	0	0	0	0	0	0	0	200
1745965349.065	action	246360	0	0	0	0	0	0	0	0	200
1745965349.257	action	245493	0	0	0	0	0	0	0	0	200
1745965349.449	action	246244	0	0	0	0	0	0	0	0	200
1745965349.640	action	246212	0	0	0	0	0	0	0	0	200
1745965349.831	action	245968	0	0	0	0	0	0	0	0	200
1745965350.022	action	246480	0	0	0	0	0	0	0	0	200
1745965350.213	action	245553	0	0	0	0	0	0	0	0	200
1745965350.403	action	245660	0	0	0	0	0	0	0	0	200
1745965350.594	action	244341	0	0	0	0	0	0	0	0	200
1745965350.784	action	245919	0	0	0	0	0	0	0	0	200
1745965350.972	action	246039	0	0	0	0	0	0	0	0	200
1745965351.163	action	245549	0	0	0	0	0	0	0	0	200
1745965351.352	action	246780	0	0	0	0	0	0	0	0	200
1745965351.541	action	245911	0	0	0	0	0	0	0	0	200
1745965351.730	action	246170	0	0	0	0	0	0	0	0	200
1745965351.918	action	246575	0	0	0	0	0	0	0	0	200
1745965352.107	action	245798	0	0	0	0	0	0	0	0	200
1745965352.295	action	245518	0	0	0	0	0	0	0	0	200
1745965352.483	action	246341	0	0	0	0	0	0	0	0	200
1745965352.670	action	246523	0	0	0	0	0	0	0	0	200
1745965352.859	action	245703	0	0	0	0	0	0	0	0	200
1745965353.046	action	246351	0	0	0	0	0	0	0	0	200
1745965353.233	action	244957	0	0	0	0	0	0	0	0	200
1745965353.420	action	245016	0	0	0	0	0	0	0	0	200
1745965353.606	action	247114	0	0	0	0	0	0	0	0	200
1745965353.793	action	245144	0	0	0	0	0	0	0	0	200
1745965353.979	action	245474	0	0	0	0	0	0	0	0	200
1745965354.165	action	246739	0	0	0	0	0	0	0	0	200
1745965354.350	action	244857	0	0	0	0	0	0	0	0	200
1745965354.537	action	247579	0	0	0	0	0	0	0	0	200
1745965354.722	action	246223	0	0	0	0	0	0	0	0	200
1745965354.906	action	245853	0	0	0	0	0	0	0	0	200
1745965355.092	action	246844	0	0	0	0	0	0	0	0	200
1745965355.276	action	246596	0	0	0	0	0	0	0	0	200
1745965355.462	action	245910	0	0	0	0	0	0	0	0	200
1745965355.646	action	245254	0	0	0	0	0	0	0	0	200
1745965355.829	action	246396	0	0	0	0	0	0	0	0	200
1745965356.014	action	245969	0	0	0	0	0	0	0	0	200
1745965356.198	action	246589	0	0	0	0	0	0	0	0	200
1745965356.380	action	244360	0	0	0	0	0	0	0	0	200
1745965356.564	action	245624	0	0	0	0	0	0	0	0	200
1745965356.747	action	246644	0	0	0	0	0	0	0	0	200
1745965356.930	action	245962	0	0	0	0	0	0	0	0	200
1745965357.113	action	246573	0	0	0	0	0	0	0	0	200
1745965357.296	action	245235	0	0	0	0	0	0	0	0	200
1745965357.478	action	245236	0	0	0	0	0	0	0	0	200
1745965357.660	action	246553	0	0	0	0	0	0	0	0	200
1745965357.842	action	244950	0	0	0	0	0	0	0	0	200
1745965358.023	action	246069	0	0	0	0	0	0	0	0	200
1745965358.204	action	245706	0	0	0	0	0	0	0	0	200
1745965358.386	action	245354	0	0	0	0	0	0	0	0	200
1745965358.567	action	246556	0	0	0	0	0	0	0	0	200
1745965358.748	action	245777	0	0	0	0	0	0	0	0	200
1745965358.929	action	245596	0	0	0	0	0	0	0	0	200
1745965359.109	action	243938	0	0	0	0	0	0	0	0	200
1745965359.290	action	246027	0	0	0	0	0	0	0	0	200
1745965359.470	action	245126	0	0	0	0	0	0	0	0	200
1745965359.650	action	246140	0	0	0	0	0	0	0	0	200
1745965359.828	action	244944	0	0	0	0	0	0	0	0	200
1745965360.009	action	245694	0	0	0	0	0	0	0	0	200
1745965360.188	action	245336	0	0	0	0	0	0	0	0	200
1745965360.366	action	244758	0	0	0	0	0	0	0	0	200
1745965360.546	action	244764	0	0	0	0	0	0	0	0	200
1745965360.725	action	246718	0	0	0	0	0	0	0	0	200
1745965360.903	action	245970	0	0	0	0	0	0	0	0	200
1745965361.081	action	247657	0	0	0	0	0	0	0	0	200
1745965361.259	action	246290	0	0	0	0	0	0	0	0	200
1745965361.437	action	245272	0	0	0	0	0	0	0	0	200
1745965361.615	action	245252	0	0	0	0	0	0	0	0	200
1745965361.792	action	246182	0	0	0	0	0	0	0	0	200
1745965361.971	action	245907	0	0	0	0	0	0	0	0	200
1745965362.148	action	246342	0	0	0	0	0	0	0	0	200
1745965362.325	action	246662	0	0	0	0	0	0	0	0	200
1745965362.501	action	245368	0	0	0	0	0	0	0	0	200
1745965362.679	action	245893	0	0	0	0	0	0	0	0	200
1745965362.855	action	244636	0	0	0	0	0	0	0	0	200
1745965363.031	action	246039	0	0	0	0	0	0	0	0	200
1745965363.208	action	245772	0	0	0	0	0	0	0	0	200
1745965363.383	action	245648	0	0	0	0	0	0	0	0	200
1745965363.559	action	245801	0	0	0	0	0	0	0	0	200
1745965363.735	action	245200	0	0	0	0	0	0	0	0	200
1745965363.910	action	246224	0	0	0	0	0	0	0	0	200
1745965364.085	action	246289	0	0	0	0	0	0	0	0	200
1745965364.261	action	245105	0	0	0	0	0	0	0	0	200
1745965364.435	action	245027	0	0	0	0	0	0	0	0	200
1745965364.610	action	246053	0	0	0	0	0	0	0	0	200
1745965364.784	action	246204	0	0	0	0	0	0	0	0	200
1745965364.959	action	246351	0	0	0	0	0	0	0	0	200
1745965365.133	action	246042	0	0	0	0	0	0	0	0	200
1745965365.307	action	244853	0	0	0	0	0	0	0	0	200
1745965365.480	action	246689	0	0	0	0	0	0	0	0	200
1745965365.655	action	246276	0	0	0	0	0	0	0	0	200
1745965365.828	action	244664	0	0	0	0	0	0	0	0	200
1745965366.001	action	246435	0	0	0	0	0	0	0	0	200
1745965366.174	action	245937	0	0	0	0	0	0	0	0	200
1745965366.348	action	247175	0	0	0	0	0	0	0	0	200
1745965366.520	action	246478	0	0	0	0	0	0	0	0	200
1745965366.692	action	245545	0	0	0	0	0	0	0	0	200
1745965366.864	action	246638	0	0	0	0	0	0	0	0	200
1745965367.038	action	244912	0	0	0	0	0	0	0	0	200
1745965367.210	action	246214	0	0	0	0	0	0	0	0	200
1745965367.382	action	245792	0	0	0	0	0	0	0	0	200
1745965367.553	action	245538	0	0	0	0	0	0	0	0	200
1745965367.725	action	245819	0	0	0	0	0	0	0	0	200
1745965367.896	action	244416	0	0	0	0	0	0	0	0	200
1745965368.067	action	244594	0	0	0	0	0	0	0	0	200
1745965368.239	action	245096	0	0	0	0	0	0	0	0	200
1745965368.410	action	245378	0	0	0	0	0	0	0	0	200
1745965368.580	action	246254	0	0	0	0	0	0	0	0	200
1745965368.750	action	244181	0	0	0	0	0	0	0	0	200
1745965368.921	action	245635	0	0	0	0	0	0	0	0	200
1745965369.092	action	246550	0	0	0	0	0	0	0	0	200
1745965369.261	action	245965	0	0	0	0	0	0	0	0	200
1745965369.431	action	245763	0	0	0	0	0	0	0	0	200
1745965369.601	action	244748	0	0	0	0	0	0	0	0	200
1745965369.771	action	246299	0	0	0	0	0	0	0	0	200
1745965369.940	action	245008	0	0	0	0	0	0	0	0	200
1745965370.110	action	247133	0	0	0	0	0	0	0	0	200
1745965370.279	action	246597	0	0	0	0	0	0	0	0	200
1745965370.448	action	244152	0	0	0	0	0	0	0	0	200
1745965370.616	action	244809	0	0	0	0	0	0	0	0	200
1745965370.785	action	245432	0	0	0	0	0	0	0	0	200
1745965370.954	action	245492	0	0	0	0	0	0	0	0	200
1745965371.122	action	244979	0	0	0	0	0	0	0	0	200
1745965371.290	action	246120	0	0	0	0	0	0	0	0	200
1745965371.458	action	244667	0	0	0	0	0	0	0	0	200
1745965371.626	action	246687	0	0	0	0	0	0	0	0	200
1745965371.794	action	246012	0	0	0	0	0	0	0	0	200
1745965371.961	action	244896	0	0	0	0	0	0	0	0	200
1745965372.128	action	244716	0	0	0	0	0	0	0	0	200
1745965372.296	action	246356	0	0	0	0	0	0	0	0	200
1745965372.463	action	245372	0	0	0	0	0	0	0	0	200
1745965372.629	action	245196	0	0	0	0	0	0	0	0	200
1745965372.795	action	245840	0	0	0	0	0	0	0	0	200
1745965372.962	action	246141	0	0	0	0	0	0	0	0	200
1745965373.129	action	245825	0	0	0	0	0	0	0	0	200
1745965373.296	action	245015	0	0	0	0	0	0	0	0	200
1745965373.462	action	244963	0	0	0	0	0	0	0	0	200
1745965373.628	action	245371	0	0	0	0	0	0	0	0	200
1745965373.793	action	244429	0	0	0	0	0	0	0	0	200
1745965373.958	action	245968	0	0	0	0	0	0	0	0	200
1745965374.125	action	244309	0	0	0	0	0	0	0	0	200
1745965374.290	action	245054	0	0	0	0	0	0	0	0	200
1745965374.455	action	245742	0	0	0	0	0	0	0	0	200
1745965374.620	action	245511	0	0	0	0	0	0	0	0	200
1745965374.785	action	245112	0	0	0	0	0	0	0	0	200
1745965374.950	action	246093	0	0	0	0	0	0	0	0	200
1745965375.115	action	246646	0	0	0	0	0	0	0	0	200
1745965375.279	action	245779	0	0	0	0	0	0	0	0	200
1745965375.443	action	246357	0	0	0	0	0	0	0	0	200
1745965375.608	action	245916	0	0	0	0	0	0	0	0	200
1745965375.772	action	245629	0	0	0	0	0	0	0	0	200
1745965375.936	action	248604	0	0	0	0	0	0	0	0	200
1745965376.099	action	246133	0	0	0	0	0	0	0	0	200
1745965376.262	action	246951	0	0	0	0	0	0	0	0	200
1745965376.426	action	246396	0	0	0	0	0	0	0	0	200
1745965376.590	action	244765	0	0	0	0	0	0	0	0	200
1745965376.753	action	246012	0	0	0	0	0	0	0	0	200
1745965376.916	action	245232	0	0	0	0	0	0	0	0	200
1745965377.079	action	246019	0	0	0	0	0	0	0	0	200
1745965377.242	action	246073	0	0	0	0	0	0	0	0	200
1745965377.404	action	245990	0	0	0	0	0	0	0	0	200
1745965377.566	action	245129	0	0	0	0	0	0	0	0	200
1745965377.729	action	246003	0	0	0	0	0	0	0	0	200
1745965377.890	action	245433	0	0	0	0	0	0	0	0	200
1745965378.053	action	245070	0	0	0	0	0	0	0	0	200
1745965378.215	action	246786	0	0	0	0	0	0	0	0	200
1745965378.377	action	247086	0	0	0	0	0	0	0	0	200
1745965378.537	action	246624	0	0	0	0	0	0	0	0	200
1745965378.700	action	245751	0	0	0	0	0	0	0	0	200
1745965378.861	action	245920	0	0	0	0	0	0	0	0	200
1745965379.022	action	246256	0	0	0	0	0	0	0	0	200
1745965379.182	action	245077	0	0	0	0	0	0	0	0	200
1745965379.344	action	245984	0	0	0	0	0	0	0	0	200
1745965379.505	action	246621	0	0	0	0	0	0	0	0	200
1745965379.665	action	246004	0	0	0	0	0	0	0	0	200
1745965379.826	action	245888	0	0	0	0	0	0	0	0	200
1745965379.986	action	245929	0	0	0	0	0	0	0	0	200
1745965380.146	action	247200	0	0	0	0	0	0	0	0	200
1745965380.306	action	245276	0	0	0	0	0	0	0	0	200
1745965380.466	action	245774	0	0	0	0	0	0	0	0	200
1745965380.626	action	246278	0	0	0	0	0	0	0	0	200
1745965380.786	action	245003	0	0	0	0	0	0	0	0	200
1745965380.945	action	246032	0	0	0	0	0	0	0	0	200
1745965381.105	action	246476	0	0	0	0	0	0	0	0	200
1745965381.264	action	247408	0	0	0	0	0	0	0	0	200
1745965381.423	action	246625	0	0	0	0	0	0	0	0	200
1745965381.582	action	246481	0	0	0	0	0	0	0	0	200
1745965381.741	action	246636	0	0	0	0	0	0	0	0	200
1745965381.900	action	245095	0	0	0	0	0	0	0	0	200
1745965382.057	action	243824	0	0	0	0	0	0	0	0	200
1745965382.217	action	244299	0	0	0	0	0	0	0	0	200
1745965382.374	action	245674	0	0	0	0	0	0	0	0	200
1745965382.533	action	245956	0	0	0	0	0	0	0	0	200
1745965382.691	action	244807	0	0	0	0	0	0	0	0	200
1745965382.849	action	246546	0	0	0	0	0	0	0	0	200
1745965383.006	action	245159	0	0	0	0	0	0	0	0	200
1745965383.164	action	245999	0	0	0	0	0	0	0	0	200
1745965383.321	action	253974	0	0	0	0	0	0	0	0	200
1745965383.479	action	252243	0	0	0	0	0	0	0	0	200
1745965383.661	action	271624	0	0	0	0	0	0	0	0	200
1745965383.801	action	251272	0	0	0	0	0	0	0	0	200
1745965383.950	action	250294	0	0	0	0	0	0	0	0	200
1745965384.108	action	248379	0	0	0	0	0	0	0	0	200
1745965384.264	action	245038	0	0	0	0	0	0	0	0	200
1745965384.420	action	243738	0	0	0	0	0	0	0	0	200
1745965384.577	action	244018	0	0	0	0	0	0	0	0	200
1745965384.733	action	244575	0	0	0	0	0	0	0	0	200
1745965384.890	action	246115	0	0	0	0	0	0	0	0	200
1745965385.046	action	246009	0	0	0	0	0	0	0	0	200
1745965385.202	action	246011	0	0	0	0	0	0	0	0	200
1745965385.358	action	245723	0	0	0	0	0	0	0	0	200
1745965385.513	action	244888	0	0	0	0	0	0	0	0	200
1745965385.669	action	245008	0	0	0	0	0	0	0	0	200
1745965385.824	action	245503	0	0	0	0	0	0	0	0	200
1745965385.979	action	244769	0	0	0	0	0	0	0	0	200
1745965386.136	action	245433	0	0	0	0	0	0	0	0	200
1745965386.291	action	245887	0	0	0	0	0	0	0	0	200
1745965386.446	action	248048	0	0	0	0	0	0	0	0	200
1745965386.600	action	245379	0	0	0	0	0	0	0	0	200
1745965386.755	action	246291	0	0	0	0	0	0	0	0	200
1745965386.910	action	245445	0	0	0	0	0	0	0	0	200
1745965387.064	action	245901	0	0	0	0	0	0	0	0	200
1745965387.219	action	245020	0	0	0	0	0	0	0	0	200
1745965387.373	action	245850	0	0	0	0	0	0	0	0	200
1745965387.527	action	245925	0	0	0	0	0	0	0	0	200
1745965387.681	action	246220	0	0	0	0	0	0	0	0	200
1745965387.835	action	245314	0	0	0	0	0	0	0	0	200
1745965387.989	action	246599	0	0	0	0	0	0	0	0	200
1745965388.142	action	246044	0	0	0	0	0	0	0	0	200
1745965388.295	action	245623	0	0	0	0	0	0	0	0	200
1745965388.449	action	245872	0	0	0	0	0	0	0	0	200
1745965388.602	action	245343	0	0	0	0	0	0	0	0	200
1745965388.756	action	244352	0	0	0	0	0	0	0	0	200
1745965388.909	action	245760	0	0	0	0	0	0	0	0	200
1745965389.062	action	246707	0	0	0	0	0	0	0	0	200
1745965389.214	action	245097	0	0	0	0	0	0	0	0	200
1745965389.367	action	245964	0	0	0	0	0	0	0	0	200
1745965389.520	action	244898	0	0	0	0	0	0	0	0	200
1745965389.672	action	246344	0	0	0	0	0	0	0	0	200
1745965389.824	action	245939	0	0	0	0	0	0	0	0	200
1745965389.977	action	245070	0	0	0	0	0	0	0	0	200
1745965390.129	action	245368	0	0	0	0	0	0	0	0	200
1745965390.281	action	247038	0	0	0	0	0	0	0	0	200
1745965390.432	action	246100	0	0	0	0	0	0	0	0	200
1745965390.584	action	244410	0	0	0	0	0	0	0	0	200
1745965390.736	action	245878	0	0	0	0	0	0	0	0	200
1745965390.887	action	245975	0	0	0	0	0	0	0	0	200
1745965391.038	action	244435	0	0	0	0	0	0	0	0	200
1745965391.190	action	247064	0	0	0	0	0	0	0	0	200
1745965391.341	action	245345	0	0	0	0	0	0	0	0	200
1745965391.492	action	245074	0	0	0	0	0	0	0	0	200
1745965391.643	action	246142	0	0	0	0	0	0	0	0	200
1745965391.794	action	246367	0	0	0	0	0	0	0	0	200
1745965391.945	action	246145	0	0	0	0	0	0	0	0	200
1745965392.095	action	246208	0	0	0	0	0	0	0	0	200
1745965392.245	action	246591	0	0	0	0	0	0	0	0	200
1745965392.396	action	245682	0	0	0	0	0	0	0	0	200
1745965392.546	action	245707	0	0	0	0	0	0	0	0	200
1745965392.696	action	245449	0	0	0	0	0	0	0	0	200
1745965392.846	action	246174	0	0	0	0	0	0	0	0	200
1745965392.995	action	244974	0	0	0	0	0	0	0	0	200
1745965393.145	action	245627	0	0	0	0	0	0	0	0	200
1745965393.296	action	246949	0	0	0	0	0	0	0	0	200
1745965393.445	action	247032	0	0	0	0	0	0	0	0	200
1745965393.595	action	246443	0	0	0	0	0	0	0	0	200
1745965393.744	action	246790	0	0	0	0	0	0	0	0	200
1745965393.893	action	247569	0	0	0	0	0	0	0	0	200
1745965394.043	action	246234	0	0	0	0	0	0	0	0	200
1745965394.192	action	246957	0	0	0	0	0	0	0	0	200
1745965394.340	action	246445	0	0	0	0	0	0	0	0	200
1745965394.489	action	249151	0	0	0	0	0	0	0	0	200
1745965394.638	action	245294	0	0	0	0	0	0	0	0	200
1745965394.786	action	245627	0	0	0	0	0	0	0	0	200
1745965394.935	action	247339	0	0	0	0	0	0	0	0	200
1745965395.083	action	246760	0	0	0	0	0	0	0	0	200
1745965395.232	action	246620	0	0	0	0	0	0	0	0	200
1745965395.380	action	246816	0	0	0	0	0	0	0	0	200
1745965395.528	action	245418	0	0	0	0	0	0	0	0	200
1745965395.676	action	246275	0	0	0	0	0	0	0	0	200
1745965395.823	action	244790	0	0	0	0	0	0	0	0	200
1745965395.971	action	247081	0	0	0	0	0	0	0	0	200
1745965396.119	action	246116	0	0	0	0	0	0	0	0	200
1745965396.266	action	244992	0	0	0	0	0	0	0	0	200
1745965396.414	action	245698	0	0	0	0	0	0	0	0	200
1745965396.561	action	246470	0	0	0	0	0	0	0	0	200
1745965396.708	action	246013	0	0	0	0	0	0	0	0	200
1745965396.855	action	247060	0	0	0	0	0	0	0	0	200
1745965397.002	action	246798	0	0	0	0	0	0	0	0	200
1745965397.149	action	245414	0	0	0	0	0	0	0	0	200
1745965397.296	action	245896	0	0	0	0	0	0	0	0	200
1745965397.442	action	244457	0	0	0	0	0	0	0	0	200
1745965397.589	action	245612	0	0	0	0	0	0	0	0	200
1745965397.736	action	245691	0	0	0	0	0	0	0	0	200
1745965397.882	action	246761	0	0	0	0	0	0	0	0	200
1745965398.028	action	246132	0	0	0	0	0	0	0	0	200
1745965398.174	action	246782	0	0	0	0	0	0	0	0	200
1745965398.320	action	246746	0	0	0	0	0	0	0	0	200
1745965398.466	action	246103	0	0	0	0	0	0	0	0	200
1745965398.611	action	246403	0	0	0	0	0	0	0	0	200
1745965398.758	action	246197	0	0	0	0	0	0	0	0	200
1745965398.903	action	246853	0	0	0	0	0	0	0	0	200
1745965399.048	action	246114	0	0	0	0	0	0	0	0	200
1745965399.194	action	245317	0	0	0	0	0	0	0	0	200
1745965399.340	action	244726	0	0	0	0	0	0	0	0	200
1745965399.485	action	245529	0	0	0	0	0	0	0	0	200
1745965399.629	action	245477	0	0	0	0	0	0	0	0	200
1745965399.775	action	246976	0	0	0	0	0	0	0	0	200
1745965399.920	action	246823	0	0	0	0	0	0	0	0	200
1745965400.064	action	247277	0	0	0	0	0	0	0	0	200
1745965400.209	action	245994	0	0	0	0	0	0	0	0	200
1745965400.354	action	246465	0	0	0	0	0	0	0	0	200
1745965400.498	action	245251	0	0	0	0	0	0	0	0	200
1745965400.643	action	245947	0	0	0	0	0	0	0	0	200
1745965400.786	action	246554	0	0	0	0	0	0	0	0	200
1745965400.931	action	247092	0	0	0	0	0	0	0	0	200
1745965401.075	action	246310	0	0	0	0	0	0	0	0	200
1745965401.219	action	246413	0	0	0	0	0	0	0	0	200
1745965401.363	action	249144	0	0	0	0	0	0	0	0	200
1745965401.507	action	244868	0	0	0	0	0	0	0	0	200
1745965401.650	action	247945	0	0	0	0	0	0	0	0	200
1745965401.794	action	245930	0	0	0	0	0	0	0	0	200
1745965401.938	action	245711	0	0	0	0	0	0	0	0	200
1745965402.081	action	246802	0	0	0	0	0	0	0	0	200
1745965402.224	action	245685	0	0	0	0	0	0	0	0	200
1745965402.367	action	245073	0	0	0	0	0	0	0	0	200
1745965402.511	action	246013	0	0	0	0	0	0	0	0	200
1745965402.653	action	246306	0	0	0	0	0	0	0	0	200
