1745932075.786	action	15817	0	0	0	0	0	0	0	0	200
1745932075.987	action	20777	0	0	0	0	0	0	0	0	200
1745932076.186	action	14289	0	0	0	0	0	0	0	0	200
1745932076.385	action	16394	0	0	0	0	0	0	0	0	200
1745932076.585	action	17613	0	0	0	0	0	0	0	0	200
1745932076.784	action	15547	0	0	0	0	0	0	0	0	200
1745932076.982	action	16785	0	0	0	0	0	0	0	0	200
1745932077.180	action	15987	0	0	0	0	0	0	0	0	200
1745932077.378	action	23656	0	0	0	0	0	0	0	0	200
1745932077.576	action	28228	0	0	0	0	0	0	0	0	200
1745932077.774	action	30763	0	0	0	0	0	0	0	0	200
1745932077.971	action	30574	0	0	0	0	0	0	0	0	200
1745932078.168	action	24627	0	0	0	0	0	0	0	0	200
1745932078.365	action	16954	0	0	0	0	0	0	0	0	200
1745932078.561	action	15197	0	0	0	0	0	0	0	0	200
1745932078.757	action	14606	0	0	0	0	0	0	0	0	200
1745932078.953	action	14309	0	0	0	0	0	0	0	0	200
1745932079.149	action	19320	0	0	0	0	0	0	0	0	200
1745932079.345	action	15486	0	0	0	0	0	0	0	0	200
1745932079.540	action	28155	0	0	0	0	0	0	0	0	200
1745932079.735	action	33065	0	0	0	0	0	0	0	0	200
1745932079.930	action	33184	0	0	0	0	0	0	0	0	200
1745932080.124	action	32695	0	0	0	0	0	0	0	0	200
1745932080.318	action	22544	0	0	0	0	0	0	0	0	200
1745932080.512	action	17935	0	0	0	0	0	0	0	0	200
1745932080.705	action	29050	0	0	0	0	0	0	0	0	200
1745932080.900	action	14228	0	0	0	0	0	0	0	0	200
1745932081.093	action	22815	0	0	0	0	0	0	0	0	200
1745932081.286	action	27376	0	0	0	0	0	0	0	0	200
1745932081.479	action	31657	0	0	0	0	0	0	0	0	200
1745932081.671	action	22428	0	0	0	0	0	0	0	0	200
1745932081.864	action	31587	0	0	0	0	0	0	0	0	200
1745932082.056	action	32527	0	0	0	0	0	0	0	0	200
1745932082.248	action	24249	0	0	0	0	0	0	0	0	200
1745932082.440	action	25639	0	0	0	0	0	0	0	0	200
1745932082.631	action	23219	0	0	0	0	0	0	0	0	200
1745932082.822	action	15876	0	0	0	0	0	0	0	0	200
1745932083.013	action	27860	0	0	0	0	0	0	0	0	200
1745932083.203	action	16848	0	0	0	0	0	0	0	0	200
1745932083.394	action	18943	0	0	0	0	0	0	0	0	200
1745932083.584	action	26259	0	0	0	0	0	0	0	0	200
1745932083.774	action	21872	0	0	0	0	0	0	0	0	200
1745932083.964	action	32950	0	0	0	0	0	0	0	0	200
1745932084.154	action	24123	0	0	0	0	0	0	0	0	200
1745932084.343	action	27332	0	0	0	0	0	0	0	0	200
1745932084.532	action	28804	0	0	0	0	0	0	0	0	200
1745932084.721	action	25562	0	0	0	0	0	0	0	0	200
1745932084.909	action	33980	0	0	0	0	0	0	0	0	200
1745932085.098	action	22754	0	0	0	0	0	0	0	0	200
1745932085.286	action	20779	0	0	0	0	0	0	0	0	200
1745932085.474	action	25573	0	0	0	0	0	0	0	0	200
1745932085.662	action	34513	0	0	0	0	0	0	0	0	200
1745932085.849	action	35041	0	0	0	0	0	0	0	0	200
1745932086.037	action	20807	0	0	0	0	0	0	0	0	200
1745932086.224	action	30153	0	0	0	0	0	0	0	0	200
1745932086.411	action	31180	0	0	0	0	0	0	0	0	200
1745932086.597	action	27154	0	0	0	0	0	0	0	0	200
1745932086.784	action	29469	0	0	0	0	0	0	0	0	200
1745932086.970	action	19906	0	0	0	0	0	0	0	0	200
1745932087.156	action	28449	0	0	0	0	0	0	0	0	200
1745932087.341	action	30692	0	0	0	0	0	0	0	0	200
1745932087.527	action	30691	0	0	0	0	0	0	0	0	200
1745932087.713	action	14471	0	0	0	0	0	0	0	0	200
1745932087.898	action	16449	0	0	0	0	0	0	0	0	200
1745932088.083	action	30941	0	0	0	0	0	0	0	0	200
1745932088.268	action	28452	0	0	0	0	0	0	0	0	200
1745932088.452	action	27543	0	0	0	0	0	0	0	0	200
1745932088.637	action	27892	0	0	0	0	0	0	0	0	200
1745932088.820	action	14564	0	0	0	0	0	0	0	0	200
1745932089.005	action	25145	0	0	0	0	0	0	0	0	200
1745932089.188	action	31551	0	0	0	0	0	0	0	0	200
1745932089.372	action	22071	0	0	0	0	0	0	0	0	200
1745932089.561	action	26539	0	0	0	0	0	0	0	0	200
1745932089.738	action	27340	0	0	0	0	0	0	0	0	200
1745932089.921	action	27826	0	0	0	0	0	0	0	0	200
1745932090.104	action	31478	0	0	0	0	0	0	0	0	200
1745932090.286	action	28277	0	0	0	0	0	0	0	0	200
1745932090.468	action	31584	0	0	0	0	0	0	0	0	200
1745932090.651	action	34401	0	0	0	0	0	0	0	0	200
1745932090.832	action	28840	0	0	0	0	0	0	0	0	200
1745932091.014	action	30711	0	0	0	0	0	0	0	0	200
1745932091.196	action	32095	0	0	0	0	0	0	0	0	200
1745932091.377	action	22457	0	0	0	0	0	0	0	0	200
1745932091.557	action	22126	0	0	0	0	0	0	0	0	200
1745932091.739	action	26485	0	0	0	0	0	0	0	0	200
1745932091.919	action	21377	0	0	0	0	0	0	0	0	200
1745932092.100	action	31593	0	0	0	0	0	0	0	0	200
1745932092.280	action	20437	0	0	0	0	0	0	0	0	200
1745932092.460	action	23769	0	0	0	0	0	0	0	0	200
1745932092.640	action	27360	0	0	0	0	0	0	0	0	200
1745932092.820	action	29933	0	0	0	0	0	0	0	0	200
1745932092.999	action	22843	0	0	0	0	0	0	0	0	200
1745932093.179	action	31957	0	0	0	0	0	0	0	0	200
1745932093.358	action	32931	0	0	0	0	0	0	0	0	200
1745932093.536	action	29874	0	0	0	0	0	0	0	0	200
1745932093.716	action	32069	0	0	0	0	0	0	0	0	200
1745932093.894	action	34446	0	0	0	0	0	0	0	0	200
1745932094.072	action	22847	0	0	0	0	0	0	0	0	200
1745932094.250	action	31351	0	0	0	0	0	0	0	0	200
1745932094.429	action	33351	0	0	0	0	0	0	0	0	200
1745932094.606	action	19382	0	0	0	0	0	0	0	0	200
1745932094.784	action	14737	0	0	0	0	0	0	0	0	200
1745932094.961	action	19462	0	0	0	0	0	0	0	0	200
1745932095.139	action	27746	0	0	0	0	0	0	0	0	200
1745932095.316	action	19659	0	0	0	0	0	0	0	0	200
1745932095.493	action	31748	0	0	0	0	0	0	0	0	200
1745932095.669	action	26190	0	0	0	0	0	0	0	0	200
1745932095.846	action	18636	0	0	0	0	0	0	0	0	200
1745932096.022	action	15976	0	0	0	0	0	0	0	0	200
1745932096.197	action	18873	0	0	0	0	0	0	0	0	200
1745932096.374	action	27569	0	0	0	0	0	0	0	0	200
1745932096.550	action	35894	0	0	0	0	0	0	0	0	200
1745932096.726	action	34201	0	0	0	0	0	0	0	0	200
1745932096.901	action	34675	0	0	0	0	0	0	0	0	200
1745932097.076	action	35030	0	0	0	0	0	0	0	0	200
1745932097.251	action	26025	0	0	0	0	0	0	0	0	200
1745932097.426	action	38086	0	0	0	0	0	0	0	0	200
1745932097.601	action	30662	0	0	0	0	0	0	0	0	200
1745932097.775	action	24218	0	0	0	0	0	0	0	0	200
1745932097.949	action	29756	0	0	0	0	0	0	0	0	200
1745932098.124	action	25886	0	0	0	0	0	0	0	0	200
1745932098.298	action	29953	0	0	0	0	0	0	0	0	200
1745932098.471	action	31276	0	0	0	0	0	0	0	0	200
1745932098.645	action	31976	0	0	0	0	0	0	0	0	200
1745932098.819	action	34691	0	0	0	0	0	0	0	0	200
1745932098.992	action	34543	0	0	0	0	0	0	0	0	200
1745932099.164	action	28931	0	0	0	0	0	0	0	0	200
1745932099.338	action	32358	0	0	0	0	0	0	0	0	200
1745932099.511	action	27077	0	0	0	0	0	0	0	0	200
1745932099.683	action	34995	0	0	0	0	0	0	0	0	200
1745932099.855	action	34314	0	0	0	0	0	0	0	0	200
1745932100.028	action	31778	0	0	0	0	0	0	0	0	200
1745932100.200	action	33246	0	0	0	0	0	0	0	0	200
1745932100.372	action	34321	0	0	0	0	0	0	0	0	200
1745932100.543	action	30228	0	0	0	0	0	0	0	0	200
1745932100.716	action	35792	0	0	0	0	0	0	0	0	200
1745932100.887	action	29485	0	0	0	0	0	0	0	0	200
1745932101.058	action	17953	0	0	0	0	0	0	0	0	200
1745932101.229	action	32287	0	0	0	0	0	0	0	0	200
1745932101.400	action	34869	0	0	0	0	0	0	0	0	200
1745932101.571	action	37339	0	0	0	0	0	0	0	0	200
1745932101.742	action	29313	0	0	0	0	0	0	0	0	200
1745932101.911	action	33235	0	0	0	0	0	0	0	0	200
1745932102.081	action	32836	0	0	0	0	0	0	0	0	200
1745932102.252	action	26265	0	0	0	0	0	0	0	0	200
1745932102.422	action	32272	0	0	0	0	0	0	0	0	200
1745932102.592	action	29953	0	0	0	0	0	0	0	0	200
1745932102.762	action	34569	0	0	0	0	0	0	0	0	200
1745932102.931	action	19625	0	0	0	0	0	0	0	0	200
1745932103.100	action	21800	0	0	0	0	0	0	0	0	200
1745932103.269	action	27350	0	0	0	0	0	0	0	0	200
1745932103.438	action	20468	0	0	0	0	0	0	0	0	200
1745932103.607	action	29165	0	0	0	0	0	0	0	0	200
1745932103.776	action	20412	0	0	0	0	0	0	0	0	200
1745932103.944	action	15623	0	0	0	0	0	0	0	0	200
1745932104.113	action	20345	0	0	0	0	0	0	0	0	200
1745932104.281	action	21996	0	0	0	0	0	0	0	0	200
1745932104.449	action	29278	0	0	0	0	0	0	0	0	200
1745932104.617	action	30707	0	0	0	0	0	0	0	0	200
1745932104.784	action	28929	0	0	0	0	0	0	0	0	200
1745932104.952	action	28328	0	0	0	0	0	0	0	0	200
1745932105.119	action	32004	0	0	0	0	0	0	0	0	200
1745932105.286	action	33007	0	0	0	0	0	0	0	0	200
1745932105.453	action	25533	0	0	0	0	0	0	0	0	200
1745932105.620	action	25681	0	0	0	0	0	0	0	0	200
1745932105.787	action	26145	0	0	0	0	0	0	0	0	200
1745932105.954	action	27037	0	0	0	0	0	0	0	0	200
1745932106.120	action	26788	0	0	0	0	0	0	0	0	200
1745932106.286	action	30033	0	0	0	0	0	0	0	0	200
1745932106.452	action	25594	0	0	0	0	0	0	0	0	200
1745932106.619	action	30172	0	0	0	0	0	0	0	0	200
1745932106.784	action	28959	0	0	0	0	0	0	0	0	200
1745932106.950	action	20696	0	0	0	0	0	0	0	0	200
1745932107.116	action	27533	0	0	0	0	0	0	0	0	200
1745932107.281	action	29922	0	0	0	0	0	0	0	0	200
1745932107.446	action	27600	0	0	0	0	0	0	0	0	200
1745932107.611	action	29395	0	0	0	0	0	0	0	0	200
1745932107.776	action	27945	0	0	0	0	0	0	0	0	200
1745932107.941	action	29524	0	0	0	0	0	0	0	0	200
1745932108.105	action	27445	0	0	0	0	0	0	0	0	200
1745932108.270	action	27167	0	0	0	0	0	0	0	0	200
1745932108.434	action	31348	0	0	0	0	0	0	0	0	200
1745932108.598	action	29508	0	0	0	0	0	0	0	0	200
1745932108.762	action	31482	0	0	0	0	0	0	0	0	200
1745932108.926	action	30621	0	0	0	0	0	0	0	0	200
1745932109.090	action	30169	0	0	0	0	0	0	0	0	200
1745932109.254	action	31821	0	0	0	0	0	0	0	0	200
1745932109.417	action	28932	0	0	0	0	0	0	0	0	200
1745932109.580	action	28103	0	0	0	0	0	0	0	0	200
1745932109.744	action	30402	0	0	0	0	0	0	0	0	200
1745932109.907	action	28509	0	0	0	0	0	0	0	0	200
1745932110.069	action	28325	0	0	0	0	0	0	0	0	200
1745932110.232	action	32118	0	0	0	0	0	0	0	0	200
1745932110.395	action	28259	0	0	0	0	0	0	0	0	200
1745932110.557	action	33585	0	0	0	0	0	0	0	0	200
1745932110.719	action	21614	0	0	0	0	0	0	0	0	200
1745932110.882	action	27102	0	0	0	0	0	0	0	0	200
1745932111.044	action	20807	0	0	0	0	0	0	0	0	200
1745932111.205	action	18606	0	0	0	0	0	0	0	0	200
1745932111.367	action	27812	0	0	0	0	0	0	0	0	200
1745932111.529	action	26300	0	0	0	0	0	0	0	0	200
1745932111.690	action	15031	0	0	0	0	0	0	0	0	200
1745932111.852	action	25518	0	0	0	0	0	0	0	0	200
1745932112.013	action	30709	0	0	0	0	0	0	0	0	200
1745932112.174	action	28095	0	0	0	0	0	0	0	0	200
1745932112.335	action	32024	0	0	0	0	0	0	0	0	200
1745932112.495	action	28396	0	0	0	0	0	0	0	0	200
1745932112.655	action	15140	0	0	0	0	0	0	0	0	200
1745932112.816	action	20498	0	0	0	0	0	0	0	0	200
1745932112.977	action	26092	0	0	0	0	0	0	0	0	200
1745932113.137	action	36691	0	0	0	0	0	0	0	0	200
1745932113.297	action	35495	0	0	0	0	0	0	0	0	200
1745932113.457	action	28015	0	0	0	0	0	0	0	0	200
1745932113.617	action	20370	0	0	0	0	0	0	0	0	200
1745932113.776	action	19153	0	0	0	0	0	0	0	0	200
1745932113.936	action	22622	0	0	0	0	0	0	0	0	200
1745932114.095	action	26196	0	0	0	0	0	0	0	0	200
1745932114.255	action	28267	0	0	0	0	0	0	0	0	200
1745932114.414	action	27259	0	0	0	0	0	0	0	0	200
1745932114.573	action	33176	0	0	0	0	0	0	0	0	200
1745932114.732	action	32620	0	0	0	0	0	0	0	0	200
1745932114.890	action	33040	0	0	0	0	0	0	0	0	200
1745932115.049	action	32423	0	0	0	0	0	0	0	0	200
1745932115.207	action	27974	0	0	0	0	0	0	0	0	200
1745932115.366	action	29261	0	0	0	0	0	0	0	0	200
1745932115.523	action	36664	0	0	0	0	0	0	0	0	200
1745932115.682	action	23557	0	0	0	0	0	0	0	0	200
1745932115.840	action	31810	0	0	0	0	0	0	0	0	200
1745932115.998	action	58023	0	0	0	0	0	0	0	0	200
1745932116.155	action	23329	0	0	0	0	0	0	0	0	200
1745932116.312	action	27179	0	0	0	0	0	0	0	0	200
1745932116.470	action	28541	0	0	0	0	0	0	0	0	200
1745932116.627	action	33148	0	0	0	0	0	0	0	0	200
1745932116.785	action	30040	0	0	0	0	0	0	0	0	200
1745932116.941	action	34349	0	0	0	0	0	0	0	0	200
1745932117.098	action	26816	0	0	0	0	0	0	0	0	200
1745932117.255	action	24967	0	0	0	0	0	0	0	0	200
1745932117.412	action	34150	0	0	0	0	0	0	0	0	200
1745932117.568	action	34281	0	0	0	0	0	0	0	0	200
1745932117.725	action	34867	0	0	0	0	0	0	0	0	200
1745932117.881	action	34084	0	0	0	0	0	0	0	0	200
1745932118.037	action	33588	0	0	0	0	0	0	0	0	200
1745932118.193	action	33292	0	0	0	0	0	0	0	0	200
1745932118.348	action	34903	0	0	0	0	0	0	0	0	200
1745932118.504	action	33733	0	0	0	0	0	0	0	0	200
1745932118.659	action	35291	0	0	0	0	0	0	0	0	200
1745932118.816	action	23768	0	0	0	0	0	0	0	0	200
1745932118.970	action	31345	0	0	0	0	0	0	0	0	200
1745932119.126	action	35326	0	0	0	0	0	0	0	0	200
1745932119.281	action	34941	0	0	0	0	0	0	0	0	200
1745932119.436	action	34211	0	0	0	0	0	0	0	0	200
1745932119.590	action	28390	0	0	0	0	0	0	0	0	200
1745932119.746	action	30199	0	0	0	0	0	0	0	0	200
1745932119.900	action	32622	0	0	0	0	0	0	0	0	200
1745932120.055	action	37421	0	0	0	0	0	0	0	0	200
1745932120.209	action	26153	0	0	0	0	0	0	0	0	200
1745932120.364	action	32867	0	0	0	0	0	0	0	0	200
1745932120.518	action	35164	0	0	0	0	0	0	0	0	200
1745932120.672	action	27733	0	0	0	0	0	0	0	0	200
1745932120.826	action	36096	0	0	0	0	0	0	0	0	200
1745932120.979	action	32992	0	0	0	0	0	0	0	0	200
1745932121.133	action	25956	0	0	0	0	0	0	0	0	200
1745932121.286	action	13872	0	0	0	0	0	0	0	0	200
1745932121.440	action	19267	0	0	0	0	0	0	0	0	200
1745932121.593	action	27548	0	0	0	0	0	0	0	0	200
1745932121.746	action	33360	0	0	0	0	0	0	0	0	200
1745932121.899	action	35712	0	0	0	0	0	0	0	0	200
1745932122.052	action	34204	0	0	0	0	0	0	0	0	200
1745932122.205	action	25319	0	0	0	0	0	0	0	0	200
1745932122.358	action	26372	0	0	0	0	0	0	0	0	200
1745932122.510	action	32481	0	0	0	0	0	0	0	0	200
1745932122.663	action	29815	0	0	0	0	0	0	0	0	200
1745932122.815	action	26645	0	0	0	0	0	0	0	0	200
1745932122.967	action	30490	0	0	0	0	0	0	0	0	200
1745932123.119	action	28786	0	0	0	0	0	0	0	0	200
1745932123.271	action	29298	0	0	0	0	0	0	0	0	200
1745932123.423	action	33936	0	0	0	0	0	0	0	0	200
1745932123.575	action	35340	0	0	0	0	0	0	0	0	200
1745932123.726	action	25104	0	0	0	0	0	0	0	0	200
1745932123.878	action	34156	0	0	0	0	0	0	0	0	200
1745932124.029	action	21995	0	0	0	0	0	0	0	0	200
1745932124.181	action	28398	0	0	0	0	0	0	0	0	200
1745932124.332	action	24575	0	0	0	0	0	0	0	0	200
1745932124.483	action	34956	0	0	0	0	0	0	0	0	200
1745932124.633	action	34331	0	0	0	0	0	0	0	0	200
1745932124.784	action	29936	0	0	0	0	0	0	0	0	200
1745932124.935	action	36932	0	0	0	0	0	0	0	0	200
1745932125.086	action	31580	0	0	0	0	0	0	0	0	200
1745932125.236	action	26774	0	0	0	0	0	0	0	0	200
1745932125.387	action	32992	0	0	0	0	0	0	0	0	200
1745932125.537	action	32247	0	0	0	0	0	0	0	0	200
1745932125.687	action	24604	0	0	0	0	0	0	0	0	200
1745932125.837	action	24561	0	0	0	0	0	0	0	0	200
1745932125.987	action	32355	0	0	0	0	0	0	0	0	200
1745932126.136	action	33883	0	0	0	0	0	0	0	0	200
1745932126.286	action	29902	0	0	0	0	0	0	0	0	200
1745932126.436	action	28508	0	0	0	0	0	0	0	0	200
1745932126.586	action	22919	0	0	0	0	0	0	0	0	200
1745932126.735	action	28039	0	0	0	0	0	0	0	0	200
1745932126.884	action	30291	0	0	0	0	0	0	0	0	200
1745932127.033	action	38394	0	0	0	0	0	0	0	0	200
1745932127.182	action	33354	0	0	0	0	0	0	0	0	200
1745932127.331	action	31723	0	0	0	0	0	0	0	0	200
1745932127.480	action	33362	0	0	0	0	0	0	0	0	200
1745932127.629	action	28764	0	0	0	0	0	0	0	0	200
1745932127.777	action	28155	0	0	0	0	0	0	0	0	200
1745932127.926	action	30108	0	0	0	0	0	0	0	0	200
1745932128.073	action	31840	0	0	0	0	0	0	0	0	200
1745932128.222	action	32672	0	0	0	0	0	0	0	0	200
1745932128.370	action	32166	0	0	0	0	0	0	0	0	200
1745932128.518	action	30096	0	0	0	0	0	0	0	0	200
1745932128.666	action	32406	0	0	0	0	0	0	0	0	200
1745932128.814	action	33640	0	0	0	0	0	0	0	0	200
1745932128.961	action	32849	0	0	0	0	0	0	0	0	200
1745932129.109	action	23642	0	0	0	0	0	0	0	0	200
1745932129.256	action	35474	0	0	0	0	0	0	0	0	200
1745932129.403	action	34655	0	0	0	0	0	0	0	0	200
1745932129.551	action	29692	0	0	0	0	0	0	0	0	200
1745932129.699	action	28722	0	0	0	0	0	0	0	0	200
1745932129.846	action	29344	0	0	0	0	0	0	0	0	200
1745932129.993	action	30526	0	0	0	0	0	0	0	0	200
1745932130.139	action	34495	0	0	0	0	0	0	0	0	200
1745932130.287	action	34016	0	0	0	0	0	0	0	0	200
1745932130.433	action	32428	0	0	0	0	0	0	0	0	200
1745932130.580	action	33259	0	0	0	0	0	0	0	0	200
1745932130.726	action	21629	0	0	0	0	0	0	0	0	200
1745932130.872	action	32683	0	0	0	0	0	0	0	0	200
1745932131.019	action	29946	0	0	0	0	0	0	0	0	200
1745932131.165	action	30740	0	0	0	0	0	0	0	0	200
1745932131.311	action	30331	0	0	0	0	0	0	0	0	200
1745932131.457	action	30135	0	0	0	0	0	0	0	0	200
1745932131.603	action	31450	0	0	0	0	0	0	0	0	200
1745932131.748	action	33484	0	0	0	0	0	0	0	0	200
1745932131.894	action	31902	0	0	0	0	0	0	0	0	200
1745932132.039	action	32883	0	0	0	0	0	0	0	0	200
1745932132.185	action	34804	0	0	0	0	0	0	0	0	200
1745932132.329	action	31736	0	0	0	0	0	0	0	0	200
1745932132.475	action	36046	0	0	0	0	0	0	0	0	200
1745932132.620	action	31383	0	0	0	0	0	0	0	0	200
1745932132.766	action	33883	0	0	0	0	0	0	0	0	200
1745932132.910	action	33918	0	0	0	0	0	0	0	0	200
1745932133.055	action	29351	0	0	0	0	0	0	0	0	200
1745932133.200	action	35656	0	0	0	0	0	0	0	0	200
1745932133.344	action	34491	0	0	0	0	0	0	0	0	200
1745932133.489	action	28943	0	0	0	0	0	0	0	0	200
1745932133.633	action	32055	0	0	0	0	0	0	0	0	200
1745932133.778	action	29930	0	0	0	0	0	0	0	0	200
1745932133.922	action	29496	0	0	0	0	0	0	0	0	200
1745932134.066	action	25933	0	0	0	0	0	0	0	0	200
1745932134.210	action	25961	0	0	0	0	0	0	0	0	200
1745932134.354	action	26985	0	0	0	0	0	0	0	0	200
1745932134.498	action	31231	0	0	0	0	0	0	0	0	200
1745932134.641	action	31978	0	0	0	0	0	0	0	0	200
1745932134.785	action	32959	0	0	0	0	0	0	0	0	200
1745932134.928	action	29558	0	0	0	0	0	0	0	0	200
1745932135.072	action	32886	0	0	0	0	0	0	0	0	200
1745932135.215	action	29049	0	0	0	0	0	0	0	0	200
1745932135.358	action	35221	0	0	0	0	0	0	0	0	200
1745932135.501	action	33587	0	0	0	0	0	0	0	0	200
1745932135.644	action	35414	0	0	0	0	0	0	0	0	200
